#
# A fatal error has been detected by the Java Runtime Environment:
#
#  EXCEPTION_ACCESS_VIOLATION (0xc0000005) at pc=0x00007ffc382ac49b, pid=20416, tid=9536
#
# JRE version: Java(TM) SE Runtime Environment (15.0.2+7) (build 15.0.2+7-27)
# Java VM: Java HotSpot(TM) 64-Bit Server VM (15.0.2+7-27, mixed mode, sharing, tiered, compressed oops, g1 gc, windows-amd64)
# Problematic frame:
# V  [jvm.dll+0x5dc49b]
#
# No core dump will be written. Minidumps are not enabled by default on client versions of Windows
#
# If you would like to submit a bug report, please visit:
#   https://bugreport.java.com/bugreport/crash.jsp
#

---------------  S U M M A R Y ------------

Command Line: -Dfile.encoding=UTF-8 -agentpath:C:/Program Files/NetBeans-12.2/netbeans/profiler/lib/deployed/jdk16/windows-amd64/profilerinterface.dll=C:\Program Files\NetBeans-12.2\netbeans\profiler\lib,5140,10 -XX:+HeapDumpOnOutOfMemoryError -XX:HeapDumpPath=C:\Users\61481\Desktop\2021-1\Assessments\Java\Skill Assessment ICTPRG527\TextEditor\nbproject\private\profiler texteditor.TextEditor

Host: 11th Gen Intel(R) Core(TM) i5-1135G7 @ 2.40GHz, 8 cores, 7G,  Windows 10 , 64 bit Build 19041 (10.0.19041.928)
Time: Thu May 20 11:44:07 2021 AUS Eastern Standard Time elapsed time: 2.055656 seconds (0d 0h 0m 2s)

---------------  T H R E A D  ---------------

Current thread (0x0000024759ee9160):  JavaThread "*** Profiler Agent Communication Thread" daemon [_thread_in_vm, id=9536, stack(0x000000a07dd00000,0x000000a07de00000)]

Stack: [0x000000a07dd00000,0x000000a07de00000],  sp=0x000000a07ddff030,  free space=1020k
Native frames: (J=compiled Java code, j=interpreted, Vv=VM code, C=native code)
V  [jvm.dll+0x5dc49b]
V  [jvm.dll+0x49bc6b]
C  [profilerinterface.dll+0x34da]

Java frames: (J=compiled Java code, j=interpreted, Vv=VM code)
j  org.netbeans.lib.profiler.server.system.Stacks.getMethodNamesForJMethodIds(I[I[I)[B+0
j  org.netbeans.lib.profiler.server.ProfilerInterface.getMethodNamesForJMethodIds([I)Lorg/netbeans/lib/profiler/wireprotocol/MethodNamesResponse;+20
j  org.netbeans.lib.profiler.server.ProfilerServer.handleClientCommand(Lorg/netbeans/lib/profiler/wireprotocol/Command;)V+691
j  org.netbeans.lib.profiler.server.ProfilerServer.listenToClient()V+48
j  org.netbeans.lib.profiler.server.ProfilerServer.run()V+22
v  ~StubRoutines::call_stub

siginfo: EXCEPTION_ACCESS_VIOLATION (0xc0000005), reading address 0x000000005a8f3ab8


Register to memory mapping:

RIP=0x00007ffc382ac49b jvm.dll
RAX=0x000000a07ddff001 is pointing into the stack for thread: 0x0000024759ee9160
RBX=0x0000024759ee9160 is a thread
RCX=0x000000005a8f3ab8 is an unknown value
RDX=0x0000024759ee9160 is a thread
RSP=0x000000a07ddff030 is pointing into the stack for thread: 0x0000024759ee9160
RBP=0x000000005a8f3ab8 is an unknown value
RSI=0x000000a07ddff150 is pointing into the stack for thread: 0x0000024759ee9160
RDI=0x00000247389b9a70 points into unknown readable memory: 0x00007ffc386db970 | 70 b9 6d 38 fc 7f 00 00
R8 =0x000000a07ddff150 is pointing into the stack for thread: 0x0000024759ee9160
R9 =0x0000000000000074 is an unknown value
R10=0x0 is NULL
R11=0x000000a07ddff028 is pointing into the stack for thread: 0x0000024759ee9160
R12=0x000002475a724340 points into unknown readable memory: 0x5a8f3ac85a8f3ab8 | b8 3a 8f 5a c8 3a 8f 5a
R13=0x0000000000000016 is an unknown value
R14=0x00007ffc76e29c68 profilerinterface.dll
R15=0x00007ffc76e29a60 profilerinterface.dll


Registers:
RAX=0x000000a07ddff001, RBX=0x0000024759ee9160, RCX=0x000000005a8f3ab8, RDX=0x0000024759ee9160
RSP=0x000000a07ddff030, RBP=0x000000005a8f3ab8, RSI=0x000000a07ddff150, RDI=0x00000247389b9a70
R8 =0x000000a07ddff150, R9 =0x0000000000000074, R10=0x0000000000000000, R11=0x000000a07ddff028
R12=0x000002475a724340, R13=0x0000000000000016, R14=0x00007ffc76e29c68, R15=0x00007ffc76e29a60
RIP=0x00007ffc382ac49b, EFLAGS=0x0000000000010206

Top of Stack: (sp=0x000000a07ddff030)
0x000000a07ddff030:   0000000000000016 000002475a724340
0x000000a07ddff040:   0000024759ee9160 000000a07ddff208
0x000000a07ddff050:   0000024759ee9160 00007ffc3816bc6b
0x000000a07ddff060:   0000000000000370 0000024759ee9160
0x000000a07ddff070:   0000024759ee9488 00007ffc7c199d40
0x000000a07ddff080:   0000024759ee9160 0000000000000000
0x000000a07ddff090:   0000024700000000 0000000000000000
0x000000a07ddff0a0:   000000005a8f3ab8 00007ffc76e234da
0x000000a07ddff0b0:   0000000000000000 0000024759ee9488
0x000000a07ddff0c0:   00000000000008c9 00000247597ef708
0x000000a07ddff0d0:   000002475a724340 00007ffc3801c687
0x000000a07ddff0e0:   000000000001bb5b 0000024742dbe213
0x000000a07ddff0f0:   0000024759ee9160 00000000000008c9
0x000000a07ddff100:   00000247597ef708 0000024759ee9160
0x000000a07ddff110:   0000024759ee9160 00000247597ef708
0x000000a07ddff120:   0000000000000000 0000024742d99c90 

Instructions: (pc=0x00007ffc382ac49b)
0x00007ffc382ac39b:   00 00 4d 85 f6 74 3c 49 8b 06 49 8b ce 48 89 7c
0x00007ffc382ac3ab:   24 38 ff 50 30 49 8b 16 49 8b ce 48 63 d8 ff 52
0x00007ffc382ac3bb:   08 48 8b cd 0f b6 f8 e8 b9 ce be ff 48 8b c8 44
0x00007ffc382ac3cb:   0f b6 cf 4c 8b c3 49 8b d6 e8 57 44 ff ff 48 8b
0x00007ffc382ac3db:   7c 24 38 48 8b 6c 24 58 80 3d 79 6c 4a 00 00 74
0x00007ffc382ac3eb:   18 48 8b 4c 24 20 48 8b d6 e8 a7 26 00 00 48 83
0x00007ffc382ac3fb:   7e 08 00 74 04 33 db eb 09 48 8b 44 24 20 48 8b
0x00007ffc382ac40b:   58 18 48 8d 4c 24 20 e8 99 80 d3 ff 4c 8b 74 24
0x00007ffc382ac41b:   30 48 8b c3 48 8b 5c 24 50 48 83 c4 40 5e c3 cc
0x00007ffc382ac42b:   cc cc cc cc cc 48 8b 51 08 4c 8b c1 48 8b 42 08
0x00007ffc382ac43b:   0f b6 52 24 c0 ea 06 48 8b 48 18 8b 81 a4 00 00
0x00007ffc382ac44b:   00 f6 c2 01 75 27 48 85 c9 74 14 8b c8 c1 e9 09
0x00007ffc382ac45b:   f6 c1 01 74 0a 41 f7 40 20 02 04 00 00 74 0e 41
0x00007ffc382ac46b:   8b 48 20 0b c8 f6 c1 10 74 03 b0 01 c3 41 83 78
0x00007ffc382ac47b:   24 fe 0f 94 c0 c3 cc cc cc cc cc cc cc cc cc cc
0x00007ffc382ac48b:   cc cc cc cc cc 40 53 48 83 ec 20 48 85 c9 74 24
0x00007ffc382ac49b:   48 8b 19 48 85 db 74 1c 48 83 fb 37 74 16 48 8b
0x00007ffc382ac4ab:   13 48 8b cb ff 52 10 84 c0 74 09 48 8b c3 48 83
0x00007ffc382ac4bb:   c4 20 5b c3 33 c0 48 83 c4 20 5b c3 cc cc cc cc
0x00007ffc382ac4cb:   cc cc cc cc cc 40 53 55 41 56 41 57 48 83 ec 28
0x00007ffc382ac4db:   48 8b 41 08 33 ed 4c 8b f1 48 8b 50 08 4c 8b 7a
0x00007ffc382ac4eb:   18 49 8b 9f 70 01 00 00 48 85 db 0f 84 e5 00 00
0x00007ffc382ac4fb:   00 8b 15 ca 39 4f 00 65 48 8b 04 25 58 00 00 00
0x00007ffc382ac50b:   48 89 74 24 50 4c 89 64 24 60 4c 89 6c 24 20 41
0x00007ffc382ac51b:   bd ff ff 00 00 4c 8d 24 d0 41 b8 40 00 00 00 48
0x00007ffc382ac52b:   89 7c 24 58 90 49 8b 56 08 48 8b 73 10 0f b7 42
0x00007ffc382ac53b:   2a 66 39 43 08 75 7c 0f b7 42 2c 66 39 43 0a 75
0x00007ffc382ac54b:   72 0f b6 03 48 63 4b 04 49 8b 3c 24 88 44 11 38
0x00007ffc382ac55b:   41 8b c0 80 3c 38 00 75 05 e8 a3 c5 1f 00 b8 08
0x00007ffc382ac56b:   00 00 00 49 8b ce 48 8b 3c 38 48 8b d7 e8 53 2a
0x00007ffc382ac57b:   bc ff 48 83 7f 08 00 75 0a 48 85 c0 74 05 66 44
0x00007ffc382ac58b:   01 68 16 48 85 ed 74 14 48 8b cb 48 89 75 10 e8 


Stack slot to memory mapping:
stack at sp + 0 slots: 0x0000000000000016 is an unknown value
stack at sp + 1 slots: 0x000002475a724340 points into unknown readable memory: 0x5a8f3ac85a8f3ab8 | b8 3a 8f 5a c8 3a 8f 5a
stack at sp + 2 slots: 0x0000024759ee9160 is a thread
stack at sp + 3 slots: 0x000000a07ddff208 is pointing into the stack for thread: 0x0000024759ee9160
stack at sp + 4 slots: 0x0000024759ee9160 is a thread
stack at sp + 5 slots: 0x00007ffc3816bc6b jvm.dll
stack at sp + 6 slots: 0x0000000000000370 is an unknown value
stack at sp + 7 slots: 0x0000024759ee9160 is a thread


---------------  P R O C E S S  ---------------

Threads class SMR info:
_java_thread_list=0x000002475a111f20, length=16, elements={
0x000002475940adb0, 0x000002475940b790, 0x00000247594335c0, 0x0000024759423b60,
0x0000024759424420, 0x0000024759426020, 0x00000247594269d0, 0x0000024759435c80,
0x0000024759e84840, 0x0000024759ee9160, 0x0000024759f62010, 0x0000024759f624e0,
0x000002475a8f27b0, 0x000002475a8f75f0, 0x000002473ab51ea0, 0x000002475a8f95d0
}

Java Threads: ( => current thread )
  0x000002475940adb0 JavaThread "Reference Handler" daemon [_thread_blocked, id=4888, stack(0x000000a07d400000,0x000000a07d500000)]
  0x000002475940b790 JavaThread "Finalizer" daemon [_thread_blocked, id=11700, stack(0x000000a07d500000,0x000000a07d600000)]
  0x00000247594335c0 JavaThread "Signal Dispatcher" daemon [_thread_blocked, id=16568, stack(0x000000a07d600000,0x000000a07d700000)]
  0x0000024759423b60 JavaThread "Attach Listener" daemon [_thread_blocked, id=8016, stack(0x000000a07d700000,0x000000a07d800000)]
  0x0000024759424420 JavaThread "Service Thread" daemon [_thread_blocked, id=17328, stack(0x000000a07d800000,0x000000a07d900000)]
  0x0000024759426020 JavaThread "C2 CompilerThread0" daemon [_thread_blocked, id=16472, stack(0x000000a07d900000,0x000000a07da00000)]
  0x00000247594269d0 JavaThread "C1 CompilerThread0" daemon [_thread_blocked, id=868, stack(0x000000a07da00000,0x000000a07db00000)]
  0x0000024759435c80 JavaThread "Sweeper thread" daemon [_thread_blocked, id=10260, stack(0x000000a07db00000,0x000000a07dc00000)]
  0x0000024759e84840 JavaThread "Common-Cleaner" daemon [_thread_blocked, id=13684, stack(0x000000a07dc00000,0x000000a07dd00000)]
=>0x0000024759ee9160 JavaThread "*** Profiler Agent Communication Thread" daemon [_thread_in_vm, id=9536, stack(0x000000a07dd00000,0x000000a07de00000)]
  0x0000024759f62010 JavaThread "*** JFluid Monitor thread ***" daemon [_thread_blocked, id=8364, stack(0x000000a07de00000,0x000000a07df00000)]
  0x0000024759f624e0 JavaThread "*** Profiler Agent Special Execution Thread 6" daemon [_thread_blocked, id=1632, stack(0x000000a07df00000,0x000000a07e000000)]
  0x000002475a8f27b0 JavaThread "*** Profiler Agent Special Execution Thread 10" daemon [_thread_blocked, id=2988, stack(0x000000a07e100000,0x000000a07e200000)]
  0x000002475a8f75f0 JavaThread "Notification Thread" daemon [_thread_blocked, id=7080, stack(0x000000a07e000000,0x000000a07e100000)]
  0x000002473ab51ea0 JavaThread "DestroyJavaVM" [_thread_blocked, id=15892, stack(0x000000a07cd00000,0x000000a07ce00000)]
  0x000002475a8f95d0 JavaThread "*** Profiler Agent Special Execution Thread 7" [_thread_blocked, id=12248, stack(0x000000a07e400000,0x000000a07e500000)]

Other Threads:
  0x00000247594046a0 VMThread "VM Thread" [stack: 0x000000a07d300000,0x000000a07d400000] [id=13600] _threads_hazard_ptr=0x000002475a111f20
  0x000002473ab52ee0 WatcherThread [stack: 0x000000a07e200000,0x000000a07e300000] [id=19372]
  0x000002473ab914a0 GCTaskThread "GC Thread#0" [stack: 0x000000a07ce00000,0x000000a07cf00000] [id=12748]
  0x000002473aba2c90 ConcurrentGCThread "G1 Main Marker" [stack: 0x000000a07cf00000,0x000000a07d000000] [id=2996]
  0x000002473aba3810 ConcurrentGCThread "G1 Conc#0" [stack: 0x000000a07d000000,0x000000a07d100000] [id=10444]
  0x000002473ac21360 ConcurrentGCThread "G1 Refine#0" [stack: 0x000000a07d100000,0x000000a07d200000] [id=84]
  0x000002473ac22da0 ConcurrentGCThread "G1 Young RemSet Sampling" [stack: 0x000000a07d200000,0x000000a07d300000] [id=2924]

Threads with active compile tasks:

VM state: synchronizing (normal execution)

VM Mutex/Monitor currently owned by a thread:  ([mutex/lock_event])
[0x000002473ab4d770] Threads_lock - owner thread: 0x00000247594046a0

Heap address: 0x0000000085000000, size: 1968 MB, Compressed Oops mode: 32-bit
CDS archive(s) mapped at: [0x0000000800000000-0x0000000800b50000-0x0000000800b50000), size 11862016, SharedBaseAddress: 0x0000000800000000, ArchiveRelocationMode: 0.
Compressed class space mapped at: 0x0000000800b50000-0x0000000840b50000, size: 1073741824
Narrow klass base: 0x0000000800000000, Narrow klass shift: 3, Narrow klass range: 0x100000000

GC Precious Log:
 CPUs: 8 total, 8 available
 Memory: 7871M
 Large Page Support: Disabled
 NUMA Support: Disabled
 Compressed Oops: Enabled (32-bit)
 Heap Region Size: 1M
 Heap Min Capacity: 8M
 Heap Initial Capacity: 124M
 Heap Max Capacity: 1968M
 Pre-touch: Disabled
 Parallel Workers: 8
 Concurrent Workers: 2
 Concurrent Refinement Workers: 8
 Periodic GC: Disabled

Heap:
 garbage-first heap   total 126976K, used 10240K [0x0000000085000000, 0x0000000100000000)
  region size 1024K, 9 young (9216K), 0 survivors (0K)
 Metaspace       used 4884K, capacity 4978K, committed 5248K, reserved 1056768K
  class space    used 521K, capacity 568K, committed 640K, reserved 1048576K

Heap Regions: E=young(eden), S=young(survivor), O=old, HS=humongous(starts), HC=humongous(continues), CS=collection set, F=free, OA=open archive, CA=closed archive, TAMS=top-at-mark-start (previous, next)
|   0|0x0000000085000000, 0x0000000085100000, 0x0000000085100000|100%|HS|  |TAMS 0x0000000085000000, 0x0000000085000000| Complete 
|   1|0x0000000085100000, 0x0000000085200000, 0x0000000085200000|100%|HC|  |TAMS 0x0000000085100000, 0x0000000085100000| Complete 
|   2|0x0000000085200000, 0x0000000085200000, 0x0000000085300000|  0%| F|  |TAMS 0x0000000085200000, 0x0000000085200000| Untracked 
|   3|0x0000000085300000, 0x0000000085300000, 0x0000000085400000|  0%| F|  |TAMS 0x0000000085300000, 0x0000000085300000| Untracked 
|   4|0x0000000085400000, 0x0000000085400000, 0x0000000085500000|  0%| F|  |TAMS 0x0000000085400000, 0x0000000085400000| Untracked 
|   5|0x0000000085500000, 0x0000000085500000, 0x0000000085600000|  0%| F|  |TAMS 0x0000000085500000, 0x0000000085500000| Untracked 
|   6|0x0000000085600000, 0x0000000085600000, 0x0000000085700000|  0%| F|  |TAMS 0x0000000085600000, 0x0000000085600000| Untracked 
|   7|0x0000000085700000, 0x0000000085700000, 0x0000000085800000|  0%| F|  |TAMS 0x0000000085700000, 0x0000000085700000| Untracked 
|   8|0x0000000085800000, 0x0000000085800000, 0x0000000085900000|  0%| F|  |TAMS 0x0000000085800000, 0x0000000085800000| Untracked 
|   9|0x0000000085900000, 0x0000000085900000, 0x0000000085a00000|  0%| F|  |TAMS 0x0000000085900000, 0x0000000085900000| Untracked 
|  10|0x0000000085a00000, 0x0000000085a00000, 0x0000000085b00000|  0%| F|  |TAMS 0x0000000085a00000, 0x0000000085a00000| Untracked 
|  11|0x0000000085b00000, 0x0000000085b00000, 0x0000000085c00000|  0%| F|  |TAMS 0x0000000085b00000, 0x0000000085b00000| Untracked 
|  12|0x0000000085c00000, 0x0000000085c00000, 0x0000000085d00000|  0%| F|  |TAMS 0x0000000085c00000, 0x0000000085c00000| Untracked 
|  13|0x0000000085d00000, 0x0000000085d00000, 0x0000000085e00000|  0%| F|  |TAMS 0x0000000085d00000, 0x0000000085d00000| Untracked 
|  14|0x0000000085e00000, 0x0000000085e00000, 0x0000000085f00000|  0%| F|  |TAMS 0x0000000085e00000, 0x0000000085e00000| Untracked 
|  15|0x0000000085f00000, 0x0000000085f00000, 0x0000000086000000|  0%| F|  |TAMS 0x0000000085f00000, 0x0000000085f00000| Untracked 
|  16|0x0000000086000000, 0x0000000086000000, 0x0000000086100000|  0%| F|  |TAMS 0x0000000086000000, 0x0000000086000000| Untracked 
|  17|0x0000000086100000, 0x0000000086100000, 0x0000000086200000|  0%| F|  |TAMS 0x0000000086100000, 0x0000000086100000| Untracked 
|  18|0x0000000086200000, 0x0000000086200000, 0x0000000086300000|  0%| F|  |TAMS 0x0000000086200000, 0x0000000086200000| Untracked 
|  19|0x0000000086300000, 0x0000000086300000, 0x0000000086400000|  0%| F|  |TAMS 0x0000000086300000, 0x0000000086300000| Untracked 
|  20|0x0000000086400000, 0x0000000086400000, 0x0000000086500000|  0%| F|  |TAMS 0x0000000086400000, 0x0000000086400000| Untracked 
|  21|0x0000000086500000, 0x0000000086500000, 0x0000000086600000|  0%| F|  |TAMS 0x0000000086500000, 0x0000000086500000| Untracked 
|  22|0x0000000086600000, 0x0000000086600000, 0x0000000086700000|  0%| F|  |TAMS 0x0000000086600000, 0x0000000086600000| Untracked 
|  23|0x0000000086700000, 0x0000000086700000, 0x0000000086800000|  0%| F|  |TAMS 0x0000000086700000, 0x0000000086700000| Untracked 
|  24|0x0000000086800000, 0x0000000086800000, 0x0000000086900000|  0%| F|  |TAMS 0x0000000086800000, 0x0000000086800000| Untracked 
|  25|0x0000000086900000, 0x0000000086900000, 0x0000000086a00000|  0%| F|  |TAMS 0x0000000086900000, 0x0000000086900000| Untracked 
|  26|0x0000000086a00000, 0x0000000086a00000, 0x0000000086b00000|  0%| F|  |TAMS 0x0000000086a00000, 0x0000000086a00000| Untracked 
|  27|0x0000000086b00000, 0x0000000086b00000, 0x0000000086c00000|  0%| F|  |TAMS 0x0000000086b00000, 0x0000000086b00000| Untracked 
|  28|0x0000000086c00000, 0x0000000086c00000, 0x0000000086d00000|  0%| F|  |TAMS 0x0000000086c00000, 0x0000000086c00000| Untracked 
|  29|0x0000000086d00000, 0x0000000086d00000, 0x0000000086e00000|  0%| F|  |TAMS 0x0000000086d00000, 0x0000000086d00000| Untracked 
|  30|0x0000000086e00000, 0x0000000086e00000, 0x0000000086f00000|  0%| F|  |TAMS 0x0000000086e00000, 0x0000000086e00000| Untracked 
|  31|0x0000000086f00000, 0x0000000086f00000, 0x0000000087000000|  0%| F|  |TAMS 0x0000000086f00000, 0x0000000086f00000| Untracked 
|  32|0x0000000087000000, 0x0000000087000000, 0x0000000087100000|  0%| F|  |TAMS 0x0000000087000000, 0x0000000087000000| Untracked 
|  33|0x0000000087100000, 0x0000000087100000, 0x0000000087200000|  0%| F|  |TAMS 0x0000000087100000, 0x0000000087100000| Untracked 
|  34|0x0000000087200000, 0x0000000087200000, 0x0000000087300000|  0%| F|  |TAMS 0x0000000087200000, 0x0000000087200000| Untracked 
|  35|0x0000000087300000, 0x0000000087300000, 0x0000000087400000|  0%| F|  |TAMS 0x0000000087300000, 0x0000000087300000| Untracked 
|  36|0x0000000087400000, 0x0000000087400000, 0x0000000087500000|  0%| F|  |TAMS 0x0000000087400000, 0x0000000087400000| Untracked 
|  37|0x0000000087500000, 0x0000000087500000, 0x0000000087600000|  0%| F|  |TAMS 0x0000000087500000, 0x0000000087500000| Untracked 
|  38|0x0000000087600000, 0x0000000087600000, 0x0000000087700000|  0%| F|  |TAMS 0x0000000087600000, 0x0000000087600000| Untracked 
|  39|0x0000000087700000, 0x0000000087700000, 0x0000000087800000|  0%| F|  |TAMS 0x0000000087700000, 0x0000000087700000| Untracked 
|  40|0x0000000087800000, 0x0000000087800000, 0x0000000087900000|  0%| F|  |TAMS 0x0000000087800000, 0x0000000087800000| Untracked 
|  41|0x0000000087900000, 0x0000000087900000, 0x0000000087a00000|  0%| F|  |TAMS 0x0000000087900000, 0x0000000087900000| Untracked 
|  42|0x0000000087a00000, 0x0000000087a00000, 0x0000000087b00000|  0%| F|  |TAMS 0x0000000087a00000, 0x0000000087a00000| Untracked 
|  43|0x0000000087b00000, 0x0000000087b00000, 0x0000000087c00000|  0%| F|  |TAMS 0x0000000087b00000, 0x0000000087b00000| Untracked 
|  44|0x0000000087c00000, 0x0000000087c00000, 0x0000000087d00000|  0%| F|  |TAMS 0x0000000087c00000, 0x0000000087c00000| Untracked 
|  45|0x0000000087d00000, 0x0000000087d00000, 0x0000000087e00000|  0%| F|  |TAMS 0x0000000087d00000, 0x0000000087d00000| Untracked 
|  46|0x0000000087e00000, 0x0000000087e00000, 0x0000000087f00000|  0%| F|  |TAMS 0x0000000087e00000, 0x0000000087e00000| Untracked 
|  47|0x0000000087f00000, 0x0000000087f00000, 0x0000000088000000|  0%| F|  |TAMS 0x0000000087f00000, 0x0000000087f00000| Untracked 
|  48|0x0000000088000000, 0x0000000088000000, 0x0000000088100000|  0%| F|  |TAMS 0x0000000088000000, 0x0000000088000000| Untracked 
|  49|0x0000000088100000, 0x0000000088100000, 0x0000000088200000|  0%| F|  |TAMS 0x0000000088100000, 0x0000000088100000| Untracked 
|  50|0x0000000088200000, 0x0000000088200000, 0x0000000088300000|  0%| F|  |TAMS 0x0000000088200000, 0x0000000088200000| Untracked 
|  51|0x0000000088300000, 0x0000000088300000, 0x0000000088400000|  0%| F|  |TAMS 0x0000000088300000, 0x0000000088300000| Untracked 
|  52|0x0000000088400000, 0x0000000088400000, 0x0000000088500000|  0%| F|  |TAMS 0x0000000088400000, 0x0000000088400000| Untracked 
|  53|0x0000000088500000, 0x0000000088500000, 0x0000000088600000|  0%| F|  |TAMS 0x0000000088500000, 0x0000000088500000| Untracked 
|  54|0x0000000088600000, 0x0000000088600000, 0x0000000088700000|  0%| F|  |TAMS 0x0000000088600000, 0x0000000088600000| Untracked 
|  55|0x0000000088700000, 0x0000000088700000, 0x0000000088800000|  0%| F|  |TAMS 0x0000000088700000, 0x0000000088700000| Untracked 
|  56|0x0000000088800000, 0x0000000088800000, 0x0000000088900000|  0%| F|  |TAMS 0x0000000088800000, 0x0000000088800000| Untracked 
|  57|0x0000000088900000, 0x0000000088900000, 0x0000000088a00000|  0%| F|  |TAMS 0x0000000088900000, 0x0000000088900000| Untracked 
|  58|0x0000000088a00000, 0x0000000088a00000, 0x0000000088b00000|  0%| F|  |TAMS 0x0000000088a00000, 0x0000000088a00000| Untracked 
|  59|0x0000000088b00000, 0x0000000088b00000, 0x0000000088c00000|  0%| F|  |TAMS 0x0000000088b00000, 0x0000000088b00000| Untracked 
|  60|0x0000000088c00000, 0x0000000088c00000, 0x0000000088d00000|  0%| F|  |TAMS 0x0000000088c00000, 0x0000000088c00000| Untracked 
|  61|0x0000000088d00000, 0x0000000088d00000, 0x0000000088e00000|  0%| F|  |TAMS 0x0000000088d00000, 0x0000000088d00000| Untracked 
|  62|0x0000000088e00000, 0x0000000088e00000, 0x0000000088f00000|  0%| F|  |TAMS 0x0000000088e00000, 0x0000000088e00000| Untracked 
|  63|0x0000000088f00000, 0x0000000088f00000, 0x0000000089000000|  0%| F|  |TAMS 0x0000000088f00000, 0x0000000088f00000| Untracked 
|  64|0x0000000089000000, 0x0000000089000000, 0x0000000089100000|  0%| F|  |TAMS 0x0000000089000000, 0x0000000089000000| Untracked 
|  65|0x0000000089100000, 0x0000000089100000, 0x0000000089200000|  0%| F|  |TAMS 0x0000000089100000, 0x0000000089100000| Untracked 
|  66|0x0000000089200000, 0x0000000089200000, 0x0000000089300000|  0%| F|  |TAMS 0x0000000089200000, 0x0000000089200000| Untracked 
|  67|0x0000000089300000, 0x0000000089300000, 0x0000000089400000|  0%| F|  |TAMS 0x0000000089300000, 0x0000000089300000| Untracked 
|  68|0x0000000089400000, 0x0000000089400000, 0x0000000089500000|  0%| F|  |TAMS 0x0000000089400000, 0x0000000089400000| Untracked 
|  69|0x0000000089500000, 0x0000000089500000, 0x0000000089600000|  0%| F|  |TAMS 0x0000000089500000, 0x0000000089500000| Untracked 
|  70|0x0000000089600000, 0x0000000089600000, 0x0000000089700000|  0%| F|  |TAMS 0x0000000089600000, 0x0000000089600000| Untracked 
|  71|0x0000000089700000, 0x0000000089700000, 0x0000000089800000|  0%| F|  |TAMS 0x0000000089700000, 0x0000000089700000| Untracked 
|  72|0x0000000089800000, 0x0000000089800000, 0x0000000089900000|  0%| F|  |TAMS 0x0000000089800000, 0x0000000089800000| Untracked 
|  73|0x0000000089900000, 0x0000000089900000, 0x0000000089a00000|  0%| F|  |TAMS 0x0000000089900000, 0x0000000089900000| Untracked 
|  74|0x0000000089a00000, 0x0000000089a00000, 0x0000000089b00000|  0%| F|  |TAMS 0x0000000089a00000, 0x0000000089a00000| Untracked 
|  75|0x0000000089b00000, 0x0000000089b00000, 0x0000000089c00000|  0%| F|  |TAMS 0x0000000089b00000, 0x0000000089b00000| Untracked 
|  76|0x0000000089c00000, 0x0000000089c00000, 0x0000000089d00000|  0%| F|  |TAMS 0x0000000089c00000, 0x0000000089c00000| Untracked 
|  77|0x0000000089d00000, 0x0000000089d00000, 0x0000000089e00000|  0%| F|  |TAMS 0x0000000089d00000, 0x0000000089d00000| Untracked 
|  78|0x0000000089e00000, 0x0000000089e00000, 0x0000000089f00000|  0%| F|  |TAMS 0x0000000089e00000, 0x0000000089e00000| Untracked 
|  79|0x0000000089f00000, 0x0000000089f00000, 0x000000008a000000|  0%| F|  |TAMS 0x0000000089f00000, 0x0000000089f00000| Untracked 
|  80|0x000000008a000000, 0x000000008a000000, 0x000000008a100000|  0%| F|  |TAMS 0x000000008a000000, 0x000000008a000000| Untracked 
|  81|0x000000008a100000, 0x000000008a100000, 0x000000008a200000|  0%| F|  |TAMS 0x000000008a100000, 0x000000008a100000| Untracked 
|  82|0x000000008a200000, 0x000000008a200000, 0x000000008a300000|  0%| F|  |TAMS 0x000000008a200000, 0x000000008a200000| Untracked 
|  83|0x000000008a300000, 0x000000008a300000, 0x000000008a400000|  0%| F|  |TAMS 0x000000008a300000, 0x000000008a300000| Untracked 
|  84|0x000000008a400000, 0x000000008a400000, 0x000000008a500000|  0%| F|  |TAMS 0x000000008a400000, 0x000000008a400000| Untracked 
|  85|0x000000008a500000, 0x000000008a500000, 0x000000008a600000|  0%| F|  |TAMS 0x000000008a500000, 0x000000008a500000| Untracked 
|  86|0x000000008a600000, 0x000000008a600000, 0x000000008a700000|  0%| F|  |TAMS 0x000000008a600000, 0x000000008a600000| Untracked 
|  87|0x000000008a700000, 0x000000008a700000, 0x000000008a800000|  0%| F|  |TAMS 0x000000008a700000, 0x000000008a700000| Untracked 
|  88|0x000000008a800000, 0x000000008a800000, 0x000000008a900000|  0%| F|  |TAMS 0x000000008a800000, 0x000000008a800000| Untracked 
|  89|0x000000008a900000, 0x000000008a900000, 0x000000008aa00000|  0%| F|  |TAMS 0x000000008a900000, 0x000000008a900000| Untracked 
|  90|0x000000008aa00000, 0x000000008aa00000, 0x000000008ab00000|  0%| F|  |TAMS 0x000000008aa00000, 0x000000008aa00000| Untracked 
|  91|0x000000008ab00000, 0x000000008ab00000, 0x000000008ac00000|  0%| F|  |TAMS 0x000000008ab00000, 0x000000008ab00000| Untracked 
|  92|0x000000008ac00000, 0x000000008ac00000, 0x000000008ad00000|  0%| F|  |TAMS 0x000000008ac00000, 0x000000008ac00000| Untracked 
|  93|0x000000008ad00000, 0x000000008ad00000, 0x000000008ae00000|  0%| F|  |TAMS 0x000000008ad00000, 0x000000008ad00000| Untracked 
|  94|0x000000008ae00000, 0x000000008ae00000, 0x000000008af00000|  0%| F|  |TAMS 0x000000008ae00000, 0x000000008ae00000| Untracked 
|  95|0x000000008af00000, 0x000000008af00000, 0x000000008b000000|  0%| F|  |TAMS 0x000000008af00000, 0x000000008af00000| Untracked 
|  96|0x000000008b000000, 0x000000008b000000, 0x000000008b100000|  0%| F|  |TAMS 0x000000008b000000, 0x000000008b000000| Untracked 
|  97|0x000000008b100000, 0x000000008b100000, 0x000000008b200000|  0%| F|  |TAMS 0x000000008b100000, 0x000000008b100000| Untracked 
|  98|0x000000008b200000, 0x000000008b200000, 0x000000008b300000|  0%| F|  |TAMS 0x000000008b200000, 0x000000008b200000| Untracked 
|  99|0x000000008b300000, 0x000000008b300000, 0x000000008b400000|  0%| F|  |TAMS 0x000000008b300000, 0x000000008b300000| Untracked 
| 100|0x000000008b400000, 0x000000008b400000, 0x000000008b500000|  0%| F|  |TAMS 0x000000008b400000, 0x000000008b400000| Untracked 
| 101|0x000000008b500000, 0x000000008b500000, 0x000000008b600000|  0%| F|  |TAMS 0x000000008b500000, 0x000000008b500000| Untracked 
| 102|0x000000008b600000, 0x000000008b600000, 0x000000008b700000|  0%| F|  |TAMS 0x000000008b600000, 0x000000008b600000| Untracked 
| 103|0x000000008b700000, 0x000000008b700000, 0x000000008b800000|  0%| F|  |TAMS 0x000000008b700000, 0x000000008b700000| Untracked 
| 104|0x000000008b800000, 0x000000008b800000, 0x000000008b900000|  0%| F|  |TAMS 0x000000008b800000, 0x000000008b800000| Untracked 
| 105|0x000000008b900000, 0x000000008b900000, 0x000000008ba00000|  0%| F|  |TAMS 0x000000008b900000, 0x000000008b900000| Untracked 
| 106|0x000000008ba00000, 0x000000008ba00000, 0x000000008bb00000|  0%| F|  |TAMS 0x000000008ba00000, 0x000000008ba00000| Untracked 
| 107|0x000000008bb00000, 0x000000008bb00000, 0x000000008bc00000|  0%| F|  |TAMS 0x000000008bb00000, 0x000000008bb00000| Untracked 
| 108|0x000000008bc00000, 0x000000008bc00000, 0x000000008bd00000|  0%| F|  |TAMS 0x000000008bc00000, 0x000000008bc00000| Untracked 
| 109|0x000000008bd00000, 0x000000008bd00000, 0x000000008be00000|  0%| F|  |TAMS 0x000000008bd00000, 0x000000008bd00000| Untracked 
| 110|0x000000008be00000, 0x000000008be00000, 0x000000008bf00000|  0%| F|  |TAMS 0x000000008be00000, 0x000000008be00000| Untracked 
| 111|0x000000008bf00000, 0x000000008bf00000, 0x000000008c000000|  0%| F|  |TAMS 0x000000008bf00000, 0x000000008bf00000| Untracked 
| 112|0x000000008c000000, 0x000000008c000000, 0x000000008c100000|  0%| F|  |TAMS 0x000000008c000000, 0x000000008c000000| Untracked 
| 113|0x000000008c100000, 0x000000008c100000, 0x000000008c200000|  0%| F|  |TAMS 0x000000008c100000, 0x000000008c100000| Untracked 
| 114|0x000000008c200000, 0x000000008c200000, 0x000000008c300000|  0%| F|  |TAMS 0x000000008c200000, 0x000000008c200000| Untracked 
| 115|0x000000008c300000, 0x000000008c376438, 0x000000008c400000| 46%| E|  |TAMS 0x000000008c300000, 0x000000008c300000| Complete 
| 116|0x000000008c400000, 0x000000008c500000, 0x000000008c500000|100%| E|CS|TAMS 0x000000008c400000, 0x000000008c400000| Complete 
| 117|0x000000008c500000, 0x000000008c600000, 0x000000008c600000|100%| E|CS|TAMS 0x000000008c500000, 0x000000008c500000| Complete 
| 118|0x000000008c600000, 0x000000008c700000, 0x000000008c700000|100%| E|CS|TAMS 0x000000008c600000, 0x000000008c600000| Complete 
| 119|0x000000008c700000, 0x000000008c800000, 0x000000008c800000|100%| E|CS|TAMS 0x000000008c700000, 0x000000008c700000| Complete 
| 120|0x000000008c800000, 0x000000008c900000, 0x000000008c900000|100%| E|CS|TAMS 0x000000008c800000, 0x000000008c800000| Complete 
| 121|0x000000008c900000, 0x000000008ca00000, 0x000000008ca00000|100%| E|CS|TAMS 0x000000008c900000, 0x000000008c900000| Complete 
| 122|0x000000008ca00000, 0x000000008cb00000, 0x000000008cb00000|100%| E|CS|TAMS 0x000000008ca00000, 0x000000008ca00000| Complete 
| 123|0x000000008cb00000, 0x000000008cc00000, 0x000000008cc00000|100%| E|CS|TAMS 0x000000008cb00000, 0x000000008cb00000| Complete 

Card table byte_map: [0x00000247524a0000,0x0000024752880000] _byte_map_base: 0x0000024752078000

Marking Bits (Prev, Next): (CMBitMap*) 0x000002473ab92c30, (CMBitMap*) 0x000002473ab92c70
 Prev Bits: [0x0000024752c60000, 0x0000024754b20000)
 Next Bits: [0x0000024754b20000, 0x00000247569e0000)

Polling page: 0x0000024738b60000

Metaspace:

Usage:
  Non-class:      4.31 MB capacity,     4.26 MB ( 99%) used,    40.50 KB ( <1%) free+waste,     6.19 KB ( <1%) overhead. 
      Class:    568.00 KB capacity,   521.30 KB ( 92%) used,    43.32 KB (  8%) free+waste,     3.38 KB ( <1%) overhead. 
       Both:      4.86 MB capacity,     4.77 MB ( 98%) used,    83.82 KB (  2%) free+waste,     9.56 KB ( <1%) overhead. 

Virtual space:
  Non-class space:        8.00 MB reserved,       4.50 MB ( 56%) committed 
      Class space:        1.00 GB reserved,     640.00 KB ( <1%) committed 
             Both:        1.01 GB reserved,       5.12 MB ( <1%) committed 

Chunk freelists:
   Non-Class:  6.00 KB
       Class:  8.00 KB
        Both:  14.00 KB

MaxMetaspaceSize: 17179869184.00 GB
CompressedClassSpaceSize: 1.00 GB

CodeHeap 'non-profiled nmethods': size=120000Kb used=202Kb max_used=202Kb free=119797Kb
 bounds [0x000002474a860000, 0x000002474aad0000, 0x0000024751d90000]
CodeHeap 'profiled nmethods': size=120000Kb used=1043Kb max_used=1043Kb free=118956Kb
 bounds [0x0000024743330000, 0x00000247435a0000, 0x000002474a860000]
CodeHeap 'non-nmethods': size=5760Kb used=1198Kb max_used=1210Kb free=4561Kb
 bounds [0x0000024742d90000, 0x0000024743000000, 0x0000024743330000]
 total_blobs=1161 nmethods=709 adapters=365
 compilation: enabled
              stopped_count=0, restarted_count=0
 full_count=0

Compilation events (20 events):
Event: 1.203 Thread 0x00000247594269d0  700       1       java.nio.Buffer::capacity (5 bytes)
Event: 1.203 Thread 0x00000247594269d0 nmethod 700 0x000002474a892410 code [0x000002474a8925a0, 0x000002474a892658]
Event: 1.219 Thread 0x00000247594269d0  701       3       java.lang.StringCoding::encodeUTF8 (132 bytes)
Event: 1.220 Thread 0x00000247594269d0 nmethod 701 0x0000024743432410 code [0x0000024743432600, 0x0000024743432be8]
Event: 1.247 Thread 0x00000247594269d0  702       3       java.lang.Long::hashCode (8 bytes)
Event: 1.247 Thread 0x00000247594269d0 nmethod 702 0x0000024743432e10 code [0x0000024743432fc0, 0x00000247434330e8]
Event: 1.247 Thread 0x00000247594269d0  703       3       java.lang.Long::hashCode (8 bytes)
Event: 1.247 Thread 0x00000247594269d0 nmethod 703 0x0000024743433190 code [0x0000024743433320, 0x0000024743433418]
Event: 1.305 Thread 0x00000247594269d0  704       3       org.netbeans.lib.profiler.server.ThreadInfo::isProfilerServerThread (36 bytes)
Event: 1.305 Thread 0x00000247594269d0 nmethod 704 0x0000024743433490 code [0x0000024743433640, 0x00000247434338b8]
Event: 1.340 Thread 0x00000247594269d0  705       3       jdk.internal.misc.Unsafe::getLongUnaligned (173 bytes)
Event: 1.341 Thread 0x00000247594269d0 nmethod 705 0x0000024743433a10 code [0x0000024743433be0, 0x0000024743433fa8]
Event: 1.358 Thread 0x00000247594269d0  706       1       java.lang.Thread::getId (5 bytes)
Event: 1.358 Thread 0x00000247594269d0 nmethod 706 0x000002474a892710 code [0x000002474a8928a0, 0x000002474a892958]
Event: 1.549 Thread 0x00000247594269d0  707       3       java.lang.Integer::<init> (10 bytes)
Event: 1.549 Thread 0x00000247594269d0 nmethod 707 0x0000024743434090 code [0x0000024743434240, 0x00000247434343f8]
Event: 1.673 Thread 0x00000247594269d0  708       3       java.lang.Long::valueOf (40 bytes)
Event: 1.673 Thread 0x00000247594269d0 nmethod 708 0x0000024743434510 code [0x00000247434346c0, 0x00000247434349f8]
Event: 2.052 Thread 0x00000247594269d0  709       3       java.lang.ThreadLocal::getMap (5 bytes)
Event: 2.053 Thread 0x00000247594269d0 nmethod 709 0x0000024743434b90 code [0x0000024743434d20, 0x0000024743434e18]

GC Heap History (0 events):
No events

Deoptimization events (8 events):
Event: 0.054 Thread 0x000002473ab51ea0 Uncommon trap: trap_request=0xffffff45 fr.pc=0x000002474a8644bc relative=0x000000000000021c
Event: 0.054 Thread 0x000002473ab51ea0 Uncommon trap: reason=unstable_if action=reinterpret pc=0x000002474a8644bc method=java.lang.String.hashCode()I @ 13 c2
Event: 0.054 Thread 0x000002473ab51ea0 DEOPT PACKING pc=0x000002474a8644bc sp=0x000000a07cdfc940
Event: 0.054 Thread 0x000002473ab51ea0 DEOPT UNPACKING pc=0x0000024742d9852f sp=0x000000a07cdfc8d8 mode 2
Event: 1.197 Thread 0x000002473ab51ea0 Uncommon trap: trap_request=0xffffff45 fr.pc=0x000002474a868f90 relative=0x0000000000000070
Event: 1.197 Thread 0x000002473ab51ea0 Uncommon trap: reason=unstable_if action=reinterpret pc=0x000002474a868f90 method=java.lang.String.isLatin1()Z @ 10 c2
Event: 1.197 Thread 0x000002473ab51ea0 DEOPT PACKING pc=0x000002474a868f90 sp=0x000000a07cdff220
Event: 1.197 Thread 0x000002473ab51ea0 DEOPT UNPACKING pc=0x0000024742d9852f sp=0x000000a07cdff160 mode 2

Classes unloaded (0 events):
No events

Classes redefined (0 events):
No events

Internal exceptions (15 events):
Event: 0.050 Thread 0x000002473ab51ea0 Exception <a 'java/lang/NoSuchMethodError'{0x000000008ca101b0}: 'java.lang.Object java.lang.invoke.DirectMethodHandle$Holder.invokeStatic(java.lang.Object)'> (0x000000008ca101b0) 
thrown [./open/src/hotspot/share/interpreter/linkResolver.cpp, line 782]
Event: 0.052 Thread 0x000002473ab51ea0 Exception <a 'java/lang/NoSuchMethodError'{0x000000008ca15af0}: 'java.lang.Object java.lang.invoke.DirectMethodHandle$Holder.invokeStaticInit(java.lang.Object)'> (0x000000008ca15af0) 
thrown [./open/src/hotspot/share/interpreter/linkResolver.cpp, line 782]
Event: 0.059 Thread 0x000002473ab51ea0 Exception <a 'java/lang/NoSuchMethodError'{0x000000008ca2b188}: 'void java.lang.invoke.DirectMethodHandle$Holder.invokeSpecial(java.lang.Object, java.lang.Object, java.lang.Object)'> (0x000000008ca2b188) 
thrown [./open/src/hotspot/share/interpreter/linkResolver.cpp, line 782]
Event: 0.061 Thread 0x000002473ab51ea0 Exception <a 'java/lang/NoSuchMethodError'{0x000000008ca36130}: 'java.lang.Object java.lang.invoke.DirectMethodHandle$Holder.invokeInterface(java.lang.Object, java.lang.Object)'> (0x000000008ca36130) 
thrown [./open/src/hotspot/share/interpreter/linkResolver.cpp, line 782]
Event: 0.103 Thread 0x0000024759ee9160 Exception <a 'java/lang/NoSuchMethodError'{0x000000008c90eab0}: 'void java.lang.invoke.DirectMethodHandle$Holder.invokeStatic(java.lang.Object, java.lang.Object)'> (0x000000008c90eab0) 
thrown [./open/src/hotspot/share/interpreter/linkResolver.cpp, line 782]
Event: 0.550 Thread 0x000002473ab51ea0 Exception <a 'java/lang/NoSuchMethodError'{0x000000008cad8d90}: 'java.lang.Object java.lang.invoke.DirectMethodHandle$Holder.invokeStaticInit(java.lang.Object, java.lang.Object, java.lang.Object)'> (0x000000008cad8d90) 
thrown [./open/src/hotspot/share/interpreter/linkResolver.cpp, line 782]
Event: 0.562 Thread 0x000002473ab51ea0 Exception <a 'java/lang/NoSuchMethodError'{0x000000008c8073f0}: 'int java.lang.invoke.DirectMethodHandle$Holder.invokeSpecial(java.lang.Object, java.lang.Object, java.lang.Object)'> (0x000000008c8073f0) 
thrown [./open/src/hotspot/share/interpreter/linkResolver.cpp, line 782]
Event: 0.581 Thread 0x000002473ab51ea0 Exception <a 'java/lang/NoSuchMethodError'{0x000000008c81c300}: 'int java.lang.invoke.DirectMethodHandle$Holder.invokeInterface(java.lang.Object, java.lang.Object)'> (0x000000008c81c300) 
thrown [./open/src/hotspot/share/interpreter/linkResolver.cpp, line 782]
Event: 0.582 Thread 0x000002473ab51ea0 Exception <a 'java/lang/IncompatibleClassChangeError'{0x000000008c81faf8}: Found class java.lang.Object, but interface was expected> (0x000000008c81faf8) 
thrown [./open/src/hotspot/share/interpreter/linkResolver.cpp, line 848]
Event: 0.674 Thread 0x000002473ab51ea0 Exception <a 'java/lang/NoSuchMethodError'{0x000000008c7b1388}: 'void java.lang.invoke.DirectMethodHandle$Holder.invokeStatic(java.lang.Object, java.lang.Object, java.lang.Object)'> (0x000000008c7b1388) 
thrown [./open/src/hotspot/share/interpreter/linkResolver.cpp, line 782]
Event: 0.724 Thread 0x0000024759ee9160 Exception <a 'java/lang/VerifyError'{0x000000008c9d1218}: Stack map does not match the one at exception handler 21
Exception Details:
  Location:
    org/netbeans/lib/profiler/ConstructorTest.<init>()V @21: astore_1
  Reason:
    Current frame's flags are not assignable to stack map frame's.
  Current Frame:
    bci: @0
    flags: { flagThisUninit }
    locals: { uninitializedThis }
    stack: { 'java/lang/Throwable' }
  Stackmap Frame:
    bci: @21
    flags: { }
    locals: { top }
    stack: { 'java/lan
Event: 0.942 Thread 0x0000024759ee9160 Exception <a 'java/lang/NoSuchMethodError'{0x000000008c6ed5f8}: 'void java.lang.invoke.DirectMethodHandle$Holder.invokeStaticInit(java.lang.Object, java.lang.Object)'> (0x000000008c6ed5f8) 
thrown [./open/src/hotspot/share/interpreter/linkResolver.cpp, line 782]
Event: 0.952 Thread 0x0000024759ee9160 Exception <a 'java/lang/NoSuchMethodError'{0x000000008c51aa20}: 'java.lang.Object java.lang.invoke.DirectMethodHandle$Holder.invokeStaticInit(java.lang.Object, int, int, int, int)'> (0x000000008c51aa20) 
thrown [./open/src/hotspot/share/interpreter/linkResolver.cpp, line 782]
Event: 0.983 Thread 0x0000024759ee9160 Exception <a 'java/lang/NoSuchMethodError'{0x000000008c583640}: 'java.lang.Object java.lang.invoke.DirectMethodHandle$Holder.invokeStaticInit(java.lang.Object, java.lang.Object, int, int, int, int)'> (0x000000008c583640) 
thrown [./open/src/hotspot/share/interpreter/linkResolver.cpp, line 782]
Event: 0.987 Thread 0x0000024759ee9160 Exception <a 'java/lang/NoSuchMethodError'{0x000000008c58e490}: 'java.lang.Object java.lang.invoke.Invokers$Holder.invoke_MT(java.lang.Object, java.lang.Object, java.lang.Object)'> (0x000000008c58e490) 
thrown [./open/src/hotspot/share/interpreter/linkResolver.cpp, line 782]

Events (20 events):
Event: 1.914 Executing VM operation: GetAllStackTraces
Event: 1.914 Executing VM operation: GetAllStackTraces done
Event: 1.930 Executing VM operation: GetAllStackTraces
Event: 1.930 Executing VM operation: GetAllStackTraces done
Event: 1.945 Executing VM operation: GetAllStackTraces
Event: 1.945 Executing VM operation: GetAllStackTraces done
Event: 1.969 Executing VM operation: GetAllStackTraces
Event: 1.970 Executing VM operation: GetAllStackTraces done
Event: 1.988 Executing VM operation: GetAllStackTraces
Event: 1.989 Executing VM operation: GetAllStackTraces done
Event: 1.993 loading class org/netbeans/lib/profiler/wireprotocol/EventBufferDumpedCommand
Event: 1.993 loading class org/netbeans/lib/profiler/wireprotocol/EventBufferDumpedCommand done
Event: 2.005 Executing VM operation: GetAllStackTraces
Event: 2.005 Executing VM operation: GetAllStackTraces done
Event: 2.005 Executing VM operation: HandshakeAllThreads
Event: 2.005 Executing VM operation: HandshakeAllThreads done
Event: 2.052 loading class org/netbeans/lib/profiler/wireprotocol/DumpResultsResponse
Event: 2.052 loading class org/netbeans/lib/profiler/wireprotocol/DumpResultsResponse done
Event: 2.052 loading class org/netbeans/lib/profiler/wireprotocol/GetMethodNamesForJMethodIdsCommand
Event: 2.053 loading class org/netbeans/lib/profiler/wireprotocol/GetMethodNamesForJMethodIdsCommand done


Dynamic libraries:
0x00007ff613ac0000 - 0x00007ff613acf000 	C:\Program Files\Java\jdk-15.0.2\bin\java.exe
0x00007ffc7cd10000 - 0x00007ffc7cf05000 	C:\Windows\SYSTEM32\ntdll.dll
0x00007ffc7b780000 - 0x00007ffc7b83d000 	C:\Windows\System32\KERNEL32.DLL
0x00007ffc7a700000 - 0x00007ffc7a9c8000 	C:\Windows\System32\KERNELBASE.dll
0x00007ffc7a4a0000 - 0x00007ffc7a5a0000 	C:\Windows\System32\ucrtbase.dll
0x00007ffc62a30000 - 0x00007ffc62a49000 	C:\Program Files\Java\jdk-15.0.2\bin\VCRUNTIME140.dll
0x00007ffc716b0000 - 0x00007ffc716c8000 	C:\Program Files\Java\jdk-15.0.2\bin\jli.dll
0x00007ffc7aea0000 - 0x00007ffc7af4c000 	C:\Windows\System32\ADVAPI32.dll
0x00007ffc7c180000 - 0x00007ffc7c21e000 	C:\Windows\System32\msvcrt.dll
0x00007ffc7c390000 - 0x00007ffc7c42b000 	C:\Windows\System32\sechost.dll
0x00007ffc7bb40000 - 0x00007ffc7bc6b000 	C:\Windows\System32\RPCRT4.dll
0x00007ffc7b160000 - 0x00007ffc7b300000 	C:\Windows\System32\USER32.dll
0x00007ffc7a9d0000 - 0x00007ffc7a9f2000 	C:\Windows\System32\win32u.dll
0x00007ffc64320000 - 0x00007ffc645ba000 	C:\Windows\WinSxS\amd64_microsoft.windows.common-controls_6595b64144ccf1df_6.0.19041.844_none_ca00b6081b84eb1d\COMCTL32.dll
0x00007ffc7c150000 - 0x00007ffc7c17a000 	C:\Windows\System32\GDI32.dll
0x00007ffc7ab50000 - 0x00007ffc7ac5b000 	C:\Windows\System32\gdi32full.dll
0x00007ffc7aa00000 - 0x00007ffc7aa9d000 	C:\Windows\System32\msvcp_win.dll
0x00007ffc71450000 - 0x00007ffc7145a000 	C:\Windows\SYSTEM32\VERSION.dll
0x00007ffc7c360000 - 0x00007ffc7c390000 	C:\Windows\System32\IMM32.DLL
0x00007ffc63510000 - 0x00007ffc6351c000 	C:\Program Files\Java\jdk-15.0.2\bin\vcruntime140_1.dll
0x00007ffc37ab0000 - 0x00007ffc37b41000 	C:\Program Files\Java\jdk-15.0.2\bin\msvcp140.dll
0x00007ffc37cd0000 - 0x00007ffc3882e000 	C:\Program Files\Java\jdk-15.0.2\bin\server\jvm.dll
0x00007ffc7ccc0000 - 0x00007ffc7ccc8000 	C:\Windows\System32\PSAPI.DLL
0x00007ffc76dc0000 - 0x00007ffc76dc9000 	C:\Windows\SYSTEM32\WSOCK32.dll
0x00007ffc62d00000 - 0x00007ffc62d27000 	C:\Windows\SYSTEM32\WINMM.dll
0x00007ffc7bc70000 - 0x00007ffc7bcdb000 	C:\Windows\System32\WS2_32.dll
0x00007ffc78d20000 - 0x00007ffc78d32000 	C:\Windows\SYSTEM32\kernel.appcore.dll
0x00007ffc634b0000 - 0x00007ffc634ba000 	C:\Program Files\Java\jdk-15.0.2\bin\jimage.dll
0x00007ffc78a30000 - 0x00007ffc78c14000 	C:\Windows\SYSTEM32\DBGHELP.DLL
0x00007ffc5dc20000 - 0x00007ffc5dc4c000 	C:\Windows\SYSTEM32\dbgcore.DLL
0x00007ffc7ac60000 - 0x00007ffc7ace0000 	C:\Windows\System32\bcryptPrimitives.dll
0x00007ffc76e20000 - 0x00007ffc76e2f000 	C:\Program Files\NetBeans-12.2\netbeans\profiler\lib\deployed\jdk16\windows-amd64\profilerinterface.dll
0x00007ffc3d290000 - 0x00007ffc3d2b5000 	C:\Program Files\Java\jdk-15.0.2\bin\java.dll
0x00007ffc39f20000 - 0x00007ffc39f38000 	C:\Program Files\Java\jdk-15.0.2\bin\zip.dll
0x00007ffc7c4b0000 - 0x00007ffc7cbf2000 	C:\Windows\System32\SHELL32.dll
0x00007ffc781d0000 - 0x00007ffc78960000 	C:\Windows\SYSTEM32\windows.storage.dll
0x00007ffc7b300000 - 0x00007ffc7b655000 	C:\Windows\System32\combase.dll
0x00007ffc79ec0000 - 0x00007ffc79eec000 	C:\Windows\SYSTEM32\Wldp.dll
0x00007ffc7ba80000 - 0x00007ffc7bb2e000 	C:\Windows\System32\SHCORE.dll
0x00007ffc7cc60000 - 0x00007ffc7ccb5000 	C:\Windows\System32\shlwapi.dll
0x00007ffc7a390000 - 0x00007ffc7a3af000 	C:\Windows\SYSTEM32\profapi.dll
0x00007ffc3b810000 - 0x00007ffc3b829000 	C:\Program Files\Java\jdk-15.0.2\bin\net.dll
0x00007ffc742f0000 - 0x00007ffc743fb000 	C:\Windows\SYSTEM32\WINHTTP.dll
0x00007ffc79bc0000 - 0x00007ffc79c2a000 	C:\Windows\system32\mswsock.dll
0x00007ffc3b7f0000 - 0x00007ffc3b802000 	C:\Program Files\Java\jdk-15.0.2\bin\nio.dll
0x00007ffc5c000000 - 0x00007ffc5c009000 	C:\Program Files\Java\jdk-15.0.2\bin\management.dll
0x00007ffc5be70000 - 0x00007ffc5be7b000 	C:\Program Files\Java\jdk-15.0.2\bin\management_ext.dll
0x00007ffc79da0000 - 0x00007ffc79db8000 	C:\Windows\SYSTEM32\CRYPTSP.dll
0x00007ffc79560000 - 0x00007ffc79594000 	C:\Windows\system32\rsaenh.dll
0x00007ffc7ace0000 - 0x00007ffc7ad07000 	C:\Windows\System32\bcrypt.dll
0x00007ffc7a310000 - 0x00007ffc7a33e000 	C:\Windows\SYSTEM32\USERENV.dll
0x00007ffc79d90000 - 0x00007ffc79d9c000 	C:\Windows\SYSTEM32\CRYPTBASE.dll
0x00007ffc798b0000 - 0x00007ffc798eb000 	C:\Windows\SYSTEM32\IPHLPAPI.DLL
0x00007ffc7bb30000 - 0x00007ffc7bb38000 	C:\Windows\System32\NSI.dll
0x00007ffc71410000 - 0x00007ffc71427000 	C:\Windows\SYSTEM32\dhcpcsvc6.DLL
0x00007ffc71890000 - 0x00007ffc718ad000 	C:\Windows\SYSTEM32\dhcpcsvc.DLL
0x00007ffc798f0000 - 0x00007ffc799bc000 	C:\Windows\SYSTEM32\DNSAPI.dll

dbghelp: loaded successfully - version: 4.0.5 - missing functions: none
symbol engine: initialized successfully - sym options: 0x614 - pdb path: .;C:\Program Files\Java\jdk-15.0.2\bin;C:\Windows\SYSTEM32;C:\Windows\WinSxS\amd64_microsoft.windows.common-controls_6595b64144ccf1df_6.0.19041.844_none_ca00b6081b84eb1d;C:\Program Files\Java\jdk-15.0.2\bin\server;C:\Program Files\NetBeans-12.2\netbeans\profiler\lib\deployed\jdk16\windows-amd64

VM Arguments:
jvm_args: -Dfile.encoding=UTF-8 -agentpath:C:/Program Files/NetBeans-12.2/netbeans/profiler/lib/deployed/jdk16/windows-amd64/profilerinterface.dll=C:\Program Files\NetBeans-12.2\netbeans\profiler\lib,5140,10 -XX:+HeapDumpOnOutOfMemoryError -XX:HeapDumpPath=C:\Users\61481\Desktop\2021-1\Assessments\Java\Skill Assessment ICTPRG527\TextEditor\nbproject\private\profiler 
java_command: texteditor.TextEditor
java_class_path (initial): C:\Users\61481\Desktop\2021-1\Assessments\Java\Skill Assessment ICTPRG527\TextEditor\jdatepicker-2.0.3.jar;C:\Users\61481\Desktop\2021-1\Assessments\Java\Skill Assessment ICTPRG527\TextEditor\jcalendar-1.4.jar;C:\Users\61481\Desktop\2021-1\Java\mysql-connector-java-5.1.49.jar;C:\Users\61481\Desktop\2021-1\Assessments\Java\Skill Assessment ICTPRG527\TextEditor\build\classes
Launcher Type: SUN_STANDARD

[Global flags]
     intx CICompilerCount                          = 4                                         {product} {ergonomic}
     uint ConcGCThreads                            = 2                                         {product} {ergonomic}
     uint G1ConcRefinementThreads                  = 8                                         {product} {ergonomic}
   size_t G1HeapRegionSize                         = 1048576                                   {product} {ergonomic}
    uintx GCDrainStackTargetSize                   = 64                                        {product} {ergonomic}
     bool HeapDumpOnOutOfMemoryError               = true                                   {manageable} {command line}
    ccstr HeapDumpPath                             = C:\Users\61481\Desktop\2021-1\Assessments\Java\Skill Assessment ICTPRG527\TextEditor\nbproject\private\profiler         {manageable} {command line}
   size_t InitialHeapSize                          = 130023424                                 {product} {ergonomic}
   size_t MarkStackSize                            = 4194304                                   {product} {ergonomic}
   size_t MaxHeapSize                              = 2063597568                                {product} {ergonomic}
   size_t MaxNewSize                               = 1237319680                                {product} {ergonomic}
   size_t MinHeapDeltaBytes                        = 1048576                                   {product} {ergonomic}
   size_t MinHeapSize                              = 8388608                                   {product} {ergonomic}
    uintx NonNMethodCodeHeapSize                   = 5839372                                {pd product} {ergonomic}
    uintx NonProfiledCodeHeapSize                  = 122909434                              {pd product} {ergonomic}
    uintx ProfiledCodeHeapSize                     = 122909434                              {pd product} {ergonomic}
    uintx ReservedCodeCacheSize                    = 251658240                              {pd product} {ergonomic}
     bool SegmentedCodeCache                       = true                                      {product} {ergonomic}
   size_t SoftMaxHeapSize                          = 2063597568                             {manageable} {ergonomic}
     bool UseCompressedClassPointers               = true                                 {lp64_product} {ergonomic}
     bool UseCompressedOops                        = true                                 {lp64_product} {ergonomic}
     bool UseG1GC                                  = true                                      {product} {ergonomic}
     bool UseLargePagesIndividualAllocation        = false                                  {pd product} {ergonomic}

Logging:
Log output configuration:
 #0: stdout all=warning uptime,level,tags
 #1: stderr all=off uptime,level,tags

Environment Variables:
PATH=C:\Program Files (x86)\Common Files\Oracle\Java\javapath;C:\Program Files\Common Files\Oracle\Java\javapath;C:\Windows\system32;C:\Windows;C:\Windows\System32\Wbem;C:\Windows\System32\WindowsPowerShell\v1.0\;C:\Windows\System32\OpenSSH\;C:\Program Files\dotnet\;C:\Program Files\Microsoft SQL Server\Client SDK\ODBC\170\Tools\Binn\;C:\Program Files (x86)\Microsoft SQL Server\150\Tools\Binn\;C:\Program Files\Microsoft SQL Server\150\Tools\Binn\;C:\Program Files\Microsoft SQL Server\150\DTS\Binn\;C:\Program Files (x86)\Microsoft SQL Server\150\DTS\Binn\;C:\Program Files\Azure Data Studio\bin;C:\Users\61481\AppData\Local\Microsoft\WindowsApps;C:\Program Files\Azure Data Studio\bin;C:\Users\61481\.dotnet\tools
USERNAME=61481
OS=Windows_NT
PROCESSOR_IDENTIFIER=Intel64 Family 6 Model 140 Stepping 1, GenuineIntel



---------------  S Y S T E M  ---------------

OS:
 Windows 10 , 64 bit Build 19041 (10.0.19041.928)
OS uptime: 3 days 23:01 hours

CPU: total 8 (initial active 8) (4 cores per cpu, 2 threads per core) family 6 model 140 stepping 1 microcode 0x60, cmov, cx8, fxsr, mmx, sse, sse2, sse3, ssse3, sse4.1, sse4.2, popcnt, vzeroupper, avx, avx2, aes, clmul, erms, 3dnowpref, lzcnt, ht, tsc, tscinvbit, bmi1, bmi2, adx, avx512f, avx512dq, avx512cd, avx512bw, avx512vl, avx512_vpopcntdq, avx512_vpclmulqdq, avx512_vbmi, avx512_vbmi2, avx512_vaes, avx512_vnni, sha, fma, clflush, clflushopt, clwb

Memory: 4k page, system-wide physical 7871M (2434M free)
TotalPageFile size 10431M (AvailPageFile size 2713M)
current process WorkingSet (physical memory assigned to process): 55M, peak: 55M
current process commit charge ("private bytes"): 220M, peak: 223M

vm_info: Java HotSpot(TM) 64-Bit Server VM (15.0.2+7-27) for windows-amd64 JRE (15.0.2+7-27), built on Dec  7 2020 20:07:01 by "mach5one" with unknown MS VC++:1925

END.
