#
# A fatal error has been detected by the Java Runtime Environment:
#
#  EXCEPTION_ACCESS_VIOLATION (0xc0000005) at pc=0x00007ffc1e33c49b, pid=16560, tid=17956
#
# JRE version: Java(TM) SE Runtime Environment (15.0.2+7) (build 15.0.2+7-27)
# Java VM: Java HotSpot(TM) 64-Bit Server VM (15.0.2+7-27, mixed mode, sharing, tiered, compressed oops, g1 gc, windows-amd64)
# Problematic frame:
# V  [jvm.dll+0x5dc49b]
#
# No core dump will be written. Minidumps are not enabled by default on client versions of Windows
#
# If you would like to submit a bug report, please visit:
#   https://bugreport.java.com/bugreport/crash.jsp
#

---------------  S U M M A R Y ------------

Command Line: -Dfile.encoding=UTF-8 -agentpath:C:/Program Files/NetBeans-12.2/netbeans/profiler/lib/deployed/jdk16/windows-amd64/profilerinterface.dll=C:\Program Files\NetBeans-12.2\netbeans\profiler\lib,5140,10 -XX:+HeapDumpOnOutOfMemoryError -XX:HeapDumpPath=C:\Users\61481\Desktop\2021-1\Assessments\Java\Skill Assessment ICTPRG527\TextEditor\nbproject\private\profiler texteditor.TextEditor

Host: 11th Gen Intel(R) Core(TM) i5-1135G7 @ 2.40GHz, 8 cores, 7G,  Windows 10 , 64 bit Build 19041 (10.0.19041.928)
Time: Fri May 21 13:06:49 2021 AUS Eastern Standard Time elapsed time: 2.050274 seconds (0d 0h 0m 2s)

---------------  T H R E A D  ---------------

Current thread (0x000001286bcf6550):  JavaThread "*** Profiler Agent Communication Thread" daemon [_thread_in_vm, id=17956, stack(0x000000012b600000,0x000000012b700000)]

Stack: [0x000000012b600000,0x000000012b700000],  sp=0x000000012b6fec10,  free space=1019k
Native frames: (J=compiled Java code, j=interpreted, Vv=VM code, C=native code)
V  [jvm.dll+0x5dc49b]
V  [jvm.dll+0x49bc6b]
C  [profilerinterface.dll+0x34da]

Java frames: (J=compiled Java code, j=interpreted, Vv=VM code)
j  org.netbeans.lib.profiler.server.system.Stacks.getMethodNamesForJMethodIds(I[I[I)[B+0
j  org.netbeans.lib.profiler.server.ProfilerInterface.getMethodNamesForJMethodIds([I)Lorg/netbeans/lib/profiler/wireprotocol/MethodNamesResponse;+20
j  org.netbeans.lib.profiler.server.ProfilerServer.handleClientCommand(Lorg/netbeans/lib/profiler/wireprotocol/Command;)V+691
j  org.netbeans.lib.profiler.server.ProfilerServer.listenToClient()V+48
j  org.netbeans.lib.profiler.server.ProfilerServer.run()V+22
v  ~StubRoutines::call_stub

siginfo: EXCEPTION_ACCESS_VIOLATION (0xc0000005), reading address 0x000000006cc589d8


Register to memory mapping:

RIP=0x00007ffc1e33c49b jvm.dll
RAX=0x000000012b6fec01 is pointing into the stack for thread: 0x000001286bcf6550
RBX=0x000001286bcf6550 is a thread
RCX=0x000000006cc589d8 is an unknown value
RDX=0x000001286bcf6550 is a thread
RSP=0x000000012b6fec10 is pointing into the stack for thread: 0x000001286bcf6550
RBP=0x000000006cc589d8 is an unknown value
RSI=0x000000012b6fed30 is pointing into the stack for thread: 0x000001286bcf6550
RDI=0x000001284a96e910 points into unknown readable memory: 0x00007ffc1e76b970 | 70 b9 76 1e fc 7f 00 00
R8 =0x000000012b6fed30 is pointing into the stack for thread: 0x000001286bcf6550
R9 =0x0000000000000128 is an unknown value
R10=0x0 is NULL
R11=0x000000012b6fec08 is pointing into the stack for thread: 0x000001286bcf6550
R12=0x000001286d773260 points into unknown readable memory: 0x2be3dce02cc589d8 | d8 89 c5 2c e0 dc e3 2b
R13=0x000000000000011d is an unknown value
R14=0x00007ffc64a79c68 profilerinterface.dll
R15=0x00007ffc64a79a60 profilerinterface.dll


Registers:
RAX=0x000000012b6fec01, RBX=0x000001286bcf6550, RCX=0x000000006cc589d8, RDX=0x000001286bcf6550
RSP=0x000000012b6fec10, RBP=0x000000006cc589d8, RSI=0x000000012b6fed30, RDI=0x000001284a96e910
R8 =0x000000012b6fed30, R9 =0x0000000000000128, R10=0x0000000000000000, R11=0x000000012b6fec08
R12=0x000001286d773260, R13=0x000000000000011d, R14=0x00007ffc64a79c68, R15=0x00007ffc64a79a60
RIP=0x00007ffc1e33c49b, EFLAGS=0x0000000000010206

Top of Stack: (sp=0x000000012b6fec10)
0x000000012b6fec10:   000000000000011d 000001286d773260
0x000000012b6fec20:   000001286bcf6550 000000012b6fede8
0x000000012b6fec30:   000001286bcf6550 00007ffc1e1fbc6b
0x000000012b6fec40:   0000000000002c88 000001286bcf6550
0x000000012b6fec50:   000001286bcf6878 00007ffc7c199d40
0x000000012b6fec60:   000001286bcf6550 0000000000000000
0x000000012b6fec70:   0000012800000000 0000000000000000
0x000000012b6fec80:   000000006cc589d8 00007ffc64a734da
0x000000012b6fec90:   0000000000000000 000001286bcf6878
0x000000012b6feca0:   00000000000008c9 000001286b629c30
0x000000012b6fecb0:   000001286d773260 00007ffc1e0ac687
0x000000012b6fecc0:   000000000001bb5b 0000012854bee8d1
0x000000012b6fecd0:   000001286bcf6550 00000000000008c9
0x000000012b6fece0:   000001286b629c30 000001286bcf6550
0x000000012b6fecf0:   000001286bcf6550 000001286b629c30
0x000000012b6fed00:   0000000000000000 00000000000000a4 

Instructions: (pc=0x00007ffc1e33c49b)
0x00007ffc1e33c39b:   00 00 4d 85 f6 74 3c 49 8b 06 49 8b ce 48 89 7c
0x00007ffc1e33c3ab:   24 38 ff 50 30 49 8b 16 49 8b ce 48 63 d8 ff 52
0x00007ffc1e33c3bb:   08 48 8b cd 0f b6 f8 e8 b9 ce be ff 48 8b c8 44
0x00007ffc1e33c3cb:   0f b6 cf 4c 8b c3 49 8b d6 e8 57 44 ff ff 48 8b
0x00007ffc1e33c3db:   7c 24 38 48 8b 6c 24 58 80 3d 79 6c 4a 00 00 74
0x00007ffc1e33c3eb:   18 48 8b 4c 24 20 48 8b d6 e8 a7 26 00 00 48 83
0x00007ffc1e33c3fb:   7e 08 00 74 04 33 db eb 09 48 8b 44 24 20 48 8b
0x00007ffc1e33c40b:   58 18 48 8d 4c 24 20 e8 99 80 d3 ff 4c 8b 74 24
0x00007ffc1e33c41b:   30 48 8b c3 48 8b 5c 24 50 48 83 c4 40 5e c3 cc
0x00007ffc1e33c42b:   cc cc cc cc cc 48 8b 51 08 4c 8b c1 48 8b 42 08
0x00007ffc1e33c43b:   0f b6 52 24 c0 ea 06 48 8b 48 18 8b 81 a4 00 00
0x00007ffc1e33c44b:   00 f6 c2 01 75 27 48 85 c9 74 14 8b c8 c1 e9 09
0x00007ffc1e33c45b:   f6 c1 01 74 0a 41 f7 40 20 02 04 00 00 74 0e 41
0x00007ffc1e33c46b:   8b 48 20 0b c8 f6 c1 10 74 03 b0 01 c3 41 83 78
0x00007ffc1e33c47b:   24 fe 0f 94 c0 c3 cc cc cc cc cc cc cc cc cc cc
0x00007ffc1e33c48b:   cc cc cc cc cc 40 53 48 83 ec 20 48 85 c9 74 24
0x00007ffc1e33c49b:   48 8b 19 48 85 db 74 1c 48 83 fb 37 74 16 48 8b
0x00007ffc1e33c4ab:   13 48 8b cb ff 52 10 84 c0 74 09 48 8b c3 48 83
0x00007ffc1e33c4bb:   c4 20 5b c3 33 c0 48 83 c4 20 5b c3 cc cc cc cc
0x00007ffc1e33c4cb:   cc cc cc cc cc 40 53 55 41 56 41 57 48 83 ec 28
0x00007ffc1e33c4db:   48 8b 41 08 33 ed 4c 8b f1 48 8b 50 08 4c 8b 7a
0x00007ffc1e33c4eb:   18 49 8b 9f 70 01 00 00 48 85 db 0f 84 e5 00 00
0x00007ffc1e33c4fb:   00 8b 15 ca 39 4f 00 65 48 8b 04 25 58 00 00 00
0x00007ffc1e33c50b:   48 89 74 24 50 4c 89 64 24 60 4c 89 6c 24 20 41
0x00007ffc1e33c51b:   bd ff ff 00 00 4c 8d 24 d0 41 b8 40 00 00 00 48
0x00007ffc1e33c52b:   89 7c 24 58 90 49 8b 56 08 48 8b 73 10 0f b7 42
0x00007ffc1e33c53b:   2a 66 39 43 08 75 7c 0f b7 42 2c 66 39 43 0a 75
0x00007ffc1e33c54b:   72 0f b6 03 48 63 4b 04 49 8b 3c 24 88 44 11 38
0x00007ffc1e33c55b:   41 8b c0 80 3c 38 00 75 05 e8 a3 c5 1f 00 b8 08
0x00007ffc1e33c56b:   00 00 00 49 8b ce 48 8b 3c 38 48 8b d7 e8 53 2a
0x00007ffc1e33c57b:   bc ff 48 83 7f 08 00 75 0a 48 85 c0 74 05 66 44
0x00007ffc1e33c58b:   01 68 16 48 85 ed 74 14 48 8b cb 48 89 75 10 e8 


Stack slot to memory mapping:
stack at sp + 0 slots: 0x000000000000011d is an unknown value
stack at sp + 1 slots: 0x000001286d773260 points into unknown readable memory: 0x2be3dce02cc589d8 | d8 89 c5 2c e0 dc e3 2b
stack at sp + 2 slots: 0x000001286bcf6550 is a thread
stack at sp + 3 slots: 0x000000012b6fede8 is pointing into the stack for thread: 0x000001286bcf6550
stack at sp + 4 slots: 0x000001286bcf6550 is a thread
stack at sp + 5 slots: 0x00007ffc1e1fbc6b jvm.dll
stack at sp + 6 slots: 0x0000000000002c88 is an unknown value
stack at sp + 7 slots: 0x000001286bcf6550 is a thread


---------------  P R O C E S S  ---------------

Threads class SMR info:
_java_thread_list=0x000001286ce61850, length=20, elements={
0x000001286b24c820, 0x000001286b24d2f0, 0x000001286b271b30, 0x000001286b2734f0,
0x000001286b273ea0, 0x000001286b274c30, 0x000001286b2766e0, 0x000001286b26a580,
0x000001286bcbdd30, 0x000001286bcf6550, 0x000001286bdf6ec0, 0x000001286bd87730,
0x000001286bfa1fe0, 0x000001286bfa2a50, 0x000001286c6f3450, 0x000001286c918590,
0x000001286c9191e0, 0x000001286c711720, 0x000001286c712a60, 0x000001286c713400
}

Java Threads: ( => current thread )
  0x000001286b24c820 JavaThread "Reference Handler" daemon [_thread_blocked, id=19800, stack(0x000000012ad00000,0x000000012ae00000)]
  0x000001286b24d2f0 JavaThread "Finalizer" daemon [_thread_blocked, id=4296, stack(0x000000012ae00000,0x000000012af00000)]
  0x000001286b271b30 JavaThread "Signal Dispatcher" daemon [_thread_blocked, id=19728, stack(0x000000012af00000,0x000000012b000000)]
  0x000001286b2734f0 JavaThread "Attach Listener" daemon [_thread_blocked, id=12672, stack(0x000000012b000000,0x000000012b100000)]
  0x000001286b273ea0 JavaThread "Service Thread" daemon [_thread_blocked, id=10380, stack(0x000000012b100000,0x000000012b200000)]
  0x000001286b274c30 JavaThread "C2 CompilerThread0" daemon [_thread_blocked, id=12476, stack(0x000000012b200000,0x000000012b300000)]
  0x000001286b2766e0 JavaThread "C1 CompilerThread0" daemon [_thread_blocked, id=13984, stack(0x000000012b300000,0x000000012b400000)]
  0x000001286b26a580 JavaThread "Sweeper thread" daemon [_thread_blocked, id=8748, stack(0x000000012b400000,0x000000012b500000)]
  0x000001286bcbdd30 JavaThread "Common-Cleaner" daemon [_thread_blocked, id=16960, stack(0x000000012b500000,0x000000012b600000)]
=>0x000001286bcf6550 JavaThread "*** Profiler Agent Communication Thread" daemon [_thread_in_vm, id=17956, stack(0x000000012b600000,0x000000012b700000)]
  0x000001286bdf6ec0 JavaThread "*** JFluid Monitor thread ***" daemon [_thread_blocked, id=13404, stack(0x000000012b700000,0x000000012b800000)]
  0x000001286bd87730 JavaThread "*** Profiler Agent Special Execution Thread 6" daemon [_thread_blocked, id=14524, stack(0x000000012b800000,0x000000012b900000)]
  0x000001286bfa1fe0 JavaThread "*** Profiler Agent Special Execution Thread 10" daemon [_thread_blocked, id=9512, stack(0x000000012bb00000,0x000000012bc00000)]
  0x000001286bfa2a50 JavaThread "Notification Thread" daemon [_thread_blocked, id=18100, stack(0x000000012ba00000,0x000000012bb00000)]
  0x000001286c6f3450 JavaThread "Java2D Disposer" daemon [_thread_blocked, id=13140, stack(0x000000012bc00000,0x000000012bd00000)]
  0x000001286c918590 JavaThread "AWT-Shutdown" [_thread_blocked, id=4016, stack(0x000000012bd00000,0x000000012be00000)]
  0x000001286c9191e0 JavaThread "AWT-Windows" daemon [_thread_in_native, id=8376, stack(0x000000012be00000,0x000000012bf00000)]
  0x000001286c711720 JavaThread "AWT-EventQueue-0" [_thread_blocked, id=7372, stack(0x000000012bf00000,0x000000012c000000)]
  0x000001286c712a60 JavaThread "DestroyJavaVM" [_thread_blocked, id=16500, stack(0x000000012a600000,0x000000012a700000)]
  0x000001286c713400 JavaThread "TimerQueue" daemon [_thread_blocked, id=13460, stack(0x000000012c300000,0x000000012c400000)]

Other Threads:
  0x000001286b244820 VMThread "VM Thread" [stack: 0x000000012ac00000,0x000000012ad00000] [id=4416] _threads_hazard_ptr=0x000001286ce61850
  0x000001284c982370 WatcherThread [stack: 0x000000012b900000,0x000000012ba00000] [id=748]
  0x000001284c9c0990 GCTaskThread "GC Thread#0" [stack: 0x000000012a700000,0x000000012a800000] [id=19620]
  0x000001284c9d2270 ConcurrentGCThread "G1 Main Marker" [stack: 0x000000012a800000,0x000000012a900000] [id=7928]
  0x000001284c9d2ee0 ConcurrentGCThread "G1 Conc#0" [stack: 0x000000012a900000,0x000000012aa00000] [id=17516]
  0x000001284ca51310 ConcurrentGCThread "G1 Refine#0" [stack: 0x000000012aa00000,0x000000012ab00000] [id=12032]
  0x000001284ca52e40 ConcurrentGCThread "G1 Young RemSet Sampling" [stack: 0x000000012ab00000,0x000000012ac00000] [id=18972]

Threads with active compile tasks:

VM state: synchronizing (normal execution)

VM Mutex/Monitor currently owned by a thread:  ([mutex/lock_event])
[0x000001284c97b270] Threads_lock - owner thread: 0x000001286b244820

Heap address: 0x0000000085000000, size: 1968 MB, Compressed Oops mode: 32-bit
CDS archive(s) mapped at: [0x0000000800000000-0x0000000800b50000-0x0000000800b50000), size 11862016, SharedBaseAddress: 0x0000000800000000, ArchiveRelocationMode: 0.
Compressed class space mapped at: 0x0000000800b50000-0x0000000840b50000, size: 1073741824
Narrow klass base: 0x0000000800000000, Narrow klass shift: 3, Narrow klass range: 0x100000000

GC Precious Log:
 CPUs: 8 total, 8 available
 Memory: 7871M
 Large Page Support: Disabled
 NUMA Support: Disabled
 Compressed Oops: Enabled (32-bit)
 Heap Region Size: 1M
 Heap Min Capacity: 8M
 Heap Initial Capacity: 124M
 Heap Max Capacity: 1968M
 Pre-touch: Disabled
 Parallel Workers: 8
 Concurrent Workers: 2
 Concurrent Refinement Workers: 8
 Periodic GC: Disabled

Heap:
 garbage-first heap   total 126976K, used 13312K [0x0000000085000000, 0x0000000100000000)
  region size 1024K, 12 young (12288K), 0 survivors (0K)
 Metaspace       used 12004K, capacity 12263K, committed 12544K, reserved 1060864K
  class space    used 1346K, capacity 1432K, committed 1536K, reserved 1048576K

Heap Regions: E=young(eden), S=young(survivor), O=old, HS=humongous(starts), HC=humongous(continues), CS=collection set, F=free, OA=open archive, CA=closed archive, TAMS=top-at-mark-start (previous, next)
|   0|0x0000000085000000, 0x0000000085100000, 0x0000000085100000|100%|HS|  |TAMS 0x0000000085000000, 0x0000000085000000| Complete 
|   1|0x0000000085100000, 0x0000000085200000, 0x0000000085200000|100%|HC|  |TAMS 0x0000000085100000, 0x0000000085100000| Complete 
|   2|0x0000000085200000, 0x0000000085200000, 0x0000000085300000|  0%| F|  |TAMS 0x0000000085200000, 0x0000000085200000| Untracked 
|   3|0x0000000085300000, 0x0000000085300000, 0x0000000085400000|  0%| F|  |TAMS 0x0000000085300000, 0x0000000085300000| Untracked 
|   4|0x0000000085400000, 0x0000000085400000, 0x0000000085500000|  0%| F|  |TAMS 0x0000000085400000, 0x0000000085400000| Untracked 
|   5|0x0000000085500000, 0x0000000085500000, 0x0000000085600000|  0%| F|  |TAMS 0x0000000085500000, 0x0000000085500000| Untracked 
|   6|0x0000000085600000, 0x0000000085600000, 0x0000000085700000|  0%| F|  |TAMS 0x0000000085600000, 0x0000000085600000| Untracked 
|   7|0x0000000085700000, 0x0000000085700000, 0x0000000085800000|  0%| F|  |TAMS 0x0000000085700000, 0x0000000085700000| Untracked 
|   8|0x0000000085800000, 0x0000000085800000, 0x0000000085900000|  0%| F|  |TAMS 0x0000000085800000, 0x0000000085800000| Untracked 
|   9|0x0000000085900000, 0x0000000085900000, 0x0000000085a00000|  0%| F|  |TAMS 0x0000000085900000, 0x0000000085900000| Untracked 
|  10|0x0000000085a00000, 0x0000000085a00000, 0x0000000085b00000|  0%| F|  |TAMS 0x0000000085a00000, 0x0000000085a00000| Untracked 
|  11|0x0000000085b00000, 0x0000000085b00000, 0x0000000085c00000|  0%| F|  |TAMS 0x0000000085b00000, 0x0000000085b00000| Untracked 
|  12|0x0000000085c00000, 0x0000000085c00000, 0x0000000085d00000|  0%| F|  |TAMS 0x0000000085c00000, 0x0000000085c00000| Untracked 
|  13|0x0000000085d00000, 0x0000000085d00000, 0x0000000085e00000|  0%| F|  |TAMS 0x0000000085d00000, 0x0000000085d00000| Untracked 
|  14|0x0000000085e00000, 0x0000000085e00000, 0x0000000085f00000|  0%| F|  |TAMS 0x0000000085e00000, 0x0000000085e00000| Untracked 
|  15|0x0000000085f00000, 0x0000000085f00000, 0x0000000086000000|  0%| F|  |TAMS 0x0000000085f00000, 0x0000000085f00000| Untracked 
|  16|0x0000000086000000, 0x0000000086000000, 0x0000000086100000|  0%| F|  |TAMS 0x0000000086000000, 0x0000000086000000| Untracked 
|  17|0x0000000086100000, 0x0000000086100000, 0x0000000086200000|  0%| F|  |TAMS 0x0000000086100000, 0x0000000086100000| Untracked 
|  18|0x0000000086200000, 0x0000000086200000, 0x0000000086300000|  0%| F|  |TAMS 0x0000000086200000, 0x0000000086200000| Untracked 
|  19|0x0000000086300000, 0x0000000086300000, 0x0000000086400000|  0%| F|  |TAMS 0x0000000086300000, 0x0000000086300000| Untracked 
|  20|0x0000000086400000, 0x0000000086400000, 0x0000000086500000|  0%| F|  |TAMS 0x0000000086400000, 0x0000000086400000| Untracked 
|  21|0x0000000086500000, 0x0000000086500000, 0x0000000086600000|  0%| F|  |TAMS 0x0000000086500000, 0x0000000086500000| Untracked 
|  22|0x0000000086600000, 0x0000000086600000, 0x0000000086700000|  0%| F|  |TAMS 0x0000000086600000, 0x0000000086600000| Untracked 
|  23|0x0000000086700000, 0x0000000086700000, 0x0000000086800000|  0%| F|  |TAMS 0x0000000086700000, 0x0000000086700000| Untracked 
|  24|0x0000000086800000, 0x0000000086800000, 0x0000000086900000|  0%| F|  |TAMS 0x0000000086800000, 0x0000000086800000| Untracked 
|  25|0x0000000086900000, 0x0000000086900000, 0x0000000086a00000|  0%| F|  |TAMS 0x0000000086900000, 0x0000000086900000| Untracked 
|  26|0x0000000086a00000, 0x0000000086a00000, 0x0000000086b00000|  0%| F|  |TAMS 0x0000000086a00000, 0x0000000086a00000| Untracked 
|  27|0x0000000086b00000, 0x0000000086b00000, 0x0000000086c00000|  0%| F|  |TAMS 0x0000000086b00000, 0x0000000086b00000| Untracked 
|  28|0x0000000086c00000, 0x0000000086c00000, 0x0000000086d00000|  0%| F|  |TAMS 0x0000000086c00000, 0x0000000086c00000| Untracked 
|  29|0x0000000086d00000, 0x0000000086d00000, 0x0000000086e00000|  0%| F|  |TAMS 0x0000000086d00000, 0x0000000086d00000| Untracked 
|  30|0x0000000086e00000, 0x0000000086e00000, 0x0000000086f00000|  0%| F|  |TAMS 0x0000000086e00000, 0x0000000086e00000| Untracked 
|  31|0x0000000086f00000, 0x0000000086f00000, 0x0000000087000000|  0%| F|  |TAMS 0x0000000086f00000, 0x0000000086f00000| Untracked 
|  32|0x0000000087000000, 0x0000000087000000, 0x0000000087100000|  0%| F|  |TAMS 0x0000000087000000, 0x0000000087000000| Untracked 
|  33|0x0000000087100000, 0x0000000087100000, 0x0000000087200000|  0%| F|  |TAMS 0x0000000087100000, 0x0000000087100000| Untracked 
|  34|0x0000000087200000, 0x0000000087200000, 0x0000000087300000|  0%| F|  |TAMS 0x0000000087200000, 0x0000000087200000| Untracked 
|  35|0x0000000087300000, 0x0000000087300000, 0x0000000087400000|  0%| F|  |TAMS 0x0000000087300000, 0x0000000087300000| Untracked 
|  36|0x0000000087400000, 0x0000000087400000, 0x0000000087500000|  0%| F|  |TAMS 0x0000000087400000, 0x0000000087400000| Untracked 
|  37|0x0000000087500000, 0x0000000087500000, 0x0000000087600000|  0%| F|  |TAMS 0x0000000087500000, 0x0000000087500000| Untracked 
|  38|0x0000000087600000, 0x0000000087600000, 0x0000000087700000|  0%| F|  |TAMS 0x0000000087600000, 0x0000000087600000| Untracked 
|  39|0x0000000087700000, 0x0000000087700000, 0x0000000087800000|  0%| F|  |TAMS 0x0000000087700000, 0x0000000087700000| Untracked 
|  40|0x0000000087800000, 0x0000000087800000, 0x0000000087900000|  0%| F|  |TAMS 0x0000000087800000, 0x0000000087800000| Untracked 
|  41|0x0000000087900000, 0x0000000087900000, 0x0000000087a00000|  0%| F|  |TAMS 0x0000000087900000, 0x0000000087900000| Untracked 
|  42|0x0000000087a00000, 0x0000000087a00000, 0x0000000087b00000|  0%| F|  |TAMS 0x0000000087a00000, 0x0000000087a00000| Untracked 
|  43|0x0000000087b00000, 0x0000000087b00000, 0x0000000087c00000|  0%| F|  |TAMS 0x0000000087b00000, 0x0000000087b00000| Untracked 
|  44|0x0000000087c00000, 0x0000000087c00000, 0x0000000087d00000|  0%| F|  |TAMS 0x0000000087c00000, 0x0000000087c00000| Untracked 
|  45|0x0000000087d00000, 0x0000000087d00000, 0x0000000087e00000|  0%| F|  |TAMS 0x0000000087d00000, 0x0000000087d00000| Untracked 
|  46|0x0000000087e00000, 0x0000000087e00000, 0x0000000087f00000|  0%| F|  |TAMS 0x0000000087e00000, 0x0000000087e00000| Untracked 
|  47|0x0000000087f00000, 0x0000000087f00000, 0x0000000088000000|  0%| F|  |TAMS 0x0000000087f00000, 0x0000000087f00000| Untracked 
|  48|0x0000000088000000, 0x0000000088000000, 0x0000000088100000|  0%| F|  |TAMS 0x0000000088000000, 0x0000000088000000| Untracked 
|  49|0x0000000088100000, 0x0000000088100000, 0x0000000088200000|  0%| F|  |TAMS 0x0000000088100000, 0x0000000088100000| Untracked 
|  50|0x0000000088200000, 0x0000000088200000, 0x0000000088300000|  0%| F|  |TAMS 0x0000000088200000, 0x0000000088200000| Untracked 
|  51|0x0000000088300000, 0x0000000088300000, 0x0000000088400000|  0%| F|  |TAMS 0x0000000088300000, 0x0000000088300000| Untracked 
|  52|0x0000000088400000, 0x0000000088400000, 0x0000000088500000|  0%| F|  |TAMS 0x0000000088400000, 0x0000000088400000| Untracked 
|  53|0x0000000088500000, 0x0000000088500000, 0x0000000088600000|  0%| F|  |TAMS 0x0000000088500000, 0x0000000088500000| Untracked 
|  54|0x0000000088600000, 0x0000000088600000, 0x0000000088700000|  0%| F|  |TAMS 0x0000000088600000, 0x0000000088600000| Untracked 
|  55|0x0000000088700000, 0x0000000088700000, 0x0000000088800000|  0%| F|  |TAMS 0x0000000088700000, 0x0000000088700000| Untracked 
|  56|0x0000000088800000, 0x0000000088800000, 0x0000000088900000|  0%| F|  |TAMS 0x0000000088800000, 0x0000000088800000| Untracked 
|  57|0x0000000088900000, 0x0000000088900000, 0x0000000088a00000|  0%| F|  |TAMS 0x0000000088900000, 0x0000000088900000| Untracked 
|  58|0x0000000088a00000, 0x0000000088a00000, 0x0000000088b00000|  0%| F|  |TAMS 0x0000000088a00000, 0x0000000088a00000| Untracked 
|  59|0x0000000088b00000, 0x0000000088b00000, 0x0000000088c00000|  0%| F|  |TAMS 0x0000000088b00000, 0x0000000088b00000| Untracked 
|  60|0x0000000088c00000, 0x0000000088c00000, 0x0000000088d00000|  0%| F|  |TAMS 0x0000000088c00000, 0x0000000088c00000| Untracked 
|  61|0x0000000088d00000, 0x0000000088d00000, 0x0000000088e00000|  0%| F|  |TAMS 0x0000000088d00000, 0x0000000088d00000| Untracked 
|  62|0x0000000088e00000, 0x0000000088e00000, 0x0000000088f00000|  0%| F|  |TAMS 0x0000000088e00000, 0x0000000088e00000| Untracked 
|  63|0x0000000088f00000, 0x0000000088f00000, 0x0000000089000000|  0%| F|  |TAMS 0x0000000088f00000, 0x0000000088f00000| Untracked 
|  64|0x0000000089000000, 0x0000000089000000, 0x0000000089100000|  0%| F|  |TAMS 0x0000000089000000, 0x0000000089000000| Untracked 
|  65|0x0000000089100000, 0x0000000089100000, 0x0000000089200000|  0%| F|  |TAMS 0x0000000089100000, 0x0000000089100000| Untracked 
|  66|0x0000000089200000, 0x0000000089200000, 0x0000000089300000|  0%| F|  |TAMS 0x0000000089200000, 0x0000000089200000| Untracked 
|  67|0x0000000089300000, 0x0000000089300000, 0x0000000089400000|  0%| F|  |TAMS 0x0000000089300000, 0x0000000089300000| Untracked 
|  68|0x0000000089400000, 0x0000000089400000, 0x0000000089500000|  0%| F|  |TAMS 0x0000000089400000, 0x0000000089400000| Untracked 
|  69|0x0000000089500000, 0x0000000089500000, 0x0000000089600000|  0%| F|  |TAMS 0x0000000089500000, 0x0000000089500000| Untracked 
|  70|0x0000000089600000, 0x0000000089600000, 0x0000000089700000|  0%| F|  |TAMS 0x0000000089600000, 0x0000000089600000| Untracked 
|  71|0x0000000089700000, 0x0000000089700000, 0x0000000089800000|  0%| F|  |TAMS 0x0000000089700000, 0x0000000089700000| Untracked 
|  72|0x0000000089800000, 0x0000000089800000, 0x0000000089900000|  0%| F|  |TAMS 0x0000000089800000, 0x0000000089800000| Untracked 
|  73|0x0000000089900000, 0x0000000089900000, 0x0000000089a00000|  0%| F|  |TAMS 0x0000000089900000, 0x0000000089900000| Untracked 
|  74|0x0000000089a00000, 0x0000000089a00000, 0x0000000089b00000|  0%| F|  |TAMS 0x0000000089a00000, 0x0000000089a00000| Untracked 
|  75|0x0000000089b00000, 0x0000000089b00000, 0x0000000089c00000|  0%| F|  |TAMS 0x0000000089b00000, 0x0000000089b00000| Untracked 
|  76|0x0000000089c00000, 0x0000000089c00000, 0x0000000089d00000|  0%| F|  |TAMS 0x0000000089c00000, 0x0000000089c00000| Untracked 
|  77|0x0000000089d00000, 0x0000000089d00000, 0x0000000089e00000|  0%| F|  |TAMS 0x0000000089d00000, 0x0000000089d00000| Untracked 
|  78|0x0000000089e00000, 0x0000000089e00000, 0x0000000089f00000|  0%| F|  |TAMS 0x0000000089e00000, 0x0000000089e00000| Untracked 
|  79|0x0000000089f00000, 0x0000000089f00000, 0x000000008a000000|  0%| F|  |TAMS 0x0000000089f00000, 0x0000000089f00000| Untracked 
|  80|0x000000008a000000, 0x000000008a000000, 0x000000008a100000|  0%| F|  |TAMS 0x000000008a000000, 0x000000008a000000| Untracked 
|  81|0x000000008a100000, 0x000000008a100000, 0x000000008a200000|  0%| F|  |TAMS 0x000000008a100000, 0x000000008a100000| Untracked 
|  82|0x000000008a200000, 0x000000008a200000, 0x000000008a300000|  0%| F|  |TAMS 0x000000008a200000, 0x000000008a200000| Untracked 
|  83|0x000000008a300000, 0x000000008a300000, 0x000000008a400000|  0%| F|  |TAMS 0x000000008a300000, 0x000000008a300000| Untracked 
|  84|0x000000008a400000, 0x000000008a400000, 0x000000008a500000|  0%| F|  |TAMS 0x000000008a400000, 0x000000008a400000| Untracked 
|  85|0x000000008a500000, 0x000000008a500000, 0x000000008a600000|  0%| F|  |TAMS 0x000000008a500000, 0x000000008a500000| Untracked 
|  86|0x000000008a600000, 0x000000008a600000, 0x000000008a700000|  0%| F|  |TAMS 0x000000008a600000, 0x000000008a600000| Untracked 
|  87|0x000000008a700000, 0x000000008a700000, 0x000000008a800000|  0%| F|  |TAMS 0x000000008a700000, 0x000000008a700000| Untracked 
|  88|0x000000008a800000, 0x000000008a800000, 0x000000008a900000|  0%| F|  |TAMS 0x000000008a800000, 0x000000008a800000| Untracked 
|  89|0x000000008a900000, 0x000000008a900000, 0x000000008aa00000|  0%| F|  |TAMS 0x000000008a900000, 0x000000008a900000| Untracked 
|  90|0x000000008aa00000, 0x000000008aa00000, 0x000000008ab00000|  0%| F|  |TAMS 0x000000008aa00000, 0x000000008aa00000| Untracked 
|  91|0x000000008ab00000, 0x000000008ab00000, 0x000000008ac00000|  0%| F|  |TAMS 0x000000008ab00000, 0x000000008ab00000| Untracked 
|  92|0x000000008ac00000, 0x000000008ac00000, 0x000000008ad00000|  0%| F|  |TAMS 0x000000008ac00000, 0x000000008ac00000| Untracked 
|  93|0x000000008ad00000, 0x000000008ad00000, 0x000000008ae00000|  0%| F|  |TAMS 0x000000008ad00000, 0x000000008ad00000| Untracked 
|  94|0x000000008ae00000, 0x000000008ae00000, 0x000000008af00000|  0%| F|  |TAMS 0x000000008ae00000, 0x000000008ae00000| Untracked 
|  95|0x000000008af00000, 0x000000008af00000, 0x000000008b000000|  0%| F|  |TAMS 0x000000008af00000, 0x000000008af00000| Untracked 
|  96|0x000000008b000000, 0x000000008b000000, 0x000000008b100000|  0%| F|  |TAMS 0x000000008b000000, 0x000000008b000000| Untracked 
|  97|0x000000008b100000, 0x000000008b100000, 0x000000008b200000|  0%| F|  |TAMS 0x000000008b100000, 0x000000008b100000| Untracked 
|  98|0x000000008b200000, 0x000000008b200000, 0x000000008b300000|  0%| F|  |TAMS 0x000000008b200000, 0x000000008b200000| Untracked 
|  99|0x000000008b300000, 0x000000008b300000, 0x000000008b400000|  0%| F|  |TAMS 0x000000008b300000, 0x000000008b300000| Untracked 
| 100|0x000000008b400000, 0x000000008b400000, 0x000000008b500000|  0%| F|  |TAMS 0x000000008b400000, 0x000000008b400000| Untracked 
| 101|0x000000008b500000, 0x000000008b500000, 0x000000008b600000|  0%| F|  |TAMS 0x000000008b500000, 0x000000008b500000| Untracked 
| 102|0x000000008b600000, 0x000000008b600000, 0x000000008b700000|  0%| F|  |TAMS 0x000000008b600000, 0x000000008b600000| Untracked 
| 103|0x000000008b700000, 0x000000008b700000, 0x000000008b800000|  0%| F|  |TAMS 0x000000008b700000, 0x000000008b700000| Untracked 
| 104|0x000000008b800000, 0x000000008b800000, 0x000000008b900000|  0%| F|  |TAMS 0x000000008b800000, 0x000000008b800000| Untracked 
| 105|0x000000008b900000, 0x000000008b900000, 0x000000008ba00000|  0%| F|  |TAMS 0x000000008b900000, 0x000000008b900000| Untracked 
| 106|0x000000008ba00000, 0x000000008ba00000, 0x000000008bb00000|  0%| F|  |TAMS 0x000000008ba00000, 0x000000008ba00000| Untracked 
| 107|0x000000008bb00000, 0x000000008bb00000, 0x000000008bc00000|  0%| F|  |TAMS 0x000000008bb00000, 0x000000008bb00000| Untracked 
| 108|0x000000008bc00000, 0x000000008bc00000, 0x000000008bd00000|  0%| F|  |TAMS 0x000000008bc00000, 0x000000008bc00000| Untracked 
| 109|0x000000008bd00000, 0x000000008bd00000, 0x000000008be00000|  0%| F|  |TAMS 0x000000008bd00000, 0x000000008bd00000| Untracked 
| 110|0x000000008be00000, 0x000000008be00000, 0x000000008bf00000|  0%| F|  |TAMS 0x000000008be00000, 0x000000008be00000| Untracked 
| 111|0x000000008bf00000, 0x000000008bf00000, 0x000000008c000000|  0%| F|  |TAMS 0x000000008bf00000, 0x000000008bf00000| Untracked 
| 112|0x000000008c000000, 0x000000008c100000, 0x000000008c100000|100%| E|  |TAMS 0x000000008c000000, 0x000000008c000000| Complete 
| 113|0x000000008c100000, 0x000000008c200000, 0x000000008c200000|100%| E|CS|TAMS 0x000000008c100000, 0x000000008c100000| Complete 
| 114|0x000000008c200000, 0x000000008c300000, 0x000000008c300000|100%| E|CS|TAMS 0x000000008c200000, 0x000000008c200000| Complete 
| 115|0x000000008c300000, 0x000000008c400000, 0x000000008c400000|100%| E|CS|TAMS 0x000000008c300000, 0x000000008c300000| Complete 
| 116|0x000000008c400000, 0x000000008c500000, 0x000000008c500000|100%| E|CS|TAMS 0x000000008c400000, 0x000000008c400000| Complete 
| 117|0x000000008c500000, 0x000000008c600000, 0x000000008c600000|100%| E|CS|TAMS 0x000000008c500000, 0x000000008c500000| Complete 
| 118|0x000000008c600000, 0x000000008c700000, 0x000000008c700000|100%| E|CS|TAMS 0x000000008c600000, 0x000000008c600000| Complete 
| 119|0x000000008c700000, 0x000000008c800000, 0x000000008c800000|100%| E|CS|TAMS 0x000000008c700000, 0x000000008c700000| Complete 
| 120|0x000000008c800000, 0x000000008c900000, 0x000000008c900000|100%| E|CS|TAMS 0x000000008c800000, 0x000000008c800000| Complete 
| 121|0x000000008c900000, 0x000000008ca00000, 0x000000008ca00000|100%| E|CS|TAMS 0x000000008c900000, 0x000000008c900000| Complete 
| 122|0x000000008ca00000, 0x000000008cb00000, 0x000000008cb00000|100%| E|CS|TAMS 0x000000008ca00000, 0x000000008ca00000| Complete 
| 123|0x000000008cb00000, 0x000000008cc00000, 0x000000008cc00000|100%| E|CS|TAMS 0x000000008cb00000, 0x000000008cb00000| Complete 

Card table byte_map: [0x00000128642f0000,0x00000128646d0000] _byte_map_base: 0x0000012863ec8000

Marking Bits (Prev, Next): (CMBitMap*) 0x000001284c9c2210, (CMBitMap*) 0x000001284c9c2250
 Prev Bits: [0x0000012864ab0000, 0x0000012866970000)
 Next Bits: [0x0000012866970000, 0x0000012868830000)

Polling page: 0x000001284ab20000

Metaspace:

Usage:
  Non-class:     10.58 MB capacity,    10.41 MB ( 98%) used,   156.96 KB (  1%) free+waste,    16.94 KB ( <1%) overhead. 
      Class:      1.40 MB capacity,     1.32 MB ( 94%) used,    78.08 KB (  5%) free+waste,     6.94 KB ( <1%) overhead. 
       Both:     11.98 MB capacity,    11.72 MB ( 98%) used,   235.04 KB (  2%) free+waste,    23.88 KB ( <1%) overhead. 

Virtual space:
  Non-class space:       12.00 MB reserved,      10.75 MB ( 90%) committed 
      Class space:        1.00 GB reserved,       1.50 MB ( <1%) committed 
             Both:        1.01 GB reserved,      12.25 MB (  1%) committed 

Chunk freelists:
   Non-Class:  49.00 KB
       Class:  8.00 KB
        Both:  57.00 KB

MaxMetaspaceSize: 17179869184.00 GB
CompressedClassSpaceSize: 1.00 GB

CodeHeap 'non-profiled nmethods': size=120000Kb used=314Kb max_used=314Kb free=119685Kb
 bounds [0x000001285c690000, 0x000001285c900000, 0x0000012863bc0000]
CodeHeap 'profiled nmethods': size=120000Kb used=1578Kb max_used=1578Kb free=118421Kb
 bounds [0x0000012855160000, 0x00000128553d0000, 0x000001285c690000]
CodeHeap 'non-nmethods': size=5760Kb used=1342Kb max_used=1357Kb free=4417Kb
 bounds [0x0000012854bc0000, 0x0000012854e30000, 0x0000012855160000]
 total_blobs=1699 nmethods=1066 adapters=546
 compilation: enabled
              stopped_count=0, restarted_count=0
 full_count=0

Compilation events (20 events):
Event: 1.709 Thread 0x000001286b2766e0 1057       3       org.netbeans.lib.profiler.server.ProfilerRuntimeSampler$Sampling::writeThreadInfoNoChange (86 bytes)
Event: 1.710 Thread 0x000001286b2766e0 nmethod 1057 0x00000128552e8410 code [0x00000128552e85e0, 0x00000128552e88e8]
Event: 1.946 Thread 0x000001286b2766e0 1058       3       jdk.internal.util.ArraysSupport::mismatch (72 bytes)
Event: 1.947 Thread 0x000001286b2766e0 nmethod 1058 0x00000128552e8a90 code [0x00000128552e8c60, 0x00000128552e9018]
Event: 1.962 Thread 0x000001286b2766e0 1060       1       java.awt.Component::isVisible_NoClientCode (5 bytes)
Event: 1.962 Thread 0x000001286b2766e0 nmethod 1060 0x000001285c6dd910 code [0x000001285c6ddaa0, 0x000001285c6ddb58]
Event: 1.962 Thread 0x000001286b2766e0 1061       3       java.awt.geom.AffineTransform::getType (17 bytes)
Event: 1.963 Thread 0x000001286b2766e0 nmethod 1061 0x00000128552e9210 code [0x00000128552e93c0, 0x00000128552e9548]
Event: 1.963 Thread 0x000001286b274c30 1062       4       java.util.concurrent.ConcurrentHashMap::get (162 bytes)
Event: 1.963 Thread 0x000001286b2766e0 1063       3       java.awt.Component::getFont (5 bytes)
Event: 1.963 Thread 0x000001286b2766e0 nmethod 1063 0x00000128552e9610 code [0x00000128552e97e0, 0x00000128552e9b08]
Event: 1.963 Thread 0x000001286b2766e0 1064       3       java.lang.Math::floor (5 bytes)
Event: 1.963 Thread 0x000001286b2766e0 nmethod 1064 0x00000128552e9c10 code [0x00000128552e9da0, 0x00000128552e9ea8]
Event: 1.963 Thread 0x000001286b2766e0 1065       3       java.lang.StrictMath::floor (12 bytes)
Event: 1.964 Thread 0x000001286b2766e0 nmethod 1065 0x00000128552e9f90 code [0x00000128552ea160, 0x00000128552ea288]
Event: 1.980 Thread 0x000001286b274c30 nmethod 1062 0x000001285c6ddc10 code [0x000001285c6ddde0, 0x000001285c6de4f8]
Event: 2.038 Thread 0x000001286b2766e0 1066       3       java.io.Bits::getInt (43 bytes)
Event: 2.038 Thread 0x000001286b2766e0 nmethod 1066 0x00000128552ea310 code [0x00000128552ea4a0, 0x00000128552ea638]
Event: 2.038 Thread 0x000001286b2766e0 1067       3       java.io.ObjectInputStream::readInt (8 bytes)
Event: 2.039 Thread 0x000001286b2766e0 nmethod 1067 0x00000128552ea790 code [0x00000128552ea940, 0x00000128552eaa88]

GC Heap History (0 events):
No events

Deoptimization events (20 events):
Event: 1.326 Thread 0x000001286c9191e0 Uncommon trap: trap_request=0xffffffde fr.pc=0x000001285c6d11a4 relative=0x00000000000007a4
Event: 1.326 Thread 0x000001286c9191e0 Uncommon trap: reason=class_check action=maybe_recompile pc=0x000001285c6d11a4 method=java.util.HashMap.putVal(ILjava/lang/Object;Ljava/lang/Object;ZZ)Ljava/lang/Object; @ 203 c2
Event: 1.326 Thread 0x000001286c9191e0 DEOPT PACKING pc=0x000001285c6d11a4 sp=0x000000012befdcb0
Event: 1.326 Thread 0x000001286c9191e0 DEOPT UNPACKING pc=0x0000012854bc852f sp=0x000000012befdc30 mode 2
Event: 1.326 Thread 0x000001286c9191e0 Uncommon trap: trap_request=0xffffffde fr.pc=0x000001285c6d1170 relative=0x0000000000000770
Event: 1.326 Thread 0x000001286c9191e0 Uncommon trap: reason=class_check action=maybe_recompile pc=0x000001285c6d1170 method=java.util.HashMap.putVal(ILjava/lang/Object;Ljava/lang/Object;ZZ)Ljava/lang/Object; @ 91 c2
Event: 1.326 Thread 0x000001286c9191e0 DEOPT PACKING pc=0x000001285c6d1170 sp=0x000000012befdcb0
Event: 1.326 Thread 0x000001286c9191e0 DEOPT UNPACKING pc=0x0000012854bc852f sp=0x000000012befdc30 mode 2
Event: 1.326 Thread 0x000001286c9191e0 Uncommon trap: trap_request=0xffffffde fr.pc=0x000001285c6d11a4 relative=0x00000000000007a4
Event: 1.326 Thread 0x000001286c9191e0 Uncommon trap: reason=class_check action=maybe_recompile pc=0x000001285c6d11a4 method=java.util.HashMap.putVal(ILjava/lang/Object;Ljava/lang/Object;ZZ)Ljava/lang/Object; @ 203 c2
Event: 1.326 Thread 0x000001286c9191e0 DEOPT PACKING pc=0x000001285c6d11a4 sp=0x000000012befdcb0
Event: 1.326 Thread 0x000001286c9191e0 DEOPT UNPACKING pc=0x0000012854bc852f sp=0x000000012befdc30 mode 2
Event: 1.326 Thread 0x000001286c9191e0 Uncommon trap: trap_request=0xffffffde fr.pc=0x000001285c6d11a4 relative=0x00000000000007a4
Event: 1.326 Thread 0x000001286c9191e0 Uncommon trap: reason=class_check action=maybe_recompile pc=0x000001285c6d11a4 method=java.util.HashMap.putVal(ILjava/lang/Object;Ljava/lang/Object;ZZ)Ljava/lang/Object; @ 203 c2
Event: 1.326 Thread 0x000001286c9191e0 DEOPT PACKING pc=0x000001285c6d11a4 sp=0x000000012befdcb0
Event: 1.326 Thread 0x000001286c9191e0 DEOPT UNPACKING pc=0x0000012854bc852f sp=0x000000012befdc30 mode 2
Event: 1.346 Thread 0x000001284c981430 Uncommon trap: trap_request=0xffffff45 fr.pc=0x000001285c69fce8 relative=0x00000000000002e8
Event: 1.346 Thread 0x000001284c981430 Uncommon trap: reason=unstable_if action=reinterpret pc=0x000001285c69fce8 method=java.lang.StringUTF16.compress([CI[BII)I @ 20 c2
Event: 1.346 Thread 0x000001284c981430 DEOPT PACKING pc=0x000001285c69fce8 sp=0x000000012a6fced0
Event: 1.346 Thread 0x000001284c981430 DEOPT UNPACKING pc=0x0000012854bc852f sp=0x000000012a6fce50 mode 2

Classes unloaded (0 events):
No events

Classes redefined (0 events):
No events

Internal exceptions (20 events):
Event: 0.531 Thread 0x000001284c981430 Exception <a 'java/lang/NoSuchMethodError'{0x000000008cad8d90}: 'java.lang.Object java.lang.invoke.DirectMethodHandle$Holder.invokeStaticInit(java.lang.Object, java.lang.Object, java.lang.Object)'> (0x000000008cad8d90) 
thrown [./open/src/hotspot/share/interpreter/linkResolver.cpp, line 782]
Event: 0.543 Thread 0x000001284c981430 Exception <a 'java/lang/NoSuchMethodError'{0x000000008c8073f0}: 'int java.lang.invoke.DirectMethodHandle$Holder.invokeSpecial(java.lang.Object, java.lang.Object, java.lang.Object)'> (0x000000008c8073f0) 
thrown [./open/src/hotspot/share/interpreter/linkResolver.cpp, line 782]
Event: 0.564 Thread 0x000001284c981430 Exception <a 'java/lang/NoSuchMethodError'{0x000000008c81c300}: 'int java.lang.invoke.DirectMethodHandle$Holder.invokeInterface(java.lang.Object, java.lang.Object)'> (0x000000008c81c300) 
thrown [./open/src/hotspot/share/interpreter/linkResolver.cpp, line 782]
Event: 0.564 Thread 0x000001284c981430 Exception <a 'java/lang/IncompatibleClassChangeError'{0x000000008c81faf8}: Found class java.lang.Object, but interface was expected> (0x000000008c81faf8) 
thrown [./open/src/hotspot/share/interpreter/linkResolver.cpp, line 848]
Event: 0.644 Thread 0x000001284c981430 Exception <a 'java/lang/NoSuchMethodError'{0x000000008c7b1370}: 'void java.lang.invoke.DirectMethodHandle$Holder.invokeStatic(java.lang.Object, java.lang.Object, java.lang.Object)'> (0x000000008c7b1370) 
thrown [./open/src/hotspot/share/interpreter/linkResolver.cpp, line 782]
Event: 0.716 Thread 0x000001286bcf6550 Exception <a 'java/lang/VerifyError'{0x000000008c9d1218}: Stack map does not match the one at exception handler 21
Exception Details:
  Location:
    org/netbeans/lib/profiler/ConstructorTest.<init>()V @21: astore_1
  Reason:
    Current frame's flags are not assignable to stack map frame's.
  Current Frame:
    bci: @0
    flags: { flagThisUninit }
    locals: { uninitializedThis }
    stack: { 'java/lang/Throwable' }
  Stackmap Frame:
    bci: @21
    flags: { }
    locals: { top }
    stack: { 'java/lan
Event: 0.942 Thread 0x000001286bcf6550 Exception <a 'java/lang/NoSuchMethodError'{0x000000008c6ed5f8}: 'void java.lang.invoke.DirectMethodHandle$Holder.invokeStaticInit(java.lang.Object, java.lang.Object)'> (0x000000008c6ed5f8) 
thrown [./open/src/hotspot/share/interpreter/linkResolver.cpp, line 782]
Event: 0.953 Thread 0x000001286bcf6550 Exception <a 'java/lang/NoSuchMethodError'{0x000000008c51aa20}: 'java.lang.Object java.lang.invoke.DirectMethodHandle$Holder.invokeStaticInit(java.lang.Object, int, int, int, int)'> (0x000000008c51aa20) 
thrown [./open/src/hotspot/share/interpreter/linkResolver.cpp, line 782]
Event: 0.988 Thread 0x000001286bcf6550 Exception <a 'java/lang/NoSuchMethodError'{0x000000008c582a98}: 'java.lang.Object java.lang.invoke.DirectMethodHandle$Holder.invokeStaticInit(java.lang.Object, java.lang.Object, int, int, int, int)'> (0x000000008c582a98) 
thrown [./open/src/hotspot/share/interpreter/linkResolver.cpp, line 782]
Event: 0.995 Thread 0x000001286bcf6550 Exception <a 'java/lang/NoSuchMethodError'{0x000000008c58d8e8}: 'java.lang.Object java.lang.invoke.Invokers$Holder.invoke_MT(java.lang.Object, java.lang.Object, java.lang.Object)'> (0x000000008c58d8e8) 
thrown [./open/src/hotspot/share/interpreter/linkResolver.cpp, line 782]
Event: 1.183 Thread 0x000001284c981430 Exception <a 'java/lang/ClassNotFoundException'{0x000000008c61cb10}: sun/awt/resources/spi/awtProvider> (0x000000008c61cb10) 
thrown [./open/src/hotspot/share/classfile/systemDictionary.cpp, line 295]
Event: 1.188 Thread 0x000001284c981430 Exception <a 'java/io/FileNotFoundException'{0x000000008c627d60}> (0x000000008c627d60) 
thrown [./open/src/hotspot/share/prims/jni.cpp, line 578]
Event: 1.193 Thread 0x000001284c981430 Exception <a 'java/io/FileNotFoundException'{0x000000008c656528}> (0x000000008c656528) 
thrown [./open/src/hotspot/share/prims/jni.cpp, line 578]
Event: 1.265 Thread 0x000001284c981430 Exception <a 'java/lang/NoSuchMethodError'{0x000000008c305540}: 'java.lang.Object java.lang.invoke.DirectMethodHandle$Holder.newInvokeSpecial(java.lang.Object, java.lang.Object, java.lang.Object, java.lang.Object, java.lang.Object)'> (0x000000008c305540) 
thrown [./open/src/hotspot/share/interpreter/linkResolver.cpp, line 782]
Event: 1.266 Thread 0x000001284c981430 Exception <a 'java/lang/NoSuchMethodError'{0x000000008c310cd8}: 'java.lang.Object java.lang.invoke.DirectMethodHandle$Holder.invokeStatic(java.lang.Object, int, java.lang.Object, java.lang.Object, java.lang.Object, java.lang.Object)'> (0x000000008c310cd8) 
thrown [./open/src/hotspot/share/interpreter/linkResolver.cpp, line 782]
Event: 1.270 Thread 0x000001284c981430 Exception <a 'java/lang/NoSuchMethodError'{0x000000008c336f98}: 'java.lang.Object java.lang.invoke.DirectMethodHandle$Holder.invokeStatic(java.lang.Object, int, java.lang.Object)'> (0x000000008c336f98) 
thrown [./open/src/hotspot/share/interpreter/linkResolver.cpp, line 782]
Event: 1.290 Thread 0x000001284c981430 Exception <a 'java/lang/ClassNotFoundException'{0x000000008c3f3630}: com/sun/swing/internal/plaf/metal/resources/spi/metalProvider> (0x000000008c3f3630) 
thrown [./open/src/hotspot/share/classfile/systemDictionary.cpp, line 295]
Event: 1.291 Thread 0x000001284c981430 Exception <a 'java/lang/ClassNotFoundException'{0x000000008c3f78c0}: com/sun/swing/internal/plaf/basic/resources/spi/basicProvider> (0x000000008c3f78c0) 
thrown [./open/src/hotspot/share/classfile/systemDictionary.cpp, line 295]
Event: 1.295 Thread 0x000001284c981430 Implicit null exception at 0x000001285c6c8458 to 0x000001285c6c84ea
Event: 1.338 Thread 0x000001284c981430 Exception <a 'java/lang/NoSuchMethodError'{0x000000008c264e48}: 'void java.lang.invoke.DirectMethodHandle$Holder.invokeStaticInit(java.lang.Object)'> (0x000000008c264e48) 
thrown [./open/src/hotspot/share/interpreter/linkResolver.cpp, line 782]

Events (20 events):
Event: 1.961 Executing VM operation: GetAllStackTraces
Event: 1.961 Executing VM operation: GetAllStackTraces done
Event: 1.961 loading class javax/swing/Timer$1
Event: 1.961 loading class javax/swing/Timer$1 done
Event: 1.977 Executing VM operation: GetAllStackTraces
Event: 1.978 Executing VM operation: GetAllStackTraces done
Event: 1.978 Executing VM operation: HandshakeAllThreads
Event: 1.978 Executing VM operation: HandshakeAllThreads done
Event: 1.993 Executing VM operation: GetAllStackTraces
Event: 1.994 Executing VM operation: GetAllStackTraces done
Event: 2.002 loading class org/netbeans/lib/profiler/wireprotocol/EventBufferDumpedCommand
Event: 2.006 loading class org/netbeans/lib/profiler/wireprotocol/EventBufferDumpedCommand done
Event: 2.010 Executing VM operation: GetAllStackTraces
Event: 2.011 Executing VM operation: GetAllStackTraces done
Event: 2.011 Executing VM operation: HandshakeAllThreads
Event: 2.011 Executing VM operation: HandshakeAllThreads done
Event: 2.029 loading class org/netbeans/lib/profiler/wireprotocol/DumpResultsResponse
Event: 2.029 loading class org/netbeans/lib/profiler/wireprotocol/DumpResultsResponse done
Event: 2.037 loading class org/netbeans/lib/profiler/wireprotocol/GetMethodNamesForJMethodIdsCommand
Event: 2.038 loading class org/netbeans/lib/profiler/wireprotocol/GetMethodNamesForJMethodIdsCommand done


Dynamic libraries:
0x00007ff674080000 - 0x00007ff67408f000 	C:\Program Files\Java\jdk-15.0.2\bin\java.exe
0x00007ffc7cd10000 - 0x00007ffc7cf05000 	C:\Windows\SYSTEM32\ntdll.dll
0x00007ffc7b780000 - 0x00007ffc7b83d000 	C:\Windows\System32\KERNEL32.DLL
0x00007ffc7a700000 - 0x00007ffc7a9c8000 	C:\Windows\System32\KERNELBASE.dll
0x00007ffc7a4a0000 - 0x00007ffc7a5a0000 	C:\Windows\System32\ucrtbase.dll
0x00007ffc6a6d0000 - 0x00007ffc6a6e9000 	C:\Program Files\Java\jdk-15.0.2\bin\VCRUNTIME140.dll
0x00007ffc69b30000 - 0x00007ffc69b48000 	C:\Program Files\Java\jdk-15.0.2\bin\jli.dll
0x00007ffc7aea0000 - 0x00007ffc7af4c000 	C:\Windows\System32\ADVAPI32.dll
0x00007ffc7c180000 - 0x00007ffc7c21e000 	C:\Windows\System32\msvcrt.dll
0x00007ffc7c390000 - 0x00007ffc7c42b000 	C:\Windows\System32\sechost.dll
0x00007ffc7bb40000 - 0x00007ffc7bc6b000 	C:\Windows\System32\RPCRT4.dll
0x00007ffc7b160000 - 0x00007ffc7b300000 	C:\Windows\System32\USER32.dll
0x00007ffc7a9d0000 - 0x00007ffc7a9f2000 	C:\Windows\System32\win32u.dll
0x00007ffc64320000 - 0x00007ffc645ba000 	C:\Windows\WinSxS\amd64_microsoft.windows.common-controls_6595b64144ccf1df_6.0.19041.844_none_ca00b6081b84eb1d\COMCTL32.dll
0x00007ffc7c150000 - 0x00007ffc7c17a000 	C:\Windows\System32\GDI32.dll
0x00007ffc7ab50000 - 0x00007ffc7ac5b000 	C:\Windows\System32\gdi32full.dll
0x00007ffc7aa00000 - 0x00007ffc7aa9d000 	C:\Windows\System32\msvcp_win.dll
0x00007ffc71450000 - 0x00007ffc7145a000 	C:\Windows\SYSTEM32\VERSION.dll
0x00007ffc7c360000 - 0x00007ffc7c390000 	C:\Windows\System32\IMM32.DLL
0x00007ffc74100000 - 0x00007ffc7410c000 	C:\Program Files\Java\jdk-15.0.2\bin\vcruntime140_1.dll
0x00007ffc3d550000 - 0x00007ffc3d5e1000 	C:\Program Files\Java\jdk-15.0.2\bin\msvcp140.dll
0x00007ffc1dd60000 - 0x00007ffc1e8be000 	C:\Program Files\Java\jdk-15.0.2\bin\server\jvm.dll
0x00007ffc7ccc0000 - 0x00007ffc7ccc8000 	C:\Windows\System32\PSAPI.DLL
0x00007ffc62d00000 - 0x00007ffc62d27000 	C:\Windows\SYSTEM32\WINMM.dll
0x00007ffc755e0000 - 0x00007ffc755e9000 	C:\Windows\SYSTEM32\WSOCK32.dll
0x00007ffc7bc70000 - 0x00007ffc7bcdb000 	C:\Windows\System32\WS2_32.dll
0x00007ffc78d20000 - 0x00007ffc78d32000 	C:\Windows\SYSTEM32\kernel.appcore.dll
0x00007ffc716b0000 - 0x00007ffc716ba000 	C:\Program Files\Java\jdk-15.0.2\bin\jimage.dll
0x00007ffc78a30000 - 0x00007ffc78c14000 	C:\Windows\SYSTEM32\DBGHELP.DLL
0x00007ffc5dc20000 - 0x00007ffc5dc4c000 	C:\Windows\SYSTEM32\dbgcore.DLL
0x00007ffc7ac60000 - 0x00007ffc7ace0000 	C:\Windows\System32\bcryptPrimitives.dll
0x00007ffc64a70000 - 0x00007ffc64a7f000 	C:\Program Files\NetBeans-12.2\netbeans\profiler\lib\deployed\jdk16\windows-amd64\profilerinterface.dll
0x00007ffc69ac0000 - 0x00007ffc69ae5000 	C:\Program Files\Java\jdk-15.0.2\bin\java.dll
0x00007ffc64a80000 - 0x00007ffc64a98000 	C:\Program Files\Java\jdk-15.0.2\bin\zip.dll
0x00007ffc7c4b0000 - 0x00007ffc7cbf2000 	C:\Windows\System32\SHELL32.dll
0x00007ffc781d0000 - 0x00007ffc78960000 	C:\Windows\SYSTEM32\windows.storage.dll
0x00007ffc7b300000 - 0x00007ffc7b655000 	C:\Windows\System32\combase.dll
0x00007ffc79ec0000 - 0x00007ffc79eec000 	C:\Windows\SYSTEM32\Wldp.dll
0x00007ffc7ba80000 - 0x00007ffc7bb2e000 	C:\Windows\System32\SHCORE.dll
0x00007ffc7cc60000 - 0x00007ffc7ccb5000 	C:\Windows\System32\shlwapi.dll
0x00007ffc7a390000 - 0x00007ffc7a3af000 	C:\Windows\SYSTEM32\profapi.dll
0x00007ffc64ac0000 - 0x00007ffc64ad9000 	C:\Program Files\Java\jdk-15.0.2\bin\net.dll
0x00007ffc742f0000 - 0x00007ffc743fb000 	C:\Windows\SYSTEM32\WINHTTP.dll
0x00007ffc79bc0000 - 0x00007ffc79c2a000 	C:\Windows\system32\mswsock.dll
0x00007ffc64aa0000 - 0x00007ffc64ab2000 	C:\Program Files\Java\jdk-15.0.2\bin\nio.dll
0x00007ffc6a6c0000 - 0x00007ffc6a6c9000 	C:\Program Files\Java\jdk-15.0.2\bin\management.dll
0x00007ffc68820000 - 0x00007ffc6882b000 	C:\Program Files\Java\jdk-15.0.2\bin\management_ext.dll
0x00007ffc79da0000 - 0x00007ffc79db8000 	C:\Windows\SYSTEM32\CRYPTSP.dll
0x00007ffc79560000 - 0x00007ffc79594000 	C:\Windows\system32\rsaenh.dll
0x00007ffc7ace0000 - 0x00007ffc7ad07000 	C:\Windows\System32\bcrypt.dll
0x00007ffc7a310000 - 0x00007ffc7a33e000 	C:\Windows\SYSTEM32\USERENV.dll
0x00007ffc79d90000 - 0x00007ffc79d9c000 	C:\Windows\SYSTEM32\CRYPTBASE.dll
0x00007ffc798b0000 - 0x00007ffc798eb000 	C:\Windows\SYSTEM32\IPHLPAPI.DLL
0x00007ffc7bb30000 - 0x00007ffc7bb38000 	C:\Windows\System32\NSI.dll
0x00007ffc71410000 - 0x00007ffc71427000 	C:\Windows\SYSTEM32\dhcpcsvc6.DLL
0x00007ffc71890000 - 0x00007ffc718ad000 	C:\Windows\SYSTEM32\dhcpcsvc.DLL
0x00007ffc798f0000 - 0x00007ffc799bc000 	C:\Windows\SYSTEM32\DNSAPI.dll
0x00007ffc32ae0000 - 0x00007ffc32c60000 	C:\Program Files\Java\jdk-15.0.2\bin\awt.dll
0x00007ffc7b9b0000 - 0x00007ffc7ba7d000 	C:\Windows\System32\OLEAUT32.dll
0x00007ffc77930000 - 0x00007ffc779c0000 	C:\Windows\SYSTEM32\apphelp.dll
0x00007ffc77ce0000 - 0x00007ffc77d0f000 	C:\Windows\system32\DWMAPI.DLL
0x00007ffc77af0000 - 0x00007ffc77b8e000 	C:\Windows\system32\uxtheme.dll
0x00007ffc6ac50000 - 0x00007ffc6ad76000 	C:\Windows\system32\opengl32.dll
0x00007ffc717d0000 - 0x00007ffc717fc000 	C:\Windows\SYSTEM32\GLU32.dll
0x00007ffc7b660000 - 0x00007ffc7b775000 	C:\Windows\System32\MSCTF.dll
0x00007ffc7c220000 - 0x00007ffc7c34a000 	C:\Windows\System32\ole32.dll
0x00007ffc61ca0000 - 0x00007ffc61d25000 	C:\Program Files\Java\jdk-15.0.2\bin\freetype.dll
0x00007ffc3a310000 - 0x00007ffc3a3b9000 	C:\Program Files\Java\jdk-15.0.2\bin\fontmanager.dll
0x00007ffc7ad70000 - 0x00007ffc7ae19000 	C:\Windows\System32\clbcatq.dll
0x00007ffc749a0000 - 0x00007ffc74b54000 	C:\Windows\SYSTEM32\WindowsCodecs.dll
0x00007ffc69560000 - 0x00007ffc6959e000 	C:\Windows\system32\dataexchange.dll
0x00007ffc76520000 - 0x00007ffc76784000 	C:\Windows\system32\d3d11.dll
0x00007ffc76e30000 - 0x00007ffc77015000 	C:\Windows\system32\dcomp.dll
0x00007ffc78d90000 - 0x00007ffc78e84000 	C:\Windows\system32\dxgi.dll
0x00007ffc73e00000 - 0x00007ffc74001000 	C:\Windows\system32\twinapi.appcore.dll
0x00007ffc63af0000 - 0x00007ffc63be9000 	C:\Windows\SYSTEM32\textinputframework.dll
0x00007ffc77700000 - 0x00007ffc777f2000 	C:\Windows\System32\CoreMessaging.dll
0x00007ffc77020000 - 0x00007ffc7737e000 	C:\Windows\System32\CoreUIComponents.dll
0x00007ffc75f60000 - 0x00007ffc760b4000 	C:\Windows\SYSTEM32\wintypes.dll
0x00007ffc79190000 - 0x00007ffc791c3000 	C:\Windows\SYSTEM32\ntmarta.dll

dbghelp: loaded successfully - version: 4.0.5 - missing functions: none
symbol engine: initialized successfully - sym options: 0x614 - pdb path: .;C:\Program Files\Java\jdk-15.0.2\bin;C:\Windows\SYSTEM32;C:\Windows\WinSxS\amd64_microsoft.windows.common-controls_6595b64144ccf1df_6.0.19041.844_none_ca00b6081b84eb1d;C:\Program Files\Java\jdk-15.0.2\bin\server;C:\Program Files\NetBeans-12.2\netbeans\profiler\lib\deployed\jdk16\windows-amd64

VM Arguments:
jvm_args: -Dfile.encoding=UTF-8 -agentpath:C:/Program Files/NetBeans-12.2/netbeans/profiler/lib/deployed/jdk16/windows-amd64/profilerinterface.dll=C:\Program Files\NetBeans-12.2\netbeans\profiler\lib,5140,10 -XX:+HeapDumpOnOutOfMemoryError -XX:HeapDumpPath=C:\Users\61481\Desktop\2021-1\Assessments\Java\Skill Assessment ICTPRG527\TextEditor\nbproject\private\profiler 
java_command: texteditor.TextEditor
java_class_path (initial): C:\Users\61481\Desktop\2021-1\Assessments\Java\Skill Assessment ICTPRG527\TextEditor\jdatepicker-2.0.3.jar;C:\Users\61481\Desktop\2021-1\Assessments\Java\Skill Assessment ICTPRG527\TextEditor\jcalendar-1.4.jar;C:\Users\61481\Desktop\2021-1\Java\mysql-connector-java-5.1.49.jar;C:\Users\61481\Desktop\2021-1\Assessments\Java\Skill Assessment ICTPRG527\TextEditor\build\classes
Launcher Type: SUN_STANDARD

[Global flags]
     intx CICompilerCount                          = 4                                         {product} {ergonomic}
     uint ConcGCThreads                            = 2                                         {product} {ergonomic}
     uint G1ConcRefinementThreads                  = 8                                         {product} {ergonomic}
   size_t G1HeapRegionSize                         = 1048576                                   {product} {ergonomic}
    uintx GCDrainStackTargetSize                   = 64                                        {product} {ergonomic}
     bool HeapDumpOnOutOfMemoryError               = true                                   {manageable} {command line}
    ccstr HeapDumpPath                             = C:\Users\61481\Desktop\2021-1\Assessments\Java\Skill Assessment ICTPRG527\TextEditor\nbproject\private\profiler         {manageable} {command line}
   size_t InitialHeapSize                          = 130023424                                 {product} {ergonomic}
   size_t MarkStackSize                            = 4194304                                   {product} {ergonomic}
   size_t MaxHeapSize                              = 2063597568                                {product} {ergonomic}
   size_t MaxNewSize                               = 1237319680                                {product} {ergonomic}
   size_t MinHeapDeltaBytes                        = 1048576                                   {product} {ergonomic}
   size_t MinHeapSize                              = 8388608                                   {product} {ergonomic}
    uintx NonNMethodCodeHeapSize                   = 5839372                                {pd product} {ergonomic}
    uintx NonProfiledCodeHeapSize                  = 122909434                              {pd product} {ergonomic}
    uintx ProfiledCodeHeapSize                     = 122909434                              {pd product} {ergonomic}
    uintx ReservedCodeCacheSize                    = 251658240                              {pd product} {ergonomic}
     bool SegmentedCodeCache                       = true                                      {product} {ergonomic}
   size_t SoftMaxHeapSize                          = 2063597568                             {manageable} {ergonomic}
     bool UseCompressedClassPointers               = true                                 {lp64_product} {ergonomic}
     bool UseCompressedOops                        = true                                 {lp64_product} {ergonomic}
     bool UseG1GC                                  = true                                      {product} {ergonomic}
     bool UseLargePagesIndividualAllocation        = false                                  {pd product} {ergonomic}

Logging:
Log output configuration:
 #0: stdout all=warning uptime,level,tags
 #1: stderr all=off uptime,level,tags

Environment Variables:
PATH=C:\Program Files (x86)\Common Files\Oracle\Java\javapath;C:\Program Files\Common Files\Oracle\Java\javapath;C:\Windows\system32;C:\Windows;C:\Windows\System32\Wbem;C:\Windows\System32\WindowsPowerShell\v1.0\;C:\Windows\System32\OpenSSH\;C:\Program Files\dotnet\;C:\Program Files\Microsoft SQL Server\Client SDK\ODBC\170\Tools\Binn\;C:\Program Files (x86)\Microsoft SQL Server\150\Tools\Binn\;C:\Program Files\Microsoft SQL Server\150\Tools\Binn\;C:\Program Files\Microsoft SQL Server\150\DTS\Binn\;C:\Program Files (x86)\Microsoft SQL Server\150\DTS\Binn\;C:\Program Files\Azure Data Studio\bin;C:\Users\61481\AppData\Local\Microsoft\WindowsApps;C:\Program Files\Azure Data Studio\bin;C:\Users\61481\.dotnet\tools
USERNAME=61481
OS=Windows_NT
PROCESSOR_IDENTIFIER=Intel64 Family 6 Model 140 Stepping 1, GenuineIntel



---------------  S Y S T E M  ---------------

OS:
 Windows 10 , 64 bit Build 19041 (10.0.19041.928)
OS uptime: 5 days 0:23 hours

CPU: total 8 (initial active 8) (4 cores per cpu, 2 threads per core) family 6 model 140 stepping 1 microcode 0x60, cmov, cx8, fxsr, mmx, sse, sse2, sse3, ssse3, sse4.1, sse4.2, popcnt, vzeroupper, avx, avx2, aes, clmul, erms, 3dnowpref, lzcnt, ht, tsc, tscinvbit, bmi1, bmi2, adx, avx512f, avx512dq, avx512cd, avx512bw, avx512vl, avx512_vpopcntdq, avx512_vpclmulqdq, avx512_vbmi, avx512_vbmi2, avx512_vaes, avx512_vnni, sha, fma, clflush, clflushopt, clwb

Memory: 4k page, system-wide physical 7871M (2783M free)
TotalPageFile size 10431M (AvailPageFile size 3308M)
current process WorkingSet (physical memory assigned to process): 82M, peak: 82M
current process commit charge ("private bytes"): 239M, peak: 242M

vm_info: Java HotSpot(TM) 64-Bit Server VM (15.0.2+7-27) for windows-amd64 JRE (15.0.2+7-27), built on Dec  7 2020 20:07:01 by "mach5one" with unknown MS VC++:1925

END.
