#
# A fatal error has been detected by the Java Runtime Environment:
#
#  EXCEPTION_ACCESS_VIOLATION (0xc0000005) at pc=0x00007ffc1e33c49b, pid=15228, tid=19784
#
# JRE version: Java(TM) SE Runtime Environment (15.0.2+7) (build 15.0.2+7-27)
# Java VM: Java HotSpot(TM) 64-Bit Server VM (15.0.2+7-27, mixed mode, sharing, tiered, compressed oops, g1 gc, windows-amd64)
# Problematic frame:
# V  [jvm.dll+0x5dc49b]
#
# No core dump will be written. Minidumps are not enabled by default on client versions of Windows
#
# If you would like to submit a bug report, please visit:
#   https://bugreport.java.com/bugreport/crash.jsp
#

---------------  S U M M A R Y ------------

Command Line: -Dfile.encoding=UTF-8 -agentpath:C:/Program Files/NetBeans-12.2/netbeans/profiler/lib/deployed/jdk16/windows-amd64/profilerinterface.dll=C:\Program Files\NetBeans-12.2\netbeans\profiler\lib,5140,10 -XX:+HeapDumpOnOutOfMemoryError -XX:HeapDumpPath=C:\Users\61481\Desktop\2021-1\Assessments\Java\Skill Assessment ICTPRG527\TextEditor\nbproject\private\profiler texteditor.TextEditor

Host: 11th Gen Intel(R) Core(TM) i5-1135G7 @ 2.40GHz, 8 cores, 7G,  Windows 10 , 64 bit Build 19041 (10.0.19041.928)
Time: Fri May 21 13:28:26 2021 AUS Eastern Standard Time elapsed time: 8.439346 seconds (0d 0h 0m 8s)

---------------  T H R E A D  ---------------

Current thread (0x000002205b637b20):  JavaThread "*** Profiler Agent Communication Thread" daemon [_thread_in_vm, id=19784, stack(0x000000bf14800000,0x000000bf14900000)]

Stack: [0x000000bf14800000,0x000000bf14900000],  sp=0x000000bf148fed30,  free space=1019k
Native frames: (J=compiled Java code, j=interpreted, Vv=VM code, C=native code)
V  [jvm.dll+0x5dc49b]
V  [jvm.dll+0x49bc6b]
C  [profilerinterface.dll+0x34da]

Java frames: (J=compiled Java code, j=interpreted, Vv=VM code)
j  org.netbeans.lib.profiler.server.system.Stacks.getMethodNamesForJMethodIds(I[I[I)[B+0
j  org.netbeans.lib.profiler.server.ProfilerInterface.getMethodNamesForJMethodIds([I)Lorg/netbeans/lib/profiler/wireprotocol/MethodNamesResponse;+20
j  org.netbeans.lib.profiler.server.ProfilerServer.handleClientCommand(Lorg/netbeans/lib/profiler/wireprotocol/Command;)V+691
j  org.netbeans.lib.profiler.server.ProfilerServer.listenToClient()V+48
j  org.netbeans.lib.profiler.server.ProfilerServer.run()V+22
v  ~StubRoutines::call_stub

siginfo: EXCEPTION_ACCESS_VIOLATION (0xc0000005), reading address 0x000000005ab58798


Register to memory mapping:

RIP=0x00007ffc1e33c49b jvm.dll
RAX=0x000000bf148fed01 is pointing into the stack for thread: 0x000002205b637b20
RBX=0x000002205b637b20 is a thread
RCX=0x000000005ab58798 is an unknown value
RDX=0x000002205b637b20 is a thread
RSP=0x000000bf148fed30 is pointing into the stack for thread: 0x000002205b637b20
RBP=0x000000005ab58798 is an unknown value
RSI=0x000000bf148fee50 is pointing into the stack for thread: 0x000002205b637b20
RDI=0x000002203a0dab30 points into unknown readable memory: 0x00007ffc1e76b970 | 70 b9 76 1e fc 7f 00 00
R8 =0x000000bf148fee50 is pointing into the stack for thread: 0x000002205b637b20
R9 =0x00000000000000fa is an unknown value
R10=0x0 is NULL
R11=0x000000bf148fed28 is pointing into the stack for thread: 0x000002205b637b20
R12=0x000002205d23e310 points into unknown readable memory: 0x1c3b6cb01ab58798 | 98 87 b5 1a b0 6c 3b 1c
R13=0x000000000000001d is an unknown value
R14=0x00007ffc76e29c68 profilerinterface.dll
R15=0x00007ffc76e29a60 profilerinterface.dll


Registers:
RAX=0x000000bf148fed01, RBX=0x000002205b637b20, RCX=0x000000005ab58798, RDX=0x000002205b637b20
RSP=0x000000bf148fed30, RBP=0x000000005ab58798, RSI=0x000000bf148fee50, RDI=0x000002203a0dab30
R8 =0x000000bf148fee50, R9 =0x00000000000000fa, R10=0x0000000000000000, R11=0x000000bf148fed28
R12=0x000002205d23e310, R13=0x000000000000001d, R14=0x00007ffc76e29c68, R15=0x00007ffc76e29a60
RIP=0x00007ffc1e33c49b, EFLAGS=0x0000000000010202

Top of Stack: (sp=0x000000bf148fed30)
0x000000bf148fed30:   000000000000001d 000002205d23e310
0x000000bf148fed40:   000002205b637b20 000000bf148fef08
0x000000bf148fed50:   000002205b637b20 00007ffc1e1fbc6b
0x000000bf148fed60:   0000000000000488 000002205b637b20
0x000000bf148fed70:   000002205b637e48 00007ffc7c199d40
0x000000bf148fed80:   000002205b637b20 0000000000000000
0x000000bf148fed90:   0000022000000000 0000000000000000
0x000000bf148feda0:   000000005ab58798 00007ffc76e234da
0x000000bf148fedb0:   0000000000000000 000002205b637e48
0x000000bf148fedc0:   0000000000000001 000002205af3cb88
0x000000bf148fedd0:   000002205d23e310 00007ffc1e0ac687
0x000000bf148fede0:   000000000001bb5b 000002204450e8d1
0x000000bf148fedf0:   000002205b637b20 0000000000000001
0x000000bf148fee00:   000002205af3cb88 000002205b637b20
0x000000bf148fee10:   000002205b637b20 000002205af3cb88
0x000000bf148fee20:   0000000000000000 00000220444e9c90 

Instructions: (pc=0x00007ffc1e33c49b)
0x00007ffc1e33c39b:   00 00 4d 85 f6 74 3c 49 8b 06 49 8b ce 48 89 7c
0x00007ffc1e33c3ab:   24 38 ff 50 30 49 8b 16 49 8b ce 48 63 d8 ff 52
0x00007ffc1e33c3bb:   08 48 8b cd 0f b6 f8 e8 b9 ce be ff 48 8b c8 44
0x00007ffc1e33c3cb:   0f b6 cf 4c 8b c3 49 8b d6 e8 57 44 ff ff 48 8b
0x00007ffc1e33c3db:   7c 24 38 48 8b 6c 24 58 80 3d 79 6c 4a 00 00 74
0x00007ffc1e33c3eb:   18 48 8b 4c 24 20 48 8b d6 e8 a7 26 00 00 48 83
0x00007ffc1e33c3fb:   7e 08 00 74 04 33 db eb 09 48 8b 44 24 20 48 8b
0x00007ffc1e33c40b:   58 18 48 8d 4c 24 20 e8 99 80 d3 ff 4c 8b 74 24
0x00007ffc1e33c41b:   30 48 8b c3 48 8b 5c 24 50 48 83 c4 40 5e c3 cc
0x00007ffc1e33c42b:   cc cc cc cc cc 48 8b 51 08 4c 8b c1 48 8b 42 08
0x00007ffc1e33c43b:   0f b6 52 24 c0 ea 06 48 8b 48 18 8b 81 a4 00 00
0x00007ffc1e33c44b:   00 f6 c2 01 75 27 48 85 c9 74 14 8b c8 c1 e9 09
0x00007ffc1e33c45b:   f6 c1 01 74 0a 41 f7 40 20 02 04 00 00 74 0e 41
0x00007ffc1e33c46b:   8b 48 20 0b c8 f6 c1 10 74 03 b0 01 c3 41 83 78
0x00007ffc1e33c47b:   24 fe 0f 94 c0 c3 cc cc cc cc cc cc cc cc cc cc
0x00007ffc1e33c48b:   cc cc cc cc cc 40 53 48 83 ec 20 48 85 c9 74 24
0x00007ffc1e33c49b:   48 8b 19 48 85 db 74 1c 48 83 fb 37 74 16 48 8b
0x00007ffc1e33c4ab:   13 48 8b cb ff 52 10 84 c0 74 09 48 8b c3 48 83
0x00007ffc1e33c4bb:   c4 20 5b c3 33 c0 48 83 c4 20 5b c3 cc cc cc cc
0x00007ffc1e33c4cb:   cc cc cc cc cc 40 53 55 41 56 41 57 48 83 ec 28
0x00007ffc1e33c4db:   48 8b 41 08 33 ed 4c 8b f1 48 8b 50 08 4c 8b 7a
0x00007ffc1e33c4eb:   18 49 8b 9f 70 01 00 00 48 85 db 0f 84 e5 00 00
0x00007ffc1e33c4fb:   00 8b 15 ca 39 4f 00 65 48 8b 04 25 58 00 00 00
0x00007ffc1e33c50b:   48 89 74 24 50 4c 89 64 24 60 4c 89 6c 24 20 41
0x00007ffc1e33c51b:   bd ff ff 00 00 4c 8d 24 d0 41 b8 40 00 00 00 48
0x00007ffc1e33c52b:   89 7c 24 58 90 49 8b 56 08 48 8b 73 10 0f b7 42
0x00007ffc1e33c53b:   2a 66 39 43 08 75 7c 0f b7 42 2c 66 39 43 0a 75
0x00007ffc1e33c54b:   72 0f b6 03 48 63 4b 04 49 8b 3c 24 88 44 11 38
0x00007ffc1e33c55b:   41 8b c0 80 3c 38 00 75 05 e8 a3 c5 1f 00 b8 08
0x00007ffc1e33c56b:   00 00 00 49 8b ce 48 8b 3c 38 48 8b d7 e8 53 2a
0x00007ffc1e33c57b:   bc ff 48 83 7f 08 00 75 0a 48 85 c0 74 05 66 44
0x00007ffc1e33c58b:   01 68 16 48 85 ed 74 14 48 8b cb 48 89 75 10 e8 


Stack slot to memory mapping:
stack at sp + 0 slots: 0x000000000000001d is an unknown value
stack at sp + 1 slots: 0x000002205d23e310 points into unknown readable memory: 0x1c3b6cb01ab58798 | 98 87 b5 1a b0 6c 3b 1c
stack at sp + 2 slots: 0x000002205b637b20 is a thread
stack at sp + 3 slots: 0x000000bf148fef08 is pointing into the stack for thread: 0x000002205b637b20
stack at sp + 4 slots: 0x000002205b637b20 is a thread
stack at sp + 5 slots: 0x00007ffc1e1fbc6b jvm.dll
stack at sp + 6 slots: 0x0000000000000488 is an unknown value
stack at sp + 7 slots: 0x000002205b637b20 is a thread


---------------  P R O C E S S  ---------------

Threads class SMR info:
_java_thread_list=0x000002205c3a4680, length=20, elements={
0x000002205ab593f0, 0x000002205ab59dd0, 0x000002205ab7f3f0, 0x000002205ab80cc0,
0x000002205ab81580, 0x000002205ab83230, 0x000002205ab70a50, 0x000002205ab7c470,
0x000002205b5a75d0, 0x000002205b637b20, 0x000002205b6d2ed0, 0x000002205b6d33a0,
0x000002205b8b1db0, 0x000002205b8a6d50, 0x000002205c01dad0, 0x000002205c01e2a0,
0x000002205b89cbc0, 0x000002203c2a2f50, 0x000002205c3639e0, 0x000002205c416a70
}

Java Threads: ( => current thread )
  0x000002205ab593f0 JavaThread "Reference Handler" daemon [_thread_blocked, id=544, stack(0x000000bf13f00000,0x000000bf14000000)]
  0x000002205ab59dd0 JavaThread "Finalizer" daemon [_thread_blocked, id=2624, stack(0x000000bf14000000,0x000000bf14100000)]
  0x000002205ab7f3f0 JavaThread "Signal Dispatcher" daemon [_thread_blocked, id=16932, stack(0x000000bf14100000,0x000000bf14200000)]
  0x000002205ab80cc0 JavaThread "Attach Listener" daemon [_thread_blocked, id=8360, stack(0x000000bf14200000,0x000000bf14300000)]
  0x000002205ab81580 JavaThread "Service Thread" daemon [_thread_blocked, id=10668, stack(0x000000bf14300000,0x000000bf14400000)]
  0x000002205ab83230 JavaThread "C2 CompilerThread0" daemon [_thread_blocked, id=4904, stack(0x000000bf14400000,0x000000bf14500000)]
  0x000002205ab70a50 JavaThread "C1 CompilerThread0" daemon [_thread_blocked, id=7996, stack(0x000000bf14500000,0x000000bf14600000)]
  0x000002205ab7c470 JavaThread "Sweeper thread" daemon [_thread_blocked, id=3036, stack(0x000000bf14600000,0x000000bf14700000)]
  0x000002205b5a75d0 JavaThread "Common-Cleaner" daemon [_thread_blocked, id=10568, stack(0x000000bf14700000,0x000000bf14800000)]
=>0x000002205b637b20 JavaThread "*** Profiler Agent Communication Thread" daemon [_thread_in_vm, id=19784, stack(0x000000bf14800000,0x000000bf14900000)]
  0x000002205b6d2ed0 JavaThread "*** JFluid Monitor thread ***" daemon [_thread_blocked, id=20140, stack(0x000000bf14900000,0x000000bf14a00000)]
  0x000002205b6d33a0 JavaThread "*** Profiler Agent Special Execution Thread 6" daemon [_thread_blocked, id=10432, stack(0x000000bf14a00000,0x000000bf14b00000)]
  0x000002205b8b1db0 JavaThread "Notification Thread" daemon [_thread_blocked, id=17668, stack(0x000000bf14b00000,0x000000bf14c00000)]
  0x000002205b8a6d50 JavaThread "Java2D Disposer" daemon [_thread_blocked, id=3884, stack(0x000000bf14d00000,0x000000bf14e00000)]
  0x000002205c01dad0 JavaThread "AWT-Shutdown" [_thread_blocked, id=14176, stack(0x000000bf14e00000,0x000000bf14f00000)]
  0x000002205c01e2a0 JavaThread "AWT-Windows" daemon [_thread_in_native, id=17584, stack(0x000000bf14f00000,0x000000bf15000000)]
  0x000002205b89cbc0 JavaThread "AWT-EventQueue-0" [_thread_blocked, id=10140, stack(0x000000bf15000000,0x000000bf15100000)]
  0x000002203c2a2f50 JavaThread "DestroyJavaVM" [_thread_blocked, id=1452, stack(0x000000bf13800000,0x000000bf13900000)]
  0x000002205c3639e0 JavaThread "TimerQueue" daemon [_thread_blocked, id=11552, stack(0x000000bf15400000,0x000000bf15500000)]
  0x000002205c416a70 JavaThread "*** Profiler Agent Special Execution Thread 10" daemon [_thread_blocked, id=8700, stack(0x000000bf15600000,0x000000bf15700000)]

Other Threads:
  0x000002205ab534f0 VMThread "VM Thread" [stack: 0x000000bf13e00000,0x000000bf13f00000] [id=11208] _threads_hazard_ptr=0x000002205c3a4680
  0x000002205bfcf2c0 WatcherThread [stack: 0x000000bf14c00000,0x000000bf14d00000] [id=16180]
  0x000002203c2e2ee0 GCTaskThread "GC Thread#0" [stack: 0x000000bf13900000,0x000000bf13a00000] [id=17664]
  0x000002203c2f45d0 ConcurrentGCThread "G1 Main Marker" [stack: 0x000000bf13a00000,0x000000bf13b00000] [id=15772]
  0x000002203c2f5050 ConcurrentGCThread "G1 Conc#0" [stack: 0x000000bf13b00000,0x000000bf13c00000] [id=14248]
  0x000002203c3702e0 ConcurrentGCThread "G1 Refine#0" [stack: 0x000000bf13c00000,0x000000bf13d00000] [id=18544]
  0x000002203c371c20 ConcurrentGCThread "G1 Young RemSet Sampling" [stack: 0x000000bf13d00000,0x000000bf13e00000] [id=1468]

Threads with active compile tasks:

VM state: synchronizing (normal execution)

VM Mutex/Monitor currently owned by a thread:  ([mutex/lock_event])
[0x000002203c29e790] Threads_lock - owner thread: 0x000002205ab534f0

Heap address: 0x0000000085000000, size: 1968 MB, Compressed Oops mode: 32-bit
CDS archive(s) mapped at: [0x0000000800000000-0x0000000800b50000-0x0000000800b50000), size 11862016, SharedBaseAddress: 0x0000000800000000, ArchiveRelocationMode: 0.
Compressed class space mapped at: 0x0000000800b50000-0x0000000840b50000, size: 1073741824
Narrow klass base: 0x0000000800000000, Narrow klass shift: 3, Narrow klass range: 0x100000000

GC Precious Log:
 CPUs: 8 total, 8 available
 Memory: 7871M
 Large Page Support: Disabled
 NUMA Support: Disabled
 Compressed Oops: Enabled (32-bit)
 Heap Region Size: 1M
 Heap Min Capacity: 8M
 Heap Initial Capacity: 124M
 Heap Max Capacity: 1968M
 Pre-touch: Disabled
 Parallel Workers: 8
 Concurrent Workers: 2
 Concurrent Refinement Workers: 8
 Periodic GC: Disabled

Heap:
 garbage-first heap   total 126976K, used 16384K [0x0000000085000000, 0x0000000100000000)
  region size 1024K, 13 young (13312K), 0 survivors (0K)
 Metaspace       used 12031K, capacity 12263K, committed 12544K, reserved 1060864K
  class space    used 1347K, capacity 1432K, committed 1536K, reserved 1048576K

Heap Regions: E=young(eden), S=young(survivor), O=old, HS=humongous(starts), HC=humongous(continues), CS=collection set, F=free, OA=open archive, CA=closed archive, TAMS=top-at-mark-start (previous, next)
|   0|0x0000000085000000, 0x0000000085100000, 0x0000000085100000|100%|HS|  |TAMS 0x0000000085000000, 0x0000000085000000| Complete 
|   1|0x0000000085100000, 0x0000000085200000, 0x0000000085200000|100%|HC|  |TAMS 0x0000000085100000, 0x0000000085100000| Complete 
|   2|0x0000000085200000, 0x0000000085300000, 0x0000000085300000|100%|HS|  |TAMS 0x0000000085200000, 0x0000000085200000| Complete 
|   3|0x0000000085300000, 0x0000000085400000, 0x0000000085400000|100%|HC|  |TAMS 0x0000000085300000, 0x0000000085300000| Complete 
|   4|0x0000000085400000, 0x0000000085400000, 0x0000000085500000|  0%| F|  |TAMS 0x0000000085400000, 0x0000000085400000| Untracked 
|   5|0x0000000085500000, 0x0000000085500000, 0x0000000085600000|  0%| F|  |TAMS 0x0000000085500000, 0x0000000085500000| Untracked 
|   6|0x0000000085600000, 0x0000000085600000, 0x0000000085700000|  0%| F|  |TAMS 0x0000000085600000, 0x0000000085600000| Untracked 
|   7|0x0000000085700000, 0x0000000085700000, 0x0000000085800000|  0%| F|  |TAMS 0x0000000085700000, 0x0000000085700000| Untracked 
|   8|0x0000000085800000, 0x0000000085800000, 0x0000000085900000|  0%| F|  |TAMS 0x0000000085800000, 0x0000000085800000| Untracked 
|   9|0x0000000085900000, 0x0000000085900000, 0x0000000085a00000|  0%| F|  |TAMS 0x0000000085900000, 0x0000000085900000| Untracked 
|  10|0x0000000085a00000, 0x0000000085a00000, 0x0000000085b00000|  0%| F|  |TAMS 0x0000000085a00000, 0x0000000085a00000| Untracked 
|  11|0x0000000085b00000, 0x0000000085b00000, 0x0000000085c00000|  0%| F|  |TAMS 0x0000000085b00000, 0x0000000085b00000| Untracked 
|  12|0x0000000085c00000, 0x0000000085c00000, 0x0000000085d00000|  0%| F|  |TAMS 0x0000000085c00000, 0x0000000085c00000| Untracked 
|  13|0x0000000085d00000, 0x0000000085d00000, 0x0000000085e00000|  0%| F|  |TAMS 0x0000000085d00000, 0x0000000085d00000| Untracked 
|  14|0x0000000085e00000, 0x0000000085e00000, 0x0000000085f00000|  0%| F|  |TAMS 0x0000000085e00000, 0x0000000085e00000| Untracked 
|  15|0x0000000085f00000, 0x0000000085f00000, 0x0000000086000000|  0%| F|  |TAMS 0x0000000085f00000, 0x0000000085f00000| Untracked 
|  16|0x0000000086000000, 0x0000000086000000, 0x0000000086100000|  0%| F|  |TAMS 0x0000000086000000, 0x0000000086000000| Untracked 
|  17|0x0000000086100000, 0x0000000086100000, 0x0000000086200000|  0%| F|  |TAMS 0x0000000086100000, 0x0000000086100000| Untracked 
|  18|0x0000000086200000, 0x0000000086200000, 0x0000000086300000|  0%| F|  |TAMS 0x0000000086200000, 0x0000000086200000| Untracked 
|  19|0x0000000086300000, 0x0000000086300000, 0x0000000086400000|  0%| F|  |TAMS 0x0000000086300000, 0x0000000086300000| Untracked 
|  20|0x0000000086400000, 0x0000000086400000, 0x0000000086500000|  0%| F|  |TAMS 0x0000000086400000, 0x0000000086400000| Untracked 
|  21|0x0000000086500000, 0x0000000086500000, 0x0000000086600000|  0%| F|  |TAMS 0x0000000086500000, 0x0000000086500000| Untracked 
|  22|0x0000000086600000, 0x0000000086600000, 0x0000000086700000|  0%| F|  |TAMS 0x0000000086600000, 0x0000000086600000| Untracked 
|  23|0x0000000086700000, 0x0000000086700000, 0x0000000086800000|  0%| F|  |TAMS 0x0000000086700000, 0x0000000086700000| Untracked 
|  24|0x0000000086800000, 0x0000000086800000, 0x0000000086900000|  0%| F|  |TAMS 0x0000000086800000, 0x0000000086800000| Untracked 
|  25|0x0000000086900000, 0x0000000086900000, 0x0000000086a00000|  0%| F|  |TAMS 0x0000000086900000, 0x0000000086900000| Untracked 
|  26|0x0000000086a00000, 0x0000000086a00000, 0x0000000086b00000|  0%| F|  |TAMS 0x0000000086a00000, 0x0000000086a00000| Untracked 
|  27|0x0000000086b00000, 0x0000000086b00000, 0x0000000086c00000|  0%| F|  |TAMS 0x0000000086b00000, 0x0000000086b00000| Untracked 
|  28|0x0000000086c00000, 0x0000000086c00000, 0x0000000086d00000|  0%| F|  |TAMS 0x0000000086c00000, 0x0000000086c00000| Untracked 
|  29|0x0000000086d00000, 0x0000000086d00000, 0x0000000086e00000|  0%| F|  |TAMS 0x0000000086d00000, 0x0000000086d00000| Untracked 
|  30|0x0000000086e00000, 0x0000000086e00000, 0x0000000086f00000|  0%| F|  |TAMS 0x0000000086e00000, 0x0000000086e00000| Untracked 
|  31|0x0000000086f00000, 0x0000000086f00000, 0x0000000087000000|  0%| F|  |TAMS 0x0000000086f00000, 0x0000000086f00000| Untracked 
|  32|0x0000000087000000, 0x0000000087000000, 0x0000000087100000|  0%| F|  |TAMS 0x0000000087000000, 0x0000000087000000| Untracked 
|  33|0x0000000087100000, 0x0000000087100000, 0x0000000087200000|  0%| F|  |TAMS 0x0000000087100000, 0x0000000087100000| Untracked 
|  34|0x0000000087200000, 0x0000000087200000, 0x0000000087300000|  0%| F|  |TAMS 0x0000000087200000, 0x0000000087200000| Untracked 
|  35|0x0000000087300000, 0x0000000087300000, 0x0000000087400000|  0%| F|  |TAMS 0x0000000087300000, 0x0000000087300000| Untracked 
|  36|0x0000000087400000, 0x0000000087400000, 0x0000000087500000|  0%| F|  |TAMS 0x0000000087400000, 0x0000000087400000| Untracked 
|  37|0x0000000087500000, 0x0000000087500000, 0x0000000087600000|  0%| F|  |TAMS 0x0000000087500000, 0x0000000087500000| Untracked 
|  38|0x0000000087600000, 0x0000000087600000, 0x0000000087700000|  0%| F|  |TAMS 0x0000000087600000, 0x0000000087600000| Untracked 
|  39|0x0000000087700000, 0x0000000087700000, 0x0000000087800000|  0%| F|  |TAMS 0x0000000087700000, 0x0000000087700000| Untracked 
|  40|0x0000000087800000, 0x0000000087800000, 0x0000000087900000|  0%| F|  |TAMS 0x0000000087800000, 0x0000000087800000| Untracked 
|  41|0x0000000087900000, 0x0000000087900000, 0x0000000087a00000|  0%| F|  |TAMS 0x0000000087900000, 0x0000000087900000| Untracked 
|  42|0x0000000087a00000, 0x0000000087a00000, 0x0000000087b00000|  0%| F|  |TAMS 0x0000000087a00000, 0x0000000087a00000| Untracked 
|  43|0x0000000087b00000, 0x0000000087b00000, 0x0000000087c00000|  0%| F|  |TAMS 0x0000000087b00000, 0x0000000087b00000| Untracked 
|  44|0x0000000087c00000, 0x0000000087c00000, 0x0000000087d00000|  0%| F|  |TAMS 0x0000000087c00000, 0x0000000087c00000| Untracked 
|  45|0x0000000087d00000, 0x0000000087d00000, 0x0000000087e00000|  0%| F|  |TAMS 0x0000000087d00000, 0x0000000087d00000| Untracked 
|  46|0x0000000087e00000, 0x0000000087e00000, 0x0000000087f00000|  0%| F|  |TAMS 0x0000000087e00000, 0x0000000087e00000| Untracked 
|  47|0x0000000087f00000, 0x0000000087f00000, 0x0000000088000000|  0%| F|  |TAMS 0x0000000087f00000, 0x0000000087f00000| Untracked 
|  48|0x0000000088000000, 0x0000000088000000, 0x0000000088100000|  0%| F|  |TAMS 0x0000000088000000, 0x0000000088000000| Untracked 
|  49|0x0000000088100000, 0x0000000088100000, 0x0000000088200000|  0%| F|  |TAMS 0x0000000088100000, 0x0000000088100000| Untracked 
|  50|0x0000000088200000, 0x0000000088200000, 0x0000000088300000|  0%| F|  |TAMS 0x0000000088200000, 0x0000000088200000| Untracked 
|  51|0x0000000088300000, 0x0000000088300000, 0x0000000088400000|  0%| F|  |TAMS 0x0000000088300000, 0x0000000088300000| Untracked 
|  52|0x0000000088400000, 0x0000000088400000, 0x0000000088500000|  0%| F|  |TAMS 0x0000000088400000, 0x0000000088400000| Untracked 
|  53|0x0000000088500000, 0x0000000088500000, 0x0000000088600000|  0%| F|  |TAMS 0x0000000088500000, 0x0000000088500000| Untracked 
|  54|0x0000000088600000, 0x0000000088600000, 0x0000000088700000|  0%| F|  |TAMS 0x0000000088600000, 0x0000000088600000| Untracked 
|  55|0x0000000088700000, 0x0000000088700000, 0x0000000088800000|  0%| F|  |TAMS 0x0000000088700000, 0x0000000088700000| Untracked 
|  56|0x0000000088800000, 0x0000000088800000, 0x0000000088900000|  0%| F|  |TAMS 0x0000000088800000, 0x0000000088800000| Untracked 
|  57|0x0000000088900000, 0x0000000088900000, 0x0000000088a00000|  0%| F|  |TAMS 0x0000000088900000, 0x0000000088900000| Untracked 
|  58|0x0000000088a00000, 0x0000000088a00000, 0x0000000088b00000|  0%| F|  |TAMS 0x0000000088a00000, 0x0000000088a00000| Untracked 
|  59|0x0000000088b00000, 0x0000000088b00000, 0x0000000088c00000|  0%| F|  |TAMS 0x0000000088b00000, 0x0000000088b00000| Untracked 
|  60|0x0000000088c00000, 0x0000000088c00000, 0x0000000088d00000|  0%| F|  |TAMS 0x0000000088c00000, 0x0000000088c00000| Untracked 
|  61|0x0000000088d00000, 0x0000000088d00000, 0x0000000088e00000|  0%| F|  |TAMS 0x0000000088d00000, 0x0000000088d00000| Untracked 
|  62|0x0000000088e00000, 0x0000000088e00000, 0x0000000088f00000|  0%| F|  |TAMS 0x0000000088e00000, 0x0000000088e00000| Untracked 
|  63|0x0000000088f00000, 0x0000000088f00000, 0x0000000089000000|  0%| F|  |TAMS 0x0000000088f00000, 0x0000000088f00000| Untracked 
|  64|0x0000000089000000, 0x0000000089000000, 0x0000000089100000|  0%| F|  |TAMS 0x0000000089000000, 0x0000000089000000| Untracked 
|  65|0x0000000089100000, 0x0000000089100000, 0x0000000089200000|  0%| F|  |TAMS 0x0000000089100000, 0x0000000089100000| Untracked 
|  66|0x0000000089200000, 0x0000000089200000, 0x0000000089300000|  0%| F|  |TAMS 0x0000000089200000, 0x0000000089200000| Untracked 
|  67|0x0000000089300000, 0x0000000089300000, 0x0000000089400000|  0%| F|  |TAMS 0x0000000089300000, 0x0000000089300000| Untracked 
|  68|0x0000000089400000, 0x0000000089400000, 0x0000000089500000|  0%| F|  |TAMS 0x0000000089400000, 0x0000000089400000| Untracked 
|  69|0x0000000089500000, 0x0000000089500000, 0x0000000089600000|  0%| F|  |TAMS 0x0000000089500000, 0x0000000089500000| Untracked 
|  70|0x0000000089600000, 0x0000000089600000, 0x0000000089700000|  0%| F|  |TAMS 0x0000000089600000, 0x0000000089600000| Untracked 
|  71|0x0000000089700000, 0x0000000089700000, 0x0000000089800000|  0%| F|  |TAMS 0x0000000089700000, 0x0000000089700000| Untracked 
|  72|0x0000000089800000, 0x0000000089800000, 0x0000000089900000|  0%| F|  |TAMS 0x0000000089800000, 0x0000000089800000| Untracked 
|  73|0x0000000089900000, 0x0000000089900000, 0x0000000089a00000|  0%| F|  |TAMS 0x0000000089900000, 0x0000000089900000| Untracked 
|  74|0x0000000089a00000, 0x0000000089a00000, 0x0000000089b00000|  0%| F|  |TAMS 0x0000000089a00000, 0x0000000089a00000| Untracked 
|  75|0x0000000089b00000, 0x0000000089b00000, 0x0000000089c00000|  0%| F|  |TAMS 0x0000000089b00000, 0x0000000089b00000| Untracked 
|  76|0x0000000089c00000, 0x0000000089c00000, 0x0000000089d00000|  0%| F|  |TAMS 0x0000000089c00000, 0x0000000089c00000| Untracked 
|  77|0x0000000089d00000, 0x0000000089d00000, 0x0000000089e00000|  0%| F|  |TAMS 0x0000000089d00000, 0x0000000089d00000| Untracked 
|  78|0x0000000089e00000, 0x0000000089e00000, 0x0000000089f00000|  0%| F|  |TAMS 0x0000000089e00000, 0x0000000089e00000| Untracked 
|  79|0x0000000089f00000, 0x0000000089f00000, 0x000000008a000000|  0%| F|  |TAMS 0x0000000089f00000, 0x0000000089f00000| Untracked 
|  80|0x000000008a000000, 0x000000008a000000, 0x000000008a100000|  0%| F|  |TAMS 0x000000008a000000, 0x000000008a000000| Untracked 
|  81|0x000000008a100000, 0x000000008a100000, 0x000000008a200000|  0%| F|  |TAMS 0x000000008a100000, 0x000000008a100000| Untracked 
|  82|0x000000008a200000, 0x000000008a200000, 0x000000008a300000|  0%| F|  |TAMS 0x000000008a200000, 0x000000008a200000| Untracked 
|  83|0x000000008a300000, 0x000000008a300000, 0x000000008a400000|  0%| F|  |TAMS 0x000000008a300000, 0x000000008a300000| Untracked 
|  84|0x000000008a400000, 0x000000008a400000, 0x000000008a500000|  0%| F|  |TAMS 0x000000008a400000, 0x000000008a400000| Untracked 
|  85|0x000000008a500000, 0x000000008a500000, 0x000000008a600000|  0%| F|  |TAMS 0x000000008a500000, 0x000000008a500000| Untracked 
|  86|0x000000008a600000, 0x000000008a600000, 0x000000008a700000|  0%| F|  |TAMS 0x000000008a600000, 0x000000008a600000| Untracked 
|  87|0x000000008a700000, 0x000000008a700000, 0x000000008a800000|  0%| F|  |TAMS 0x000000008a700000, 0x000000008a700000| Untracked 
|  88|0x000000008a800000, 0x000000008a800000, 0x000000008a900000|  0%| F|  |TAMS 0x000000008a800000, 0x000000008a800000| Untracked 
|  89|0x000000008a900000, 0x000000008a900000, 0x000000008aa00000|  0%| F|  |TAMS 0x000000008a900000, 0x000000008a900000| Untracked 
|  90|0x000000008aa00000, 0x000000008aa00000, 0x000000008ab00000|  0%| F|  |TAMS 0x000000008aa00000, 0x000000008aa00000| Untracked 
|  91|0x000000008ab00000, 0x000000008ab00000, 0x000000008ac00000|  0%| F|  |TAMS 0x000000008ab00000, 0x000000008ab00000| Untracked 
|  92|0x000000008ac00000, 0x000000008ac00000, 0x000000008ad00000|  0%| F|  |TAMS 0x000000008ac00000, 0x000000008ac00000| Untracked 
|  93|0x000000008ad00000, 0x000000008ad00000, 0x000000008ae00000|  0%| F|  |TAMS 0x000000008ad00000, 0x000000008ad00000| Untracked 
|  94|0x000000008ae00000, 0x000000008ae00000, 0x000000008af00000|  0%| F|  |TAMS 0x000000008ae00000, 0x000000008ae00000| Untracked 
|  95|0x000000008af00000, 0x000000008af00000, 0x000000008b000000|  0%| F|  |TAMS 0x000000008af00000, 0x000000008af00000| Untracked 
|  96|0x000000008b000000, 0x000000008b000000, 0x000000008b100000|  0%| F|  |TAMS 0x000000008b000000, 0x000000008b000000| Untracked 
|  97|0x000000008b100000, 0x000000008b100000, 0x000000008b200000|  0%| F|  |TAMS 0x000000008b100000, 0x000000008b100000| Untracked 
|  98|0x000000008b200000, 0x000000008b200000, 0x000000008b300000|  0%| F|  |TAMS 0x000000008b200000, 0x000000008b200000| Untracked 
|  99|0x000000008b300000, 0x000000008b300000, 0x000000008b400000|  0%| F|  |TAMS 0x000000008b300000, 0x000000008b300000| Untracked 
| 100|0x000000008b400000, 0x000000008b400000, 0x000000008b500000|  0%| F|  |TAMS 0x000000008b400000, 0x000000008b400000| Untracked 
| 101|0x000000008b500000, 0x000000008b500000, 0x000000008b600000|  0%| F|  |TAMS 0x000000008b500000, 0x000000008b500000| Untracked 
| 102|0x000000008b600000, 0x000000008b600000, 0x000000008b700000|  0%| F|  |TAMS 0x000000008b600000, 0x000000008b600000| Untracked 
| 103|0x000000008b700000, 0x000000008b700000, 0x000000008b800000|  0%| F|  |TAMS 0x000000008b700000, 0x000000008b700000| Untracked 
| 104|0x000000008b800000, 0x000000008b800000, 0x000000008b900000|  0%| F|  |TAMS 0x000000008b800000, 0x000000008b800000| Untracked 
| 105|0x000000008b900000, 0x000000008b900000, 0x000000008ba00000|  0%| F|  |TAMS 0x000000008b900000, 0x000000008b900000| Untracked 
| 106|0x000000008ba00000, 0x000000008ba00000, 0x000000008bb00000|  0%| F|  |TAMS 0x000000008ba00000, 0x000000008ba00000| Untracked 
| 107|0x000000008bb00000, 0x000000008bb00000, 0x000000008bc00000|  0%| F|  |TAMS 0x000000008bb00000, 0x000000008bb00000| Untracked 
| 108|0x000000008bc00000, 0x000000008bc00000, 0x000000008bd00000|  0%| F|  |TAMS 0x000000008bc00000, 0x000000008bc00000| Untracked 
| 109|0x000000008bd00000, 0x000000008bd00000, 0x000000008be00000|  0%| F|  |TAMS 0x000000008bd00000, 0x000000008bd00000| Untracked 
| 110|0x000000008be00000, 0x000000008be00000, 0x000000008bf00000|  0%| F|  |TAMS 0x000000008be00000, 0x000000008be00000| Untracked 
| 111|0x000000008bf00000, 0x000000008bfec078, 0x000000008c000000| 92%| E|  |TAMS 0x000000008bf00000, 0x000000008bf00000| Complete 
| 112|0x000000008c000000, 0x000000008c100000, 0x000000008c100000|100%| E|CS|TAMS 0x000000008c000000, 0x000000008c000000| Complete 
| 113|0x000000008c100000, 0x000000008c200000, 0x000000008c200000|100%| E|CS|TAMS 0x000000008c100000, 0x000000008c100000| Complete 
| 114|0x000000008c200000, 0x000000008c300000, 0x000000008c300000|100%| E|CS|TAMS 0x000000008c200000, 0x000000008c200000| Complete 
| 115|0x000000008c300000, 0x000000008c400000, 0x000000008c400000|100%| E|CS|TAMS 0x000000008c300000, 0x000000008c300000| Complete 
| 116|0x000000008c400000, 0x000000008c500000, 0x000000008c500000|100%| E|CS|TAMS 0x000000008c400000, 0x000000008c400000| Complete 
| 117|0x000000008c500000, 0x000000008c600000, 0x000000008c600000|100%| E|CS|TAMS 0x000000008c500000, 0x000000008c500000| Complete 
| 118|0x000000008c600000, 0x000000008c700000, 0x000000008c700000|100%| E|CS|TAMS 0x000000008c600000, 0x000000008c600000| Complete 
| 119|0x000000008c700000, 0x000000008c800000, 0x000000008c800000|100%| E|CS|TAMS 0x000000008c700000, 0x000000008c700000| Complete 
| 120|0x000000008c800000, 0x000000008c900000, 0x000000008c900000|100%| E|CS|TAMS 0x000000008c800000, 0x000000008c800000| Complete 
| 121|0x000000008c900000, 0x000000008ca00000, 0x000000008ca00000|100%| E|CS|TAMS 0x000000008c900000, 0x000000008c900000| Complete 
| 122|0x000000008ca00000, 0x000000008cb00000, 0x000000008cb00000|100%| E|CS|TAMS 0x000000008ca00000, 0x000000008ca00000| Complete 
| 123|0x000000008cb00000, 0x000000008cc00000, 0x000000008cc00000|100%| E|CS|TAMS 0x000000008cb00000, 0x000000008cb00000| Complete 

Card table byte_map: [0x0000022053bf0000,0x0000022053fd0000] _byte_map_base: 0x00000220537c8000

Marking Bits (Prev, Next): (CMBitMap*) 0x000002203c2e4570, (CMBitMap*) 0x000002203c2e45b0
 Prev Bits: [0x00000220543b0000, 0x0000022056270000)
 Next Bits: [0x0000022056270000, 0x0000022058130000)

Polling page: 0x000002203a260000

Metaspace:

Usage:
  Non-class:     10.58 MB capacity,    10.43 MB ( 99%) used,   130.01 KB (  1%) free+waste,    16.94 KB ( <1%) overhead. 
      Class:      1.40 MB capacity,     1.32 MB ( 94%) used,    78.05 KB (  5%) free+waste,     6.94 KB ( <1%) overhead. 
       Both:     11.98 MB capacity,    11.75 MB ( 98%) used,   208.06 KB (  2%) free+waste,    23.88 KB ( <1%) overhead. 

Virtual space:
  Non-class space:       12.00 MB reserved,      10.75 MB ( 90%) committed 
      Class space:        1.00 GB reserved,       1.50 MB ( <1%) committed 
             Both:        1.01 GB reserved,      12.25 MB (  1%) committed 

Chunk freelists:
   Non-Class:  49.00 KB
       Class:  8.00 KB
        Both:  57.00 KB

MaxMetaspaceSize: 17179869184.00 GB
CompressedClassSpaceSize: 1.00 GB

CodeHeap 'non-profiled nmethods': size=120000Kb used=326Kb max_used=326Kb free=119673Kb
 bounds [0x000002204bfb0000, 0x000002204c220000, 0x00000220534e0000]
CodeHeap 'profiled nmethods': size=120000Kb used=1614Kb max_used=1614Kb free=118385Kb
 bounds [0x0000022044a80000, 0x0000022044cf0000, 0x000002204bfb0000]
CodeHeap 'non-nmethods': size=5760Kb used=1340Kb max_used=1355Kb free=4420Kb
 bounds [0x00000220444e0000, 0x0000022044750000, 0x0000022044a80000]
 total_blobs=1734 nmethods=1101 adapters=546
 compilation: enabled
              stopped_count=0, restarted_count=0
 full_count=0

Compilation events (20 events):
Event: 7.621 Thread 0x000002205ab70a50 1093       3       java.lang.Long::hashCode (8 bytes)
Event: 7.621 Thread 0x000002205ab70a50 nmethod 1093 0x0000022044c11510 code [0x0000022044c116a0, 0x0000022044c11798]
Event: 7.621 Thread 0x000002205ab70a50 1094       1       java.lang.Thread::getId (5 bytes)
Event: 7.621 Thread 0x000002205ab70a50 nmethod 1094 0x000002204c000c10 code [0x000002204c000da0, 0x000002204c000e58]
Event: 7.763 Thread 0x000002205ab70a50 1095       3       java.lang.Long::valueOf (40 bytes)
Event: 7.764 Thread 0x000002205ab70a50 nmethod 1095 0x0000022044c11810 code [0x0000022044c119c0, 0x0000022044c11cf8]
Event: 8.000 Thread 0x000002205ab70a50 1098       3       jdk.internal.util.ArraysSupport::mismatch (72 bytes)
Event: 8.000 Thread 0x000002205ab83230 1096       4       java.lang.Long::hashCode (8 bytes)
Event: 8.001 Thread 0x000002205ab83230 nmethod 1096 0x000002204c000f10 code [0x000002204c001080, 0x000002204c0010d8]
Event: 8.001 Thread 0x000002205ab70a50 nmethod 1098 0x0000022044c11e90 code [0x0000022044c12060, 0x0000022044c12418]
Event: 8.001 Thread 0x000002205ab70a50 1097       3       java.util.Arrays::equals (43 bytes)
Event: 8.001 Thread 0x000002205ab70a50 nmethod 1097 0x0000022044c12610 code [0x0000022044c127c0, 0x0000022044c12a68]
Event: 8.268 Thread 0x000002205ab70a50 1099       3       org.netbeans.lib.profiler.server.ProfilerRuntimeSampler$Sampling::writeThreadInfoNoChange (86 bytes)
Event: 8.268 Thread 0x000002205ab70a50 nmethod 1099 0x0000022044c12b90 code [0x0000022044c12d60, 0x0000022044c13068]
Event: 8.383 Thread 0x000002205ab83230 1100       4       java.util.HashMap::get (19 bytes)
Event: 8.389 Thread 0x000002205ab83230 nmethod 1100 0x000002204c001210 code [0x000002204c0013a0, 0x000002204c001678]
Event: 8.415 Thread 0x000002205ab70a50 1101       3       java.util.Objects::checkFromIndexSize (8 bytes)
Event: 8.416 Thread 0x000002205ab70a50 nmethod 1101 0x0000022044c13210 code [0x0000022044c133c0, 0x0000022044c135c8]
Event: 8.416 Thread 0x000002205ab70a50 1102       3       jdk.internal.util.Preconditions::checkFromIndexSize (25 bytes)
Event: 8.416 Thread 0x000002205ab70a50 nmethod 1102 0x0000022044c13710 code [0x0000022044c138c0, 0x0000022044c13a68]

GC Heap History (0 events):
No events

Deoptimization events (20 events):
Event: 1.363 Thread 0x000002205c01e2a0 Uncommon trap: trap_request=0xffffffde fr.pc=0x000002204bff0da4 relative=0x00000000000007a4
Event: 1.363 Thread 0x000002205c01e2a0 Uncommon trap: reason=class_check action=maybe_recompile pc=0x000002204bff0da4 method=java.util.HashMap.putVal(ILjava/lang/Object;Ljava/lang/Object;ZZ)Ljava/lang/Object; @ 203 c2
Event: 1.363 Thread 0x000002205c01e2a0 DEOPT PACKING pc=0x000002204bff0da4 sp=0x000000bf14ffe0f0
Event: 1.363 Thread 0x000002205c01e2a0 DEOPT UNPACKING pc=0x00000220444e852f sp=0x000000bf14ffe070 mode 2
Event: 1.363 Thread 0x000002205c01e2a0 Uncommon trap: trap_request=0xffffffde fr.pc=0x000002204bff0d70 relative=0x0000000000000770
Event: 1.363 Thread 0x000002205c01e2a0 Uncommon trap: reason=class_check action=maybe_recompile pc=0x000002204bff0d70 method=java.util.HashMap.putVal(ILjava/lang/Object;Ljava/lang/Object;ZZ)Ljava/lang/Object; @ 91 c2
Event: 1.363 Thread 0x000002205c01e2a0 DEOPT PACKING pc=0x000002204bff0d70 sp=0x000000bf14ffe0f0
Event: 1.363 Thread 0x000002205c01e2a0 DEOPT UNPACKING pc=0x00000220444e852f sp=0x000000bf14ffe070 mode 2
Event: 1.363 Thread 0x000002205c01e2a0 Uncommon trap: trap_request=0xffffffde fr.pc=0x000002204bff0da4 relative=0x00000000000007a4
Event: 1.363 Thread 0x000002205c01e2a0 Uncommon trap: reason=class_check action=maybe_recompile pc=0x000002204bff0da4 method=java.util.HashMap.putVal(ILjava/lang/Object;Ljava/lang/Object;ZZ)Ljava/lang/Object; @ 203 c2
Event: 1.363 Thread 0x000002205c01e2a0 DEOPT PACKING pc=0x000002204bff0da4 sp=0x000000bf14ffe0f0
Event: 1.363 Thread 0x000002205c01e2a0 DEOPT UNPACKING pc=0x00000220444e852f sp=0x000000bf14ffe070 mode 2
Event: 1.363 Thread 0x000002205c01e2a0 Uncommon trap: trap_request=0xffffffde fr.pc=0x000002204bff0da4 relative=0x00000000000007a4
Event: 1.363 Thread 0x000002205c01e2a0 Uncommon trap: reason=class_check action=maybe_recompile pc=0x000002204bff0da4 method=java.util.HashMap.putVal(ILjava/lang/Object;Ljava/lang/Object;ZZ)Ljava/lang/Object; @ 203 c2
Event: 1.363 Thread 0x000002205c01e2a0 DEOPT PACKING pc=0x000002204bff0da4 sp=0x000000bf14ffe0f0
Event: 1.363 Thread 0x000002205c01e2a0 DEOPT UNPACKING pc=0x00000220444e852f sp=0x000000bf14ffe070 mode 2
Event: 1.387 Thread 0x000002203c2a2f50 Uncommon trap: trap_request=0xffffff45 fr.pc=0x000002204bfbfbe8 relative=0x00000000000002e8
Event: 1.387 Thread 0x000002203c2a2f50 Uncommon trap: reason=unstable_if action=reinterpret pc=0x000002204bfbfbe8 method=java.lang.StringUTF16.compress([CI[BII)I @ 20 c2
Event: 1.387 Thread 0x000002203c2a2f50 DEOPT PACKING pc=0x000002204bfbfbe8 sp=0x000000bf138fd470
Event: 1.387 Thread 0x000002203c2a2f50 DEOPT UNPACKING pc=0x00000220444e852f sp=0x000000bf138fd3f0 mode 2

Classes unloaded (0 events):
No events

Classes redefined (0 events):
No events

Internal exceptions (20 events):
Event: 0.098 Thread 0x000002205b637b20 Exception <a 'java/lang/NoSuchMethodError'{0x000000008c90eab0}: 'void java.lang.invoke.DirectMethodHandle$Holder.invokeStatic(java.lang.Object, java.lang.Object)'> (0x000000008c90eab0) 
thrown [./open/src/hotspot/share/interpreter/linkResolver.cpp, line 782]
Event: 0.528 Thread 0x000002203c2a2f50 Exception <a 'java/lang/NoSuchMethodError'{0x000000008cad8e50}: 'java.lang.Object java.lang.invoke.DirectMethodHandle$Holder.invokeStaticInit(java.lang.Object, java.lang.Object, java.lang.Object)'> (0x000000008cad8e50) 
thrown [./open/src/hotspot/share/interpreter/linkResolver.cpp, line 782]
Event: 0.539 Thread 0x000002203c2a2f50 Exception <a 'java/lang/NoSuchMethodError'{0x000000008c807680}: 'int java.lang.invoke.DirectMethodHandle$Holder.invokeSpecial(java.lang.Object, java.lang.Object, java.lang.Object)'> (0x000000008c807680) 
thrown [./open/src/hotspot/share/interpreter/linkResolver.cpp, line 782]
Event: 0.553 Thread 0x000002203c2a2f50 Exception <a 'java/lang/NoSuchMethodError'{0x000000008c81c590}: 'int java.lang.invoke.DirectMethodHandle$Holder.invokeInterface(java.lang.Object, java.lang.Object)'> (0x000000008c81c590) 
thrown [./open/src/hotspot/share/interpreter/linkResolver.cpp, line 782]
Event: 0.553 Thread 0x000002203c2a2f50 Exception <a 'java/lang/IncompatibleClassChangeError'{0x000000008c81fd88}: Found class java.lang.Object, but interface was expected> (0x000000008c81fd88) 
thrown [./open/src/hotspot/share/interpreter/linkResolver.cpp, line 848]
Event: 0.630 Thread 0x000002203c2a2f50 Exception <a 'java/lang/NoSuchMethodError'{0x000000008c7b1580}: 'void java.lang.invoke.DirectMethodHandle$Holder.invokeStatic(java.lang.Object, java.lang.Object, java.lang.Object)'> (0x000000008c7b1580) 
thrown [./open/src/hotspot/share/interpreter/linkResolver.cpp, line 782]
Event: 0.643 Thread 0x000002205b637b20 Exception <a 'java/lang/VerifyError'{0x000000008c9d1148}: Stack map does not match the one at exception handler 21
Exception Details:
  Location:
    org/netbeans/lib/profiler/ConstructorTest.<init>()V @21: astore_1
  Reason:
    Current frame's flags are not assignable to stack map frame's.
  Current Frame:
    bci: @0
    flags: { flagThisUninit }
    locals: { uninitializedThis }
    stack: { 'java/lang/Throwable' }
  Stackmap Frame:
    bci: @21
    flags: { }
    locals: { top }
    stack: { 'java/lan
Event: 0.868 Thread 0x000002205b637b20 Exception <a 'java/lang/NoSuchMethodError'{0x000000008c6ed600}: 'void java.lang.invoke.DirectMethodHandle$Holder.invokeStaticInit(java.lang.Object, java.lang.Object)'> (0x000000008c6ed600) 
thrown [./open/src/hotspot/share/interpreter/linkResolver.cpp, line 782]
Event: 0.882 Thread 0x000002205b637b20 Exception <a 'java/lang/NoSuchMethodError'{0x000000008c51aa20}: 'java.lang.Object java.lang.invoke.DirectMethodHandle$Holder.invokeStaticInit(java.lang.Object, int, int, int, int)'> (0x000000008c51aa20) 
thrown [./open/src/hotspot/share/interpreter/linkResolver.cpp, line 782]
Event: 0.925 Thread 0x000002205b637b20 Exception <a 'java/lang/NoSuchMethodError'{0x000000008c583c18}: 'java.lang.Object java.lang.invoke.DirectMethodHandle$Holder.invokeStaticInit(java.lang.Object, java.lang.Object, int, int, int, int)'> (0x000000008c583c18) 
thrown [./open/src/hotspot/share/interpreter/linkResolver.cpp, line 782]
Event: 0.933 Thread 0x000002205b637b20 Exception <a 'java/lang/NoSuchMethodError'{0x000000008c58eb28}: 'java.lang.Object java.lang.invoke.Invokers$Holder.invoke_MT(java.lang.Object, java.lang.Object, java.lang.Object)'> (0x000000008c58eb28) 
thrown [./open/src/hotspot/share/interpreter/linkResolver.cpp, line 782]
Event: 1.180 Thread 0x000002203c2a2f50 Exception <a 'java/lang/ClassNotFoundException'{0x000000008c61cf88}: sun/awt/resources/spi/awtProvider> (0x000000008c61cf88) 
thrown [./open/src/hotspot/share/classfile/systemDictionary.cpp, line 295]
Event: 1.189 Thread 0x000002203c2a2f50 Exception <a 'java/io/FileNotFoundException'{0x000000008c62c2d0}> (0x000000008c62c2d0) 
thrown [./open/src/hotspot/share/prims/jni.cpp, line 578]
Event: 1.200 Thread 0x000002203c2a2f50 Exception <a 'java/io/FileNotFoundException'{0x000000008c65aa98}> (0x000000008c65aa98) 
thrown [./open/src/hotspot/share/prims/jni.cpp, line 578]
Event: 1.305 Thread 0x000002203c2a2f50 Exception <a 'java/lang/NoSuchMethodError'{0x000000008c4f5188}: 'java.lang.Object java.lang.invoke.DirectMethodHandle$Holder.newInvokeSpecial(java.lang.Object, java.lang.Object, java.lang.Object, java.lang.Object, java.lang.Object)'> (0x000000008c4f5188) 
thrown [./open/src/hotspot/share/interpreter/linkResolver.cpp, line 782]
Event: 1.306 Thread 0x000002203c2a2f50 Exception <a 'java/lang/NoSuchMethodError'{0x000000008c300dd8}: 'java.lang.Object java.lang.invoke.DirectMethodHandle$Holder.invokeStatic(java.lang.Object, int, java.lang.Object, java.lang.Object, java.lang.Object, java.lang.Object)'> (0x000000008c300dd8) 
thrown [./open/src/hotspot/share/interpreter/linkResolver.cpp, line 782]
Event: 1.309 Thread 0x000002203c2a2f50 Exception <a 'java/lang/NoSuchMethodError'{0x000000008c327098}: 'java.lang.Object java.lang.invoke.DirectMethodHandle$Holder.invokeStatic(java.lang.Object, int, java.lang.Object)'> (0x000000008c327098) 
thrown [./open/src/hotspot/share/interpreter/linkResolver.cpp, line 782]
Event: 1.326 Thread 0x000002203c2a2f50 Exception <a 'java/lang/ClassNotFoundException'{0x000000008c3e34f0}: com/sun/swing/internal/plaf/metal/resources/spi/metalProvider> (0x000000008c3e34f0) 
thrown [./open/src/hotspot/share/classfile/systemDictionary.cpp, line 295]
Event: 1.327 Thread 0x000002203c2a2f50 Exception <a 'java/lang/ClassNotFoundException'{0x000000008c3e7780}: com/sun/swing/internal/plaf/basic/resources/spi/basicProvider> (0x000000008c3e7780) 
thrown [./open/src/hotspot/share/classfile/systemDictionary.cpp, line 295]
Event: 1.377 Thread 0x000002203c2a2f50 Exception <a 'java/lang/NoSuchMethodError'{0x000000008c254ba8}: 'void java.lang.invoke.DirectMethodHandle$Holder.invokeStaticInit(java.lang.Object)'> (0x000000008c254ba8) 
thrown [./open/src/hotspot/share/interpreter/linkResolver.cpp, line 782]

Events (20 events):
Event: 8.313 Executing VM operation: GetAllStackTraces
Event: 8.314 Executing VM operation: GetAllStackTraces done
Event: 8.328 Executing VM operation: GetAllStackTraces
Event: 8.329 Executing VM operation: GetAllStackTraces done
Event: 8.350 Executing VM operation: GetAllStackTraces
Event: 8.351 Executing VM operation: GetAllStackTraces done
Event: 8.366 Executing VM operation: GetAllStackTraces
Event: 8.367 Executing VM operation: GetAllStackTraces done
Event: 8.382 Executing VM operation: GetAllStackTraces
Event: 8.382 Executing VM operation: GetAllStackTraces done
Event: 8.399 Executing VM operation: GetAllStackTraces
Event: 8.399 Executing VM operation: GetAllStackTraces done
Event: 8.414 Executing VM operation: GetAllStackTraces
Event: 8.415 Executing VM operation: GetAllStackTraces done
Event: 8.416 loading class org/netbeans/lib/profiler/wireprotocol/EventBufferDumpedCommand
Event: 8.416 loading class org/netbeans/lib/profiler/wireprotocol/EventBufferDumpedCommand done
Event: 8.428 loading class org/netbeans/lib/profiler/wireprotocol/DumpResultsResponse
Event: 8.428 loading class org/netbeans/lib/profiler/wireprotocol/DumpResultsResponse done
Event: 8.429 loading class org/netbeans/lib/profiler/wireprotocol/GetMethodNamesForJMethodIdsCommand
Event: 8.429 loading class org/netbeans/lib/profiler/wireprotocol/GetMethodNamesForJMethodIdsCommand done


Dynamic libraries:
0x00007ff674080000 - 0x00007ff67408f000 	C:\Program Files\Java\jdk-15.0.2\bin\java.exe
0x00007ffc7cd10000 - 0x00007ffc7cf05000 	C:\Windows\SYSTEM32\ntdll.dll
0x00007ffc7b780000 - 0x00007ffc7b83d000 	C:\Windows\System32\KERNEL32.DLL
0x00007ffc7a700000 - 0x00007ffc7a9c8000 	C:\Windows\System32\KERNELBASE.dll
0x00007ffc7a4a0000 - 0x00007ffc7a5a0000 	C:\Windows\System32\ucrtbase.dll
0x00007ffc6a6d0000 - 0x00007ffc6a6e9000 	C:\Program Files\Java\jdk-15.0.2\bin\VCRUNTIME140.dll
0x00007ffc71fb0000 - 0x00007ffc71fc8000 	C:\Program Files\Java\jdk-15.0.2\bin\jli.dll
0x00007ffc7aea0000 - 0x00007ffc7af4c000 	C:\Windows\System32\ADVAPI32.dll
0x00007ffc7c180000 - 0x00007ffc7c21e000 	C:\Windows\System32\msvcrt.dll
0x00007ffc7c390000 - 0x00007ffc7c42b000 	C:\Windows\System32\sechost.dll
0x00007ffc7bb40000 - 0x00007ffc7bc6b000 	C:\Windows\System32\RPCRT4.dll
0x00007ffc7b160000 - 0x00007ffc7b300000 	C:\Windows\System32\USER32.dll
0x00007ffc7a9d0000 - 0x00007ffc7a9f2000 	C:\Windows\System32\win32u.dll
0x00007ffc64320000 - 0x00007ffc645ba000 	C:\Windows\WinSxS\amd64_microsoft.windows.common-controls_6595b64144ccf1df_6.0.19041.844_none_ca00b6081b84eb1d\COMCTL32.dll
0x00007ffc7c150000 - 0x00007ffc7c17a000 	C:\Windows\System32\GDI32.dll
0x00007ffc7ab50000 - 0x00007ffc7ac5b000 	C:\Windows\System32\gdi32full.dll
0x00007ffc7aa00000 - 0x00007ffc7aa9d000 	C:\Windows\System32\msvcp_win.dll
0x00007ffc71450000 - 0x00007ffc7145a000 	C:\Windows\SYSTEM32\VERSION.dll
0x00007ffc7c360000 - 0x00007ffc7c390000 	C:\Windows\System32\IMM32.DLL
0x00007ffc74100000 - 0x00007ffc7410c000 	C:\Program Files\Java\jdk-15.0.2\bin\vcruntime140_1.dll
0x00007ffc3d550000 - 0x00007ffc3d5e1000 	C:\Program Files\Java\jdk-15.0.2\bin\msvcp140.dll
0x00007ffc1dd60000 - 0x00007ffc1e8be000 	C:\Program Files\Java\jdk-15.0.2\bin\server\jvm.dll
0x00007ffc7ccc0000 - 0x00007ffc7ccc8000 	C:\Windows\System32\PSAPI.DLL
0x00007ffc755e0000 - 0x00007ffc755e9000 	C:\Windows\SYSTEM32\WSOCK32.dll
0x00007ffc7bc70000 - 0x00007ffc7bcdb000 	C:\Windows\System32\WS2_32.dll
0x00007ffc62d00000 - 0x00007ffc62d27000 	C:\Windows\SYSTEM32\WINMM.dll
0x00007ffc78d20000 - 0x00007ffc78d32000 	C:\Windows\SYSTEM32\kernel.appcore.dll
0x00007ffc716b0000 - 0x00007ffc716ba000 	C:\Program Files\Java\jdk-15.0.2\bin\jimage.dll
0x00007ffc78a30000 - 0x00007ffc78c14000 	C:\Windows\SYSTEM32\DBGHELP.DLL
0x00007ffc5dc20000 - 0x00007ffc5dc4c000 	C:\Windows\SYSTEM32\dbgcore.DLL
0x00007ffc7ac60000 - 0x00007ffc7ace0000 	C:\Windows\System32\bcryptPrimitives.dll
0x00007ffc76e20000 - 0x00007ffc76e2f000 	C:\Program Files\NetBeans-12.2\netbeans\profiler\lib\deployed\jdk16\windows-amd64\profilerinterface.dll
0x00007ffc69ac0000 - 0x00007ffc69ae5000 	C:\Program Files\Java\jdk-15.0.2\bin\java.dll
0x00007ffc64a80000 - 0x00007ffc64a98000 	C:\Program Files\Java\jdk-15.0.2\bin\zip.dll
0x00007ffc7c4b0000 - 0x00007ffc7cbf2000 	C:\Windows\System32\SHELL32.dll
0x00007ffc781d0000 - 0x00007ffc78960000 	C:\Windows\SYSTEM32\windows.storage.dll
0x00007ffc7b300000 - 0x00007ffc7b655000 	C:\Windows\System32\combase.dll
0x00007ffc79ec0000 - 0x00007ffc79eec000 	C:\Windows\SYSTEM32\Wldp.dll
0x00007ffc7ba80000 - 0x00007ffc7bb2e000 	C:\Windows\System32\SHCORE.dll
0x00007ffc7cc60000 - 0x00007ffc7ccb5000 	C:\Windows\System32\shlwapi.dll
0x00007ffc7a390000 - 0x00007ffc7a3af000 	C:\Windows\SYSTEM32\profapi.dll
0x00007ffc64ac0000 - 0x00007ffc64ad9000 	C:\Program Files\Java\jdk-15.0.2\bin\net.dll
0x00007ffc742f0000 - 0x00007ffc743fb000 	C:\Windows\SYSTEM32\WINHTTP.dll
0x00007ffc79bc0000 - 0x00007ffc79c2a000 	C:\Windows\system32\mswsock.dll
0x00007ffc64aa0000 - 0x00007ffc64ab2000 	C:\Program Files\Java\jdk-15.0.2\bin\nio.dll
0x00007ffc6a6c0000 - 0x00007ffc6a6c9000 	C:\Program Files\Java\jdk-15.0.2\bin\management.dll
0x00007ffc68820000 - 0x00007ffc6882b000 	C:\Program Files\Java\jdk-15.0.2\bin\management_ext.dll
0x00007ffc79da0000 - 0x00007ffc79db8000 	C:\Windows\SYSTEM32\CRYPTSP.dll
0x00007ffc79560000 - 0x00007ffc79594000 	C:\Windows\system32\rsaenh.dll
0x00007ffc7ace0000 - 0x00007ffc7ad07000 	C:\Windows\System32\bcrypt.dll
0x00007ffc7a310000 - 0x00007ffc7a33e000 	C:\Windows\SYSTEM32\USERENV.dll
0x00007ffc79d90000 - 0x00007ffc79d9c000 	C:\Windows\SYSTEM32\CRYPTBASE.dll
0x00007ffc798b0000 - 0x00007ffc798eb000 	C:\Windows\SYSTEM32\IPHLPAPI.DLL
0x00007ffc7bb30000 - 0x00007ffc7bb38000 	C:\Windows\System32\NSI.dll
0x00007ffc71410000 - 0x00007ffc71427000 	C:\Windows\SYSTEM32\dhcpcsvc6.DLL
0x00007ffc71890000 - 0x00007ffc718ad000 	C:\Windows\SYSTEM32\dhcpcsvc.DLL
0x00007ffc798f0000 - 0x00007ffc799bc000 	C:\Windows\SYSTEM32\DNSAPI.dll
0x00007ffc32ae0000 - 0x00007ffc32c60000 	C:\Program Files\Java\jdk-15.0.2\bin\awt.dll
0x00007ffc7b9b0000 - 0x00007ffc7ba7d000 	C:\Windows\System32\OLEAUT32.dll
0x00007ffc77930000 - 0x00007ffc779c0000 	C:\Windows\SYSTEM32\apphelp.dll
0x00007ffc77ce0000 - 0x00007ffc77d0f000 	C:\Windows\system32\DWMAPI.DLL
0x00007ffc77af0000 - 0x00007ffc77b8e000 	C:\Windows\system32\uxtheme.dll
0x00007ffc6ac50000 - 0x00007ffc6ad76000 	C:\Windows\system32\opengl32.dll
0x00007ffc717d0000 - 0x00007ffc717fc000 	C:\Windows\SYSTEM32\GLU32.dll
0x00007ffc7b660000 - 0x00007ffc7b775000 	C:\Windows\System32\MSCTF.dll
0x00007ffc7c220000 - 0x00007ffc7c34a000 	C:\Windows\System32\ole32.dll
0x00007ffc61ca0000 - 0x00007ffc61d25000 	C:\Program Files\Java\jdk-15.0.2\bin\freetype.dll
0x00007ffc3a310000 - 0x00007ffc3a3b9000 	C:\Program Files\Java\jdk-15.0.2\bin\fontmanager.dll
0x00007ffc7ad70000 - 0x00007ffc7ae19000 	C:\Windows\System32\clbcatq.dll
0x00007ffc749a0000 - 0x00007ffc74b54000 	C:\Windows\SYSTEM32\WindowsCodecs.dll
0x00007ffc69560000 - 0x00007ffc6959e000 	C:\Windows\system32\dataexchange.dll
0x00007ffc76520000 - 0x00007ffc76784000 	C:\Windows\system32\d3d11.dll
0x00007ffc76e30000 - 0x00007ffc77015000 	C:\Windows\system32\dcomp.dll
0x00007ffc78d90000 - 0x00007ffc78e84000 	C:\Windows\system32\dxgi.dll
0x00007ffc73e00000 - 0x00007ffc74001000 	C:\Windows\system32\twinapi.appcore.dll
0x00007ffc63af0000 - 0x00007ffc63be9000 	C:\Windows\SYSTEM32\textinputframework.dll
0x00007ffc77700000 - 0x00007ffc777f2000 	C:\Windows\System32\CoreMessaging.dll
0x00007ffc77020000 - 0x00007ffc7737e000 	C:\Windows\System32\CoreUIComponents.dll
0x00007ffc79190000 - 0x00007ffc791c3000 	C:\Windows\SYSTEM32\ntmarta.dll
0x00007ffc75f60000 - 0x00007ffc760b4000 	C:\Windows\SYSTEM32\wintypes.dll

dbghelp: loaded successfully - version: 4.0.5 - missing functions: none
symbol engine: initialized successfully - sym options: 0x614 - pdb path: .;C:\Program Files\Java\jdk-15.0.2\bin;C:\Windows\SYSTEM32;C:\Windows\WinSxS\amd64_microsoft.windows.common-controls_6595b64144ccf1df_6.0.19041.844_none_ca00b6081b84eb1d;C:\Program Files\Java\jdk-15.0.2\bin\server;C:\Program Files\NetBeans-12.2\netbeans\profiler\lib\deployed\jdk16\windows-amd64

VM Arguments:
jvm_args: -Dfile.encoding=UTF-8 -agentpath:C:/Program Files/NetBeans-12.2/netbeans/profiler/lib/deployed/jdk16/windows-amd64/profilerinterface.dll=C:\Program Files\NetBeans-12.2\netbeans\profiler\lib,5140,10 -XX:+HeapDumpOnOutOfMemoryError -XX:HeapDumpPath=C:\Users\61481\Desktop\2021-1\Assessments\Java\Skill Assessment ICTPRG527\TextEditor\nbproject\private\profiler 
java_command: texteditor.TextEditor
java_class_path (initial): C:\Users\61481\Desktop\2021-1\Assessments\Java\Skill Assessment ICTPRG527\TextEditor\jdatepicker-2.0.3.jar;C:\Users\61481\Desktop\2021-1\Assessments\Java\Skill Assessment ICTPRG527\TextEditor\jcalendar-1.4.jar;C:\Users\61481\Desktop\2021-1\Java\mysql-connector-java-5.1.49.jar;C:\Users\61481\Desktop\2021-1\Assessments\Java\Skill Assessment ICTPRG527\TextEditor\build\classes
Launcher Type: SUN_STANDARD

[Global flags]
     intx CICompilerCount                          = 4                                         {product} {ergonomic}
     uint ConcGCThreads                            = 2                                         {product} {ergonomic}
     uint G1ConcRefinementThreads                  = 8                                         {product} {ergonomic}
   size_t G1HeapRegionSize                         = 1048576                                   {product} {ergonomic}
    uintx GCDrainStackTargetSize                   = 64                                        {product} {ergonomic}
     bool HeapDumpOnOutOfMemoryError               = true                                   {manageable} {command line}
    ccstr HeapDumpPath                             = C:\Users\61481\Desktop\2021-1\Assessments\Java\Skill Assessment ICTPRG527\TextEditor\nbproject\private\profiler         {manageable} {command line}
   size_t InitialHeapSize                          = 130023424                                 {product} {ergonomic}
   size_t MarkStackSize                            = 4194304                                   {product} {ergonomic}
   size_t MaxHeapSize                              = 2063597568                                {product} {ergonomic}
   size_t MaxNewSize                               = 1237319680                                {product} {ergonomic}
   size_t MinHeapDeltaBytes                        = 1048576                                   {product} {ergonomic}
   size_t MinHeapSize                              = 8388608                                   {product} {ergonomic}
    uintx NonNMethodCodeHeapSize                   = 5839372                                {pd product} {ergonomic}
    uintx NonProfiledCodeHeapSize                  = 122909434                              {pd product} {ergonomic}
    uintx ProfiledCodeHeapSize                     = 122909434                              {pd product} {ergonomic}
    uintx ReservedCodeCacheSize                    = 251658240                              {pd product} {ergonomic}
     bool SegmentedCodeCache                       = true                                      {product} {ergonomic}
   size_t SoftMaxHeapSize                          = 2063597568                             {manageable} {ergonomic}
     bool UseCompressedClassPointers               = true                                 {lp64_product} {ergonomic}
     bool UseCompressedOops                        = true                                 {lp64_product} {ergonomic}
     bool UseG1GC                                  = true                                      {product} {ergonomic}
     bool UseLargePagesIndividualAllocation        = false                                  {pd product} {ergonomic}

Logging:
Log output configuration:
 #0: stdout all=warning uptime,level,tags
 #1: stderr all=off uptime,level,tags

Environment Variables:
PATH=C:\Program Files (x86)\Common Files\Oracle\Java\javapath;C:\Program Files\Common Files\Oracle\Java\javapath;C:\Windows\system32;C:\Windows;C:\Windows\System32\Wbem;C:\Windows\System32\WindowsPowerShell\v1.0\;C:\Windows\System32\OpenSSH\;C:\Program Files\dotnet\;C:\Program Files\Microsoft SQL Server\Client SDK\ODBC\170\Tools\Binn\;C:\Program Files (x86)\Microsoft SQL Server\150\Tools\Binn\;C:\Program Files\Microsoft SQL Server\150\Tools\Binn\;C:\Program Files\Microsoft SQL Server\150\DTS\Binn\;C:\Program Files (x86)\Microsoft SQL Server\150\DTS\Binn\;C:\Program Files\Azure Data Studio\bin;C:\Users\61481\AppData\Local\Microsoft\WindowsApps;C:\Program Files\Azure Data Studio\bin;C:\Users\61481\.dotnet\tools
USERNAME=61481
OS=Windows_NT
PROCESSOR_IDENTIFIER=Intel64 Family 6 Model 140 Stepping 1, GenuineIntel



---------------  S Y S T E M  ---------------

OS:
 Windows 10 , 64 bit Build 19041 (10.0.19041.928)
OS uptime: 5 days 0:45 hours

CPU: total 8 (initial active 8) (4 cores per cpu, 2 threads per core) family 6 model 140 stepping 1 microcode 0x60, cmov, cx8, fxsr, mmx, sse, sse2, sse3, ssse3, sse4.1, sse4.2, popcnt, vzeroupper, avx, avx2, aes, clmul, erms, 3dnowpref, lzcnt, ht, tsc, tscinvbit, bmi1, bmi2, adx, avx512f, avx512dq, avx512cd, avx512bw, avx512vl, avx512_vpopcntdq, avx512_vpclmulqdq, avx512_vbmi, avx512_vbmi2, avx512_vaes, avx512_vnni, sha, fma, clflush, clflushopt, clwb

Memory: 4k page, system-wide physical 7871M (3136M free)
TotalPageFile size 10431M (AvailPageFile size 3705M)
current process WorkingSet (physical memory assigned to process): 82M, peak: 82M
current process commit charge ("private bytes"): 237M, peak: 241M

vm_info: Java HotSpot(TM) 64-Bit Server VM (15.0.2+7-27) for windows-amd64 JRE (15.0.2+7-27), built on Dec  7 2020 20:07:01 by "mach5one" with unknown MS VC++:1925

END.
